{"C:\\Saas Application\\backend\\src\\app.controller.ts": {"path":"C:\\Saas Application\\backend\\src\\app.controller.ts","statementMap":{"0":{"start":{"line":1,"column":0},"end":{"line":1,"column":49}},"1":{"start":{"line":2,"column":0},"end":{"line":2,"column":43}},"2":{"start":{"line":5,"column":7},"end":{"line":12,"column":null}},"3":{"start":{"line":6,"column":31},"end":{"line":6,"column":43}},"4":{"start":{"line":10,"column":4},"end":{"line":10,"column":38}},"5":{"start":{"line":5,"column":13},"end":{"line":5,"column":26}},"6":{"start":{"line":9,"column":2},"end":{"line":11,"column":null}},"7":{"start":{"line":5,"column":13},"end":{"line":12,"column":null}}},"fnMap":{"0":{"name":"(anonymous_2)","decl":{"start":{"line":6,"column":2},"end":{"line":6,"column":31}},"loc":{"start":{"line":6,"column":53},"end":{"line":6,"column":57}}},"1":{"name":"(anonymous_3)","decl":{"start":{"line":9,"column":2},"end":{"line":9,"column":10}},"loc":{"start":{"line":9,"column":10},"end":{"line":11,"column":3}}}},"branchMap":{"0":{"loc":{"start":{"line":6,"column":43},"end":{"line":6,"column":56}},"type":"cond-expr","locations":[{"start":{"line":6,"column":53},"end":{"line":6,"column":56}},{"start":{"line":6,"column":53},"end":{"line":6,"column":56}}]},"1":{"loc":{"start":{"line":6,"column":43},"end":{"line":6,"column":53}},"type":"binary-expr","locations":[{"start":{"line":6,"column":43},"end":{"line":6,"column":56}},{"start":{"line":6,"column":43},"end":{"line":6,"column":53}}]}},"s":{"0":1,"1":1,"2":1,"3":1,"4":1,"5":1,"6":1,"7":1},"f":{"0":1,"1":1},"b":{"0":[1,0],"1":[1,1]}}
,"C:\\Saas Application\\backend\\src\\app.module.ts": {"path":"C:\\Saas Application\\backend\\src\\app.module.ts","statementMap":{"0":{"start":{"line":1,"column":0},"end":{"line":1,"column":40}},"1":{"start":{"line":2,"column":0},"end":{"line":2,"column":49}},"2":{"start":{"line":3,"column":0},"end":{"line":3,"column":43}},"3":{"start":{"line":4,"column":0},"end":{"line":4,"column":54}},"4":{"start":{"line":5,"column":0},"end":{"line":5,"column":54}},"5":{"start":{"line":6,"column":0},"end":{"line":6,"column":60}},"6":{"start":{"line":7,"column":0},"end":{"line":7,"column":51}},"7":{"start":{"line":8,"column":0},"end":{"line":8,"column":48}},"8":{"start":{"line":9,"column":0},"end":{"line":9,"column":48}},"9":{"start":{"line":10,"column":0},"end":{"line":10,"column":77}},"10":{"start":{"line":11,"column":0},"end":{"line":11,"column":48}},"11":{"start":{"line":12,"column":0},"end":{"line":12,"column":51}},"12":{"start":{"line":29,"column":7},"end":{"line":29,"column":null}},"13":{"start":{"line":29,"column":13},"end":{"line":29,"column":22}},"14":{"start":{"line":29,"column":13},"end":{"line":29,"column":null}}},"fnMap":{},"branchMap":{},"s":{"0":0,"1":0,"2":0,"3":0,"4":0,"5":0,"6":0,"7":0,"8":0,"9":0,"10":0,"11":0,"12":0,"13":0,"14":0},"f":{},"b":{}}
,"C:\\Saas Application\\backend\\src\\app.service.ts": {"path":"C:\\Saas Application\\backend\\src\\app.service.ts","statementMap":{"0":{"start":{"line":1,"column":0},"end":{"line":1,"column":44}},"1":{"start":{"line":4,"column":7},"end":{"line":8,"column":null}},"2":{"start":{"line":6,"column":4},"end":{"line":6,"column":26}},"3":{"start":{"line":4,"column":13},"end":{"line":4,"column":23}},"4":{"start":{"line":4,"column":13},"end":{"line":8,"column":null}}},"fnMap":{"0":{"name":"(anonymous_1)","decl":{"start":{"line":5,"column":2},"end":{"line":5,"column":10}},"loc":{"start":{"line":5,"column":10},"end":{"line":7,"column":3}}}},"branchMap":{},"s":{"0":1,"1":1,"2":1,"3":1,"4":1},"f":{"0":1},"b":{}}
,"C:\\Saas Application\\backend\\src\\main.ts": {"path":"C:\\Saas Application\\backend\\src\\main.ts","statementMap":{"0":{"start":{"line":1,"column":0},"end":{"line":1,"column":43}},"1":{"start":{"line":2,"column":0},"end":{"line":2,"column":41}},"2":{"start":{"line":3,"column":0},"end":{"line":3,"column":48}},"3":{"start":{"line":6,"column":14},"end":{"line":6,"column":49}},"4":{"start":{"line":8,"column":2},"end":{"line":14,"column":4}},"5":{"start":{"line":16,"column":2},"end":{"line":16,"column":19}},"6":{"start":{"line":18,"column":2},"end":{"line":18,"column":45}},"7":{"start":{"line":20,"column":0},"end":{"line":20,"column":17}}},"fnMap":{"0":{"name":"bootstrap","decl":{"start":{"line":5,"column":15},"end":{"line":5,"column":24}},"loc":{"start":{"line":5,"column":24},"end":{"line":19,"column":1}}}},"branchMap":{"0":{"loc":{"start":{"line":18,"column":19},"end":{"line":18,"column":43}},"type":"binary-expr","locations":[{"start":{"line":18,"column":19},"end":{"line":18,"column":35}},{"start":{"line":18,"column":39},"end":{"line":18,"column":43}}]}},"s":{"0":0,"1":0,"2":0,"3":0,"4":0,"5":0,"6":0,"7":0},"f":{"0":0},"b":{"0":[0,0]}}
,"C:\\Saas Application\\backend\\src\\tenant.controller.ts": {"path":"C:\\Saas Application\\backend\\src\\tenant.controller.ts","statementMap":{"0":{"start":{"line":1,"column":0},"end":{"line":1,"column":null}},"1":{"start":{"line":10,"column":0},"end":{"line":10,"column":49}},"2":{"start":{"line":13,"column":7},"end":{"line":40,"column":null}},"3":{"start":{"line":14,"column":31},"end":{"line":14,"column":46}},"4":{"start":{"line":18,"column":4},"end":{"line":18,"column":39}},"5":{"start":{"line":23,"column":4},"end":{"line":23,"column":40}},"6":{"start":{"line":28,"column":4},"end":{"line":28,"column":43}},"7":{"start":{"line":33,"column":4},"end":{"line":33,"column":42}},"8":{"start":{"line":38,"column":4},"end":{"line":38,"column":42}},"9":{"start":{"line":13,"column":13},"end":{"line":13,"column":29}},"10":{"start":{"line":17,"column":2},"end":{"line":19,"column":null}},"11":{"start":{"line":22,"column":2},"end":{"line":24,"column":null}},"12":{"start":{"line":27,"column":2},"end":{"line":29,"column":null}},"13":{"start":{"line":32,"column":2},"end":{"line":34,"column":null}},"14":{"start":{"line":37,"column":2},"end":{"line":39,"column":null}},"15":{"start":{"line":13,"column":13},"end":{"line":40,"column":null}}},"fnMap":{"0":{"name":"(anonymous_4)","decl":{"start":{"line":14,"column":2},"end":{"line":14,"column":31}},"loc":{"start":{"line":14,"column":59},"end":{"line":14,"column":63}}},"1":{"name":"(anonymous_5)","decl":{"start":{"line":17,"column":2},"end":{"line":17,"column":8}},"loc":{"start":{"line":17,"column":8},"end":{"line":19,"column":3}}},"2":{"name":"(anonymous_6)","decl":{"start":{"line":22,"column":2},"end":{"line":22,"column":9}},"loc":{"start":{"line":22,"column":9},"end":{"line":24,"column":3}}},"3":{"name":"(anonymous_7)","decl":{"start":{"line":27,"column":2},"end":{"line":27,"column":9}},"loc":{"start":{"line":27,"column":33},"end":{"line":29,"column":3}}},"4":{"name":"(anonymous_8)","decl":{"start":{"line":32,"column":2},"end":{"line":32,"column":8}},"loc":{"start":{"line":32,"column":32},"end":{"line":34,"column":3}}},"5":{"name":"(anonymous_9)","decl":{"start":{"line":37,"column":2},"end":{"line":37,"column":8}},"loc":{"start":{"line":37,"column":32},"end":{"line":39,"column":3}}}},"branchMap":{"0":{"loc":{"start":{"line":14,"column":46},"end":{"line":14,"column":62}},"type":"cond-expr","locations":[{"start":{"line":14,"column":59},"end":{"line":14,"column":62}},{"start":{"line":14,"column":59},"end":{"line":14,"column":62}}]},"1":{"loc":{"start":{"line":14,"column":46},"end":{"line":14,"column":59}},"type":"binary-expr","locations":[{"start":{"line":14,"column":46},"end":{"line":14,"column":62}},{"start":{"line":14,"column":46},"end":{"line":14,"column":59}}]}},"s":{"0":0,"1":0,"2":0,"3":0,"4":0,"5":0,"6":0,"7":0,"8":0,"9":0,"10":0,"11":0,"12":0,"13":0,"14":0,"15":0},"f":{"0":0,"1":0,"2":0,"3":0,"4":0,"5":0},"b":{"0":[0,0],"1":[0,0]}}
,"C:\\Saas Application\\backend\\src\\tenant.module.ts": {"path":"C:\\Saas Application\\backend\\src\\tenant.module.ts","statementMap":{"0":{"start":{"line":1,"column":0},"end":{"line":1,"column":40}},"1":{"start":{"line":2,"column":0},"end":{"line":2,"column":49}},"2":{"start":{"line":3,"column":0},"end":{"line":3,"column":55}},"3":{"start":{"line":9,"column":7},"end":{"line":9,"column":null}},"4":{"start":{"line":9,"column":13},"end":{"line":9,"column":25}},"5":{"start":{"line":9,"column":13},"end":{"line":9,"column":null}}},"fnMap":{},"branchMap":{},"s":{"0":0,"1":0,"2":0,"3":0,"4":0,"5":0},"f":{},"b":{}}
,"C:\\Saas Application\\backend\\src\\tenant.service.ts": {"path":"C:\\Saas Application\\backend\\src\\tenant.service.ts","statementMap":{"0":{"start":{"line":1,"column":0},"end":{"line":1,"column":44}},"1":{"start":{"line":4,"column":7},"end":{"line":24,"column":null}},"2":{"start":{"line":6,"column":4},"end":{"line":6,"column":43}},"3":{"start":{"line":10,"column":4},"end":{"line":10,"column":44}},"4":{"start":{"line":14,"column":4},"end":{"line":14,"column":49}},"5":{"start":{"line":18,"column":4},"end":{"line":18,"column":49}},"6":{"start":{"line":22,"column":4},"end":{"line":22,"column":49}},"7":{"start":{"line":4,"column":13},"end":{"line":4,"column":26}},"8":{"start":{"line":4,"column":13},"end":{"line":24,"column":null}}},"fnMap":{"0":{"name":"(anonymous_1)","decl":{"start":{"line":5,"column":2},"end":{"line":5,"column":8}},"loc":{"start":{"line":5,"column":8},"end":{"line":7,"column":3}}},"1":{"name":"(anonymous_2)","decl":{"start":{"line":9,"column":2},"end":{"line":9,"column":9}},"loc":{"start":{"line":9,"column":9},"end":{"line":11,"column":3}}},"2":{"name":"(anonymous_3)","decl":{"start":{"line":13,"column":2},"end":{"line":13,"column":9}},"loc":{"start":{"line":13,"column":20},"end":{"line":15,"column":3}}},"3":{"name":"(anonymous_4)","decl":{"start":{"line":17,"column":2},"end":{"line":17,"column":8}},"loc":{"start":{"line":17,"column":19},"end":{"line":19,"column":3}}},"4":{"name":"(anonymous_5)","decl":{"start":{"line":21,"column":2},"end":{"line":21,"column":8}},"loc":{"start":{"line":21,"column":19},"end":{"line":23,"column":3}}}},"branchMap":{},"s":{"0":0,"1":0,"2":0,"3":0,"4":0,"5":0,"6":0,"7":0,"8":0},"f":{"0":0,"1":0,"2":0,"3":0,"4":0},"b":{}}
,"C:\\Saas Application\\backend\\src\\audit\\audit.interceptor.ts": {"path":"C:\\Saas Application\\backend\\src\\audit\\audit.interceptor.ts","statementMap":{"0":{"start":{"line":1,"column":0},"end":{"line":1,"column":null}},"1":{"start":{"line":9,"column":0},"end":{"line":9,"column":37}},"2":{"start":{"line":10,"column":0},"end":{"line":10,"column":47}},"3":{"start":{"line":20,"column":7},"end":{"line":56,"column":null}},"4":{"start":{"line":21,"column":31},"end":{"line":21,"column":45}},"5":{"start":{"line":24,"column":20},"end":{"line":24,"column":72}},"6":{"start":{"line":25,"column":19},"end":{"line":25,"column":33}},"7":{"start":{"line":26,"column":16},"end":{"line":26,"column":27}},"8":{"start":{"line":27,"column":17},"end":{"line":27,"column":56}},"9":{"start":{"line":28,"column":17},"end":{"line":28,"column":29}},"10":{"start":{"line":29,"column":15},"end":{"line":29,"column":25}},"11":{"start":{"line":32,"column":4},"end":{"line":52,"column":5}},"12":{"start":{"line":33,"column":6},"end":{"line":51,"column":8}},"13":{"start":{"line":36,"column":12},"end":{"line":36,"column":71}},"14":{"start":{"line":37,"column":10},"end":{"line":49,"column":11}},"15":{"start":{"line":38,"column":12},"end":{"line":48,"column":15}},"16":{"start":{"line":54,"column":4},"end":{"line":54,"column":25}},"17":{"start":{"line":20,"column":13},"end":{"line":20,"column":29}},"18":{"start":{"line":20,"column":13},"end":{"line":56,"column":null}}},"fnMap":{"0":{"name":"(anonymous_2)","decl":{"start":{"line":21,"column":2},"end":{"line":21,"column":31}},"loc":{"start":{"line":21,"column":57},"end":{"line":21,"column":61}}},"1":{"name":"(anonymous_3)","decl":{"start":{"line":23,"column":2},"end":{"line":23,"column":11}},"loc":{"start":{"line":23,"column":56},"end":{"line":55,"column":3}}},"2":{"name":"(anonymous_4)","decl":{"start":{"line":34,"column":12},"end":{"line":34,"column":13}},"loc":{"start":{"line":34,"column":30},"end":{"line":50,"column":9}}}},"branchMap":{"0":{"loc":{"start":{"line":32,"column":4},"end":{"line":52,"column":5}},"type":"if","locations":[{"start":{"line":32,"column":4},"end":{"line":52,"column":5}},{"start":{},"end":{}}]},"1":{"loc":{"start":{"line":36,"column":12},"end":{"line":36,"column":71}},"type":"binary-expr","locations":[{"start":{"line":36,"column":12},"end":{"line":36,"column":26}},{"start":{"line":36,"column":31},"end":{"line":36,"column":71}}]},"2":{"loc":{"start":{"line":37,"column":10},"end":{"line":49,"column":11}},"type":"if","locations":[{"start":{"line":37,"column":10},"end":{"line":49,"column":11}},{"start":{},"end":{}}]},"3":{"loc":{"start":{"line":41,"column":22},"end":{"line":41,"column":51}},"type":"binary-expr","locations":[{"start":{"line":41,"column":22},"end":{"line":41,"column":39}},{"start":{"line":41,"column":43},"end":{"line":41,"column":51}}]},"4":{"loc":{"start":{"line":21,"column":45},"end":{"line":21,"column":60}},"type":"cond-expr","locations":[{"start":{"line":21,"column":57},"end":{"line":21,"column":60}},{"start":{"line":21,"column":57},"end":{"line":21,"column":60}}]},"5":{"loc":{"start":{"line":21,"column":45},"end":{"line":21,"column":57}},"type":"binary-expr","locations":[{"start":{"line":21,"column":45},"end":{"line":21,"column":60}},{"start":{"line":21,"column":45},"end":{"line":21,"column":57}}]}},"s":{"0":1,"1":1,"2":1,"3":1,"4":1,"5":0,"6":0,"7":0,"8":0,"9":0,"10":0,"11":0,"12":0,"13":0,"14":0,"15":0,"16":0,"17":1,"18":1},"f":{"0":1,"1":0,"2":0},"b":{"0":[0,0],"1":[0,0],"2":[0,0],"3":[0,0],"4":[1,0],"5":[1,1]}}
,"C:\\Saas Application\\backend\\src\\audit\\audit.module.ts": {"path":"C:\\Saas Application\\backend\\src\\audit\\audit.module.ts","statementMap":{"0":{"start":{"line":1,"column":0},"end":{"line":1,"column":48}},"1":{"start":{"line":2,"column":0},"end":{"line":2,"column":47}},"2":{"start":{"line":3,"column":0},"end":{"line":3,"column":55}},"3":{"start":{"line":10,"column":7},"end":{"line":10,"column":null}},"4":{"start":{"line":10,"column":13},"end":{"line":10,"column":24}},"5":{"start":{"line":10,"column":13},"end":{"line":10,"column":null}}},"fnMap":{},"branchMap":{},"s":{"0":0,"1":0,"2":0,"3":0,"4":0,"5":0},"f":{},"b":{}}
,"C:\\Saas Application\\backend\\src\\audit\\audit.service.ts": {"path":"C:\\Saas Application\\backend\\src\\audit\\audit.service.ts","statementMap":{"0":{"start":{"line":1,"column":0},"end":{"line":1,"column":44}},"1":{"start":{"line":2,"column":0},"end":{"line":2,"column":57}},"2":{"start":{"line":5,"column":7},"end":{"line":27,"column":null}},"3":{"start":{"line":6,"column":22},"end":{"line":6,"column":30}},"4":{"start":{"line":16,"column":4},"end":{"line":18,"column":7}},"5":{"start":{"line":22,"column":4},"end":{"line":25,"column":7}},"6":{"start":{"line":5,"column":13},"end":{"line":5,"column":25}},"7":{"start":{"line":5,"column":13},"end":{"line":27,"column":null}}},"fnMap":{"0":{"name":"(anonymous_2)","decl":{"start":{"line":6,"column":2},"end":{"line":6,"column":22}},"loc":{"start":{"line":6,"column":43},"end":{"line":6,"column":47}}},"1":{"name":"(anonymous_3)","decl":{"start":{"line":8,"column":2},"end":{"line":8,"column":7}},"loc":{"start":{"line":15,"column":3},"end":{"line":19,"column":3}}},"2":{"name":"(anonymous_4)","decl":{"start":{"line":21,"column":2},"end":{"line":21,"column":7}},"loc":{"start":{"line":21,"column":32},"end":{"line":26,"column":3}}}},"branchMap":{"0":{"loc":{"start":{"line":6,"column":30},"end":{"line":6,"column":46}},"type":"cond-expr","locations":[{"start":{"line":6,"column":43},"end":{"line":6,"column":46}},{"start":{"line":6,"column":43},"end":{"line":6,"column":46}}]},"1":{"loc":{"start":{"line":6,"column":30},"end":{"line":6,"column":43}},"type":"binary-expr","locations":[{"start":{"line":6,"column":30},"end":{"line":6,"column":46}},{"start":{"line":6,"column":30},"end":{"line":6,"column":43}}]}},"s":{"0":2,"1":2,"2":2,"3":3,"4":1,"5":1,"6":2,"7":2},"f":{"0":3,"1":1,"2":1},"b":{"0":[2,0],"1":[2,2]}}
,"C:\\Saas Application\\backend\\src\\auth\\auth.controller.ts": {"path":"C:\\Saas Application\\backend\\src\\auth\\auth.controller.ts","statementMap":{"0":{"start":{"line":1,"column":0},"end":{"line":1,"column":null}},"1":{"start":{"line":10,"column":0},"end":{"line":10,"column":45}},"2":{"start":{"line":11,"column":0},"end":{"line":11,"column":43}},"3":{"start":{"line":14,"column":7},"end":{"line":113,"column":null}},"4":{"start":{"line":16,"column":21},"end":{"line":16,"column":34}},"5":{"start":{"line":17,"column":21},"end":{"line":17,"column":33}},"6":{"start":{"line":22,"column":4},"end":{"line":24,"column":5}},"7":{"start":{"line":23,"column":6},"end":{"line":23,"column":76}},"8":{"start":{"line":25,"column":4},"end":{"line":25,"column":60}},"9":{"start":{"line":30,"column":4},"end":{"line":35,"column":5}},"10":{"start":{"line":31,"column":6},"end":{"line":34,"column":8}},"11":{"start":{"line":36,"column":4},"end":{"line":36,"column":70}},"12":{"start":{"line":41,"column":4},"end":{"line":43,"column":5}},"13":{"start":{"line":42,"column":6},"end":{"line":42,"column":75}},"14":{"start":{"line":44,"column":4},"end":{"line":44,"column":61}},"15":{"start":{"line":49,"column":4},"end":{"line":54,"column":5}},"16":{"start":{"line":50,"column":6},"end":{"line":53,"column":8}},"17":{"start":{"line":55,"column":4},"end":{"line":55,"column":73}},"18":{"start":{"line":62,"column":4},"end":{"line":67,"column":5}},"19":{"start":{"line":63,"column":6},"end":{"line":66,"column":8}},"20":{"start":{"line":68,"column":4},"end":{"line":68,"column":78}},"21":{"start":{"line":76,"column":4},"end":{"line":78,"column":5}},"22":{"start":{"line":77,"column":6},"end":{"line":77,"column":76}},"23":{"start":{"line":79,"column":4},"end":{"line":79,"column":54}},"24":{"start":{"line":85,"column":4},"end":{"line":87,"column":5}},"25":{"start":{"line":86,"column":6},"end":{"line":86,"column":87}},"26":{"start":{"line":88,"column":4},"end":{"line":88,"column":62}},"27":{"start":{"line":94,"column":4},"end":{"line":96,"column":5}},"28":{"start":{"line":95,"column":6},"end":{"line":95,"column":87}},"29":{"start":{"line":97,"column":18},"end":{"line":97,"column":79}},"30":{"start":{"line":98,"column":4},"end":{"line":100,"column":5}},"31":{"start":{"line":99,"column":6},"end":{"line":99,"column":86}},"32":{"start":{"line":102,"column":4},"end":{"line":102,"column":58}},"33":{"start":{"line":108,"column":4},"end":{"line":110,"column":5}},"34":{"start":{"line":109,"column":6},"end":{"line":109,"column":87}},"35":{"start":{"line":111,"column":4},"end":{"line":111,"column":63}},"36":{"start":{"line":14,"column":13},"end":{"line":14,"column":27}},"37":{"start":{"line":21,"column":8},"end":{"line":26,"column":null}},"38":{"start":{"line":29,"column":8},"end":{"line":37,"column":null}},"39":{"start":{"line":40,"column":8},"end":{"line":45,"column":null}},"40":{"start":{"line":48,"column":8},"end":{"line":56,"column":null}},"41":{"start":{"line":59,"column":8},"end":{"line":69,"column":null}},"42":{"start":{"line":75,"column":8},"end":{"line":80,"column":null}},"43":{"start":{"line":84,"column":8},"end":{"line":89,"column":null}},"44":{"start":{"line":93,"column":8},"end":{"line":103,"column":null}},"45":{"start":{"line":107,"column":8},"end":{"line":112,"column":null}},"46":{"start":{"line":14,"column":13},"end":{"line":113,"column":null}}},"fnMap":{"0":{"name":"(anonymous_4)","decl":{"start":{"line":15,"column":2},"end":{"line":15,"column":null}},"loc":{"start":{"line":17,"column":43},"end":{"line":18,"column":6}}},"1":{"name":"(anonymous_5)","decl":{"start":{"line":21,"column":8},"end":{"line":21,"column":23}},"loc":{"start":{"line":21,"column":55},"end":{"line":26,"column":3}}},"2":{"name":"(anonymous_6)","decl":{"start":{"line":29,"column":8},"end":{"line":29,"column":26}},"loc":{"start":{"line":29,"column":73},"end":{"line":37,"column":3}}},"3":{"name":"(anonymous_7)","decl":{"start":{"line":40,"column":8},"end":{"line":40,"column":13}},"loc":{"start":{"line":40,"column":64},"end":{"line":45,"column":3}}},"4":{"name":"(anonymous_8)","decl":{"start":{"line":48,"column":8},"end":{"line":48,"column":22}},"loc":{"start":{"line":48,"column":75},"end":{"line":56,"column":3}}},"5":{"name":"(anonymous_9)","decl":{"start":{"line":59,"column":8},"end":{"line":59,"column":26}},"loc":{"start":{"line":60,"column":57},"end":{"line":69,"column":3}}},"6":{"name":"(anonymous_10)","decl":{"start":{"line":75,"column":8},"end":{"line":75,"column":16}},"loc":{"start":{"line":75,"column":49},"end":{"line":80,"column":3}}},"7":{"name":"(anonymous_11)","decl":{"start":{"line":84,"column":8},"end":{"line":84,"column":17}},"loc":{"start":{"line":84,"column":65},"end":{"line":89,"column":3}}},"8":{"name":"(anonymous_12)","decl":{"start":{"line":93,"column":8},"end":{"line":93,"column":22}},"loc":{"start":{"line":93,"column":70},"end":{"line":103,"column":3}}},"9":{"name":"(anonymous_13)","decl":{"start":{"line":107,"column":8},"end":{"line":107,"column":18}},"loc":{"start":{"line":107,"column":66},"end":{"line":112,"column":3}}}},"branchMap":{"0":{"loc":{"start":{"line":22,"column":4},"end":{"line":24,"column":5}},"type":"if","locations":[{"start":{"line":22,"column":4},"end":{"line":24,"column":5}},{"start":{},"end":{}}]},"1":{"loc":{"start":{"line":30,"column":4},"end":{"line":35,"column":5}},"type":"if","locations":[{"start":{"line":30,"column":4},"end":{"line":35,"column":5}},{"start":{},"end":{}}]},"2":{"loc":{"start":{"line":30,"column":8},"end":{"line":30,"column":34}},"type":"binary-expr","locations":[{"start":{"line":30,"column":8},"end":{"line":30,"column":18}},{"start":{"line":30,"column":22},"end":{"line":30,"column":34}}]},"3":{"loc":{"start":{"line":41,"column":4},"end":{"line":43,"column":5}},"type":"if","locations":[{"start":{"line":41,"column":4},"end":{"line":43,"column":5}},{"start":{},"end":{}}]},"4":{"loc":{"start":{"line":49,"column":4},"end":{"line":54,"column":5}},"type":"if","locations":[{"start":{"line":49,"column":4},"end":{"line":54,"column":5}},{"start":{},"end":{}}]},"5":{"loc":{"start":{"line":49,"column":8},"end":{"line":49,"column":40}},"type":"binary-expr","locations":[{"start":{"line":49,"column":8},"end":{"line":49,"column":19}},{"start":{"line":49,"column":23},"end":{"line":49,"column":40}}]},"6":{"loc":{"start":{"line":62,"column":4},"end":{"line":67,"column":5}},"type":"if","locations":[{"start":{"line":62,"column":4},"end":{"line":67,"column":5}},{"start":{},"end":{}}]},"7":{"loc":{"start":{"line":62,"column":8},"end":{"line":62,"column":41}},"type":"binary-expr","locations":[{"start":{"line":62,"column":8},"end":{"line":62,"column":20}},{"start":{"line":62,"column":24},"end":{"line":62,"column":41}}]},"8":{"loc":{"start":{"line":76,"column":4},"end":{"line":78,"column":5}},"type":"if","locations":[{"start":{"line":76,"column":4},"end":{"line":78,"column":5}},{"start":{},"end":{}}]},"9":{"loc":{"start":{"line":85,"column":4},"end":{"line":87,"column":5}},"type":"if","locations":[{"start":{"line":85,"column":4},"end":{"line":87,"column":5}},{"start":{},"end":{}}]},"10":{"loc":{"start":{"line":85,"column":8},"end":{"line":85,"column":35}},"type":"binary-expr","locations":[{"start":{"line":85,"column":8},"end":{"line":85,"column":20}},{"start":{"line":85,"column":24},"end":{"line":85,"column":35}}]},"11":{"loc":{"start":{"line":94,"column":4},"end":{"line":96,"column":5}},"type":"if","locations":[{"start":{"line":94,"column":4},"end":{"line":96,"column":5}},{"start":{},"end":{}}]},"12":{"loc":{"start":{"line":94,"column":8},"end":{"line":94,"column":35}},"type":"binary-expr","locations":[{"start":{"line":94,"column":8},"end":{"line":94,"column":20}},{"start":{"line":94,"column":24},"end":{"line":94,"column":35}}]},"13":{"loc":{"start":{"line":98,"column":4},"end":{"line":100,"column":5}},"type":"if","locations":[{"start":{"line":98,"column":4},"end":{"line":100,"column":5}},{"start":{},"end":{}}]},"14":{"loc":{"start":{"line":108,"column":4},"end":{"line":110,"column":5}},"type":"if","locations":[{"start":{"line":108,"column":4},"end":{"line":110,"column":5}},{"start":{},"end":{}}]},"15":{"loc":{"start":{"line":108,"column":8},"end":{"line":108,"column":35}},"type":"binary-expr","locations":[{"start":{"line":108,"column":8},"end":{"line":108,"column":20}},{"start":{"line":108,"column":24},"end":{"line":108,"column":35}}]},"16":{"loc":{"start":{"line":16,"column":34},"end":{"line":16,"column":null}},"type":"cond-expr","locations":[{"start":{"line":16,"column":45},"end":{"line":16,"column":null}},{"start":{"line":16,"column":45},"end":{"line":16,"column":null}}]},"17":{"loc":{"start":{"line":16,"column":34},"end":{"line":16,"column":45}},"type":"binary-expr","locations":[{"start":{"line":16,"column":34},"end":{"line":16,"column":null}},{"start":{"line":16,"column":34},"end":{"line":16,"column":45}}]},"18":{"loc":{"start":{"line":16,"column":45},"end":{"line":17,"column":null}},"type":"cond-expr","locations":[{"start":{"line":17,"column":43},"end":{"line":17,"column":null}},{"start":{"line":17,"column":43},"end":{"line":17,"column":null}}]},"19":{"loc":{"start":{"line":16,"column":45},"end":{"line":17,"column":43}},"type":"binary-expr","locations":[{"start":{"line":16,"column":45},"end":{"line":17,"column":null}},{"start":{"line":17,"column":33},"end":{"line":17,"column":43}}]}},"s":{"0":0,"1":0,"2":0,"3":0,"4":0,"5":0,"6":0,"7":0,"8":0,"9":0,"10":0,"11":0,"12":0,"13":0,"14":0,"15":0,"16":0,"17":0,"18":0,"19":0,"20":0,"21":0,"22":0,"23":0,"24":0,"25":0,"26":0,"27":0,"28":0,"29":0,"30":0,"31":0,"32":0,"33":0,"34":0,"35":0,"36":0,"37":0,"38":0,"39":0,"40":0,"41":0,"42":0,"43":0,"44":0,"45":0,"46":0},"f":{"0":0,"1":0,"2":0,"3":0,"4":0,"5":0,"6":0,"7":0,"8":0,"9":0},"b":{"0":[0,0],"1":[0,0],"2":[0,0],"3":[0,0],"4":[0,0],"5":[0,0],"6":[0,0],"7":[0,0],"8":[0,0],"9":[0,0],"10":[0,0],"11":[0,0],"12":[0,0],"13":[0,0],"14":[0,0],"15":[0,0],"16":[0,0],"17":[0,0],"18":[0,0],"19":[0,0]}}
,"C:\\Saas Application\\backend\\src\\auth\\auth.module.ts": {"path":"C:\\Saas Application\\backend\\src\\auth\\auth.module.ts","statementMap":{"0":{"start":{"line":1,"column":0},"end":{"line":1,"column":40}},"1":{"start":{"line":2,"column":0},"end":{"line":2,"column":51}},"2":{"start":{"line":3,"column":0},"end":{"line":3,"column":45}},"3":{"start":{"line":4,"column":0},"end":{"line":4,"column":43}},"4":{"start":{"line":5,"column":0},"end":{"line":5,"column":55}},"5":{"start":{"line":12,"column":7},"end":{"line":12,"column":null}},"6":{"start":{"line":12,"column":13},"end":{"line":12,"column":23}},"7":{"start":{"line":12,"column":13},"end":{"line":12,"column":null}}},"fnMap":{},"branchMap":{},"s":{"0":0,"1":0,"2":0,"3":0,"4":0,"5":0,"6":0,"7":0},"f":{},"b":{}}
,"C:\\Saas Application\\backend\\src\\auth\\auth.service.ts": {"path":"C:\\Saas Application\\backend\\src\\auth\\auth.service.ts","statementMap":{"0":{"start":{"line":1,"column":0},"end":{"line":1,"column":71}},"1":{"start":{"line":2,"column":0},"end":{"line":2,"column":57}},"2":{"start":{"line":5,"column":7},"end":{"line":266,"column":null}},"3":{"start":{"line":6,"column":31},"end":{"line":6,"column":39}},"4":{"start":{"line":10,"column":4},"end":{"line":41,"column":5}},"5":{"start":{"line":11,"column":25},"end":{"line":14,"column":8}},"6":{"start":{"line":16,"column":6},"end":{"line":31,"column":9}},"7":{"start":{"line":33,"column":6},"end":{"line":40,"column":8}},"8":{"start":{"line":44,"column":19},"end":{"line":47,"column":6}},"9":{"start":{"line":49,"column":4},"end":{"line":54,"column":5}},"10":{"start":{"line":50,"column":6},"end":{"line":53,"column":8}},"11":{"start":{"line":56,"column":4},"end":{"line":64,"column":5}},"12":{"start":{"line":60,"column":6},"end":{"line":63,"column":8}},"13":{"start":{"line":66,"column":4},"end":{"line":75,"column":6}},"14":{"start":{"line":80,"column":19},"end":{"line":80,"column":61}},"15":{"start":{"line":85,"column":22},"end":{"line":85,"column":39}},"16":{"start":{"line":88,"column":15},"end":{"line":90,"column":6}},"17":{"start":{"line":93,"column":4},"end":{"line":102,"column":7}},"18":{"start":{"line":105,"column":26},"end":{"line":105,"column":57}},"19":{"start":{"line":107,"column":4},"end":{"line":117,"column":6}},"20":{"start":{"line":122,"column":4},"end":{"line":156,"column":5}},"21":{"start":{"line":123,"column":21},"end":{"line":123,"column":68}},"22":{"start":{"line":124,"column":17},"end":{"line":126,"column":8}},"23":{"start":{"line":128,"column":6},"end":{"line":137,"column":9}},"24":{"start":{"line":140,"column":6},"end":{"line":142,"column":7}},"25":{"start":{"line":141,"column":8},"end":{"line":141,"column":78}},"26":{"start":{"line":144,"column":6},"end":{"line":155,"column":8}},"27":{"start":{"line":159,"column":19},"end":{"line":159,"column":38}},"28":{"start":{"line":160,"column":4},"end":{"line":161,"column":78}},"29":{"start":{"line":161,"column":6},"end":{"line":161,"column":78}},"30":{"start":{"line":164,"column":19},"end":{"line":166,"column":6}},"31":{"start":{"line":168,"column":4},"end":{"line":173,"column":5}},"32":{"start":{"line":169,"column":6},"end":{"line":172,"column":8}},"33":{"start":{"line":176,"column":17},"end":{"line":178,"column":6}},"34":{"start":{"line":180,"column":4},"end":{"line":185,"column":5}},"35":{"start":{"line":181,"column":6},"end":{"line":184,"column":8}},"36":{"start":{"line":188,"column":4},"end":{"line":190,"column":5}},"37":{"start":{"line":189,"column":6},"end":{"line":189,"column":117}},"38":{"start":{"line":192,"column":4},"end":{"line":194,"column":5}},"39":{"start":{"line":193,"column":6},"end":{"line":193,"column":76}},"40":{"start":{"line":197,"column":4},"end":{"line":203,"column":5}},"41":{"start":{"line":198,"column":6},"end":{"line":202,"column":8}},"42":{"start":{"line":205,"column":4},"end":{"line":216,"column":6}},"43":{"start":{"line":220,"column":17},"end":{"line":222,"column":6}},"44":{"start":{"line":224,"column":4},"end":{"line":224,"column":79}},"45":{"start":{"line":224,"column":15},"end":{"line":224,"column":79}},"46":{"start":{"line":226,"column":4},"end":{"line":232,"column":7}},"47":{"start":{"line":236,"column":4},"end":{"line":242,"column":7}},"48":{"start":{"line":247,"column":17},"end":{"line":250,"column":6}},"49":{"start":{"line":251,"column":4},"end":{"line":251,"column":79}},"50":{"start":{"line":251,"column":15},"end":{"line":251,"column":79}},"51":{"start":{"line":253,"column":4},"end":{"line":264,"column":6}},"52":{"start":{"line":5,"column":13},"end":{"line":5,"column":24}},"53":{"start":{"line":5,"column":13},"end":{"line":266,"column":null}}},"fnMap":{"0":{"name":"(anonymous_2)","decl":{"start":{"line":6,"column":2},"end":{"line":6,"column":31}},"loc":{"start":{"line":6,"column":52},"end":{"line":6,"column":56}}},"1":{"name":"(anonymous_3)","decl":{"start":{"line":8,"column":2},"end":{"line":8,"column":7}},"loc":{"start":{"line":8,"column":46},"end":{"line":76,"column":3}}},"2":{"name":"(anonymous_4)","decl":{"start":{"line":78,"column":2},"end":{"line":78,"column":7}},"loc":{"start":{"line":78,"column":54},"end":{"line":118,"column":3}}},"3":{"name":"(anonymous_5)","decl":{"start":{"line":120,"column":2},"end":{"line":120,"column":7}},"loc":{"start":{"line":120,"column":46},"end":{"line":217,"column":3}}},"4":{"name":"(anonymous_6)","decl":{"start":{"line":219,"column":2},"end":{"line":219,"column":7}},"loc":{"start":{"line":219,"column":57},"end":{"line":233,"column":3}}},"5":{"name":"(anonymous_7)","decl":{"start":{"line":235,"column":2},"end":{"line":235,"column":7}},"loc":{"start":{"line":235,"column":62},"end":{"line":243,"column":3}}},"6":{"name":"(anonymous_8)","decl":{"start":{"line":246,"column":2},"end":{"line":246,"column":7}},"loc":{"start":{"line":246,"column":39},"end":{"line":265,"column":3}}}},"branchMap":{"0":{"loc":{"start":{"line":10,"column":4},"end":{"line":41,"column":5}},"type":"if","locations":[{"start":{"line":10,"column":4},"end":{"line":41,"column":5}},{"start":{},"end":{}}]},"1":{"loc":{"start":{"line":49,"column":4},"end":{"line":54,"column":5}},"type":"if","locations":[{"start":{"line":49,"column":4},"end":{"line":54,"column":5}},{"start":{},"end":{}}]},"2":{"loc":{"start":{"line":56,"column":4},"end":{"line":64,"column":5}},"type":"if","locations":[{"start":{"line":56,"column":4},"end":{"line":64,"column":5}},{"start":{},"end":{}}]},"3":{"loc":{"start":{"line":57,"column":6},"end":{"line":58,"column":46}},"type":"binary-expr","locations":[{"start":{"line":57,"column":6},"end":{"line":57,"column":41}},{"start":{"line":58,"column":6},"end":{"line":58,"column":46}}]},"4":{"loc":{"start":{"line":73,"column":8},"end":{"line":74,"column":45}},"type":"binary-expr","locations":[{"start":{"line":73,"column":8},"end":{"line":73,"column":42}},{"start":{"line":74,"column":8},"end":{"line":74,"column":45}}]},"5":{"loc":{"start":{"line":97,"column":10},"end":{"line":99,"column":36}},"type":"cond-expr","locations":[{"start":{"line":98,"column":14},"end":{"line":98,"column":36}},{"start":{"line":99,"column":14},"end":{"line":99,"column":36}}]},"6":{"loc":{"start":{"line":122,"column":4},"end":{"line":156,"column":5}},"type":"if","locations":[{"start":{"line":122,"column":4},"end":{"line":156,"column":5}},{"start":{},"end":{}}]},"7":{"loc":{"start":{"line":140,"column":6},"end":{"line":142,"column":7}},"type":"if","locations":[{"start":{"line":140,"column":6},"end":{"line":142,"column":7}},{"start":{},"end":{}}]},"8":{"loc":{"start":{"line":160,"column":4},"end":{"line":161,"column":78}},"type":"if","locations":[{"start":{"line":160,"column":4},"end":{"line":161,"column":78}},{"start":{},"end":{}}]},"9":{"loc":{"start":{"line":168,"column":4},"end":{"line":173,"column":5}},"type":"if","locations":[{"start":{"line":168,"column":4},"end":{"line":173,"column":5}},{"start":{},"end":{}}]},"10":{"loc":{"start":{"line":180,"column":4},"end":{"line":185,"column":5}},"type":"if","locations":[{"start":{"line":180,"column":4},"end":{"line":185,"column":5}},{"start":{},"end":{}}]},"11":{"loc":{"start":{"line":188,"column":4},"end":{"line":190,"column":5}},"type":"if","locations":[{"start":{"line":188,"column":4},"end":{"line":190,"column":5}},{"start":{},"end":{}}]},"12":{"loc":{"start":{"line":192,"column":4},"end":{"line":194,"column":5}},"type":"if","locations":[{"start":{"line":192,"column":4},"end":{"line":194,"column":5}},{"start":{},"end":{}}]},"13":{"loc":{"start":{"line":197,"column":4},"end":{"line":203,"column":5}},"type":"if","locations":[{"start":{"line":197,"column":4},"end":{"line":203,"column":5}},{"start":{},"end":{}}]},"14":{"loc":{"start":{"line":224,"column":4},"end":{"line":224,"column":79}},"type":"if","locations":[{"start":{"line":224,"column":4},"end":{"line":224,"column":79}},{"start":{},"end":{}}]},"15":{"loc":{"start":{"line":251,"column":4},"end":{"line":251,"column":79}},"type":"if","locations":[{"start":{"line":251,"column":4},"end":{"line":251,"column":79}},{"start":{},"end":{}}]},"16":{"loc":{"start":{"line":6,"column":39},"end":{"line":6,"column":55}},"type":"cond-expr","locations":[{"start":{"line":6,"column":52},"end":{"line":6,"column":55}},{"start":{"line":6,"column":52},"end":{"line":6,"column":55}}]},"17":{"loc":{"start":{"line":6,"column":39},"end":{"line":6,"column":52}},"type":"binary-expr","locations":[{"start":{"line":6,"column":39},"end":{"line":6,"column":55}},{"start":{"line":6,"column":39},"end":{"line":6,"column":52}}]}},"s":{"0":1,"1":1,"2":1,"3":4,"4":3,"5":2,"6":2,"7":2,"8":1,"9":1,"10":1,"11":0,"12":0,"13":0,"14":0,"15":0,"16":0,"17":0,"18":0,"19":0,"20":1,"21":1,"22":1,"23":1,"24":1,"25":0,"26":1,"27":0,"28":0,"29":0,"30":0,"31":0,"32":0,"33":0,"34":0,"35":0,"36":0,"37":0,"38":0,"39":0,"40":0,"41":0,"42":0,"43":0,"44":0,"45":0,"46":0,"47":0,"48":0,"49":0,"50":0,"51":0,"52":1,"53":1},"f":{"0":4,"1":3,"2":0,"3":1,"4":0,"5":0,"6":0},"b":{"0":[2,1],"1":[1,0],"2":[0,0],"3":[0,0],"4":[0,0],"5":[0,0],"6":[1,0],"7":[0,1],"8":[0,0],"9":[0,0],"10":[0,0],"11":[0,0],"12":[0,0],"13":[0,0],"14":[0,0],"15":[0,0],"16":[1,0],"17":[1,1]}}
,"C:\\Saas Application\\backend\\src\\auth\\mfa.service.ts": {"path":"C:\\Saas Application\\backend\\src\\auth\\mfa.service.ts","statementMap":{"0":{"start":{"line":1,"column":0},"end":{"line":1,"column":71}},"1":{"start":{"line":2,"column":0},"end":{"line":2,"column":57}},"2":{"start":{"line":3,"column":0},"end":{"line":3,"column":39}},"3":{"start":{"line":4,"column":0},"end":{"line":4,"column":33}},"4":{"start":{"line":7,"column":7},"end":{"line":109,"column":null}},"5":{"start":{"line":8,"column":31},"end":{"line":8,"column":39}},"6":{"start":{"line":16,"column":17},"end":{"line":16,"column":77}},"7":{"start":{"line":17,"column":4},"end":{"line":17,"column":79}},"8":{"start":{"line":17,"column":15},"end":{"line":17,"column":79}},"9":{"start":{"line":19,"column":19},"end":{"line":22,"column":6}},"10":{"start":{"line":25,"column":4},"end":{"line":28,"column":7}},"11":{"start":{"line":30,"column":26},"end":{"line":30,"column":74}},"12":{"start":{"line":32,"column":4},"end":{"line":36,"column":6}},"13":{"start":{"line":43,"column":17},"end":{"line":43,"column":77}},"14":{"start":{"line":44,"column":4},"end":{"line":46,"column":5}},"15":{"start":{"line":45,"column":6},"end":{"line":45,"column":81}},"16":{"start":{"line":48,"column":21},"end":{"line":53,"column":6}},"17":{"start":{"line":55,"column":4},"end":{"line":57,"column":5}},"18":{"start":{"line":56,"column":6},"end":{"line":56,"column":84}},"19":{"start":{"line":59,"column":4},"end":{"line":62,"column":7}},"20":{"start":{"line":64,"column":4},"end":{"line":64,"column":29}},"21":{"start":{"line":71,"column":17},"end":{"line":71,"column":77}},"22":{"start":{"line":72,"column":4},"end":{"line":72,"column":60}},"23":{"start":{"line":72,"column":47},"end":{"line":72,"column":60}},"24":{"start":{"line":74,"column":4},"end":{"line":79,"column":7}},"25":{"start":{"line":86,"column":17},"end":{"line":86,"column":77}},"26":{"start":{"line":87,"column":4},"end":{"line":89,"column":5}},"27":{"start":{"line":88,"column":6},"end":{"line":88,"column":76}},"28":{"start":{"line":91,"column":21},"end":{"line":96,"column":6}},"29":{"start":{"line":98,"column":4},"end":{"line":100,"column":5}},"30":{"start":{"line":99,"column":6},"end":{"line":99,"column":84}},"31":{"start":{"line":102,"column":4},"end":{"line":105,"column":7}},"32":{"start":{"line":107,"column":4},"end":{"line":107,"column":29}},"33":{"start":{"line":7,"column":13},"end":{"line":7,"column":23}},"34":{"start":{"line":7,"column":13},"end":{"line":109,"column":null}}},"fnMap":{"0":{"name":"(anonymous_11)","decl":{"start":{"line":8,"column":2},"end":{"line":8,"column":31}},"loc":{"start":{"line":8,"column":52},"end":{"line":8,"column":56}}},"1":{"name":"(anonymous_12)","decl":{"start":{"line":15,"column":2},"end":{"line":15,"column":7}},"loc":{"start":{"line":15,"column":36},"end":{"line":37,"column":3}}},"2":{"name":"(anonymous_13)","decl":{"start":{"line":42,"column":2},"end":{"line":42,"column":7}},"loc":{"start":{"line":42,"column":47},"end":{"line":65,"column":3}}},"3":{"name":"(anonymous_14)","decl":{"start":{"line":70,"column":2},"end":{"line":70,"column":7}},"loc":{"start":{"line":70,"column":52},"end":{"line":80,"column":3}}},"4":{"name":"(anonymous_15)","decl":{"start":{"line":85,"column":2},"end":{"line":85,"column":7}},"loc":{"start":{"line":85,"column":48},"end":{"line":108,"column":3}}}},"branchMap":{"0":{"loc":{"start":{"line":17,"column":4},"end":{"line":17,"column":79}},"type":"if","locations":[{"start":{"line":17,"column":4},"end":{"line":17,"column":79}},{"start":{},"end":{}}]},"1":{"loc":{"start":{"line":30,"column":49},"end":{"line":30,"column":73}},"type":"binary-expr","locations":[{"start":{"line":30,"column":49},"end":{"line":30,"column":67}},{"start":{"line":30,"column":71},"end":{"line":30,"column":73}}]},"2":{"loc":{"start":{"line":33,"column":18},"end":{"line":33,"column":42}},"type":"binary-expr","locations":[{"start":{"line":33,"column":18},"end":{"line":33,"column":36}},{"start":{"line":33,"column":40},"end":{"line":33,"column":42}}]},"3":{"loc":{"start":{"line":44,"column":4},"end":{"line":46,"column":5}},"type":"if","locations":[{"start":{"line":44,"column":4},"end":{"line":46,"column":5}},{"start":{},"end":{}}]},"4":{"loc":{"start":{"line":55,"column":4},"end":{"line":57,"column":5}},"type":"if","locations":[{"start":{"line":55,"column":4},"end":{"line":57,"column":5}},{"start":{},"end":{}}]},"5":{"loc":{"start":{"line":72,"column":4},"end":{"line":72,"column":60}},"type":"if","locations":[{"start":{"line":72,"column":4},"end":{"line":72,"column":60}},{"start":{},"end":{}}]},"6":{"loc":{"start":{"line":72,"column":8},"end":{"line":72,"column":45}},"type":"binary-expr","locations":[{"start":{"line":72,"column":8},"end":{"line":72,"column":24}},{"start":{"line":72,"column":28},"end":{"line":72,"column":45}}]},"7":{"loc":{"start":{"line":87,"column":4},"end":{"line":89,"column":5}},"type":"if","locations":[{"start":{"line":87,"column":4},"end":{"line":89,"column":5}},{"start":{},"end":{}}]},"8":{"loc":{"start":{"line":98,"column":4},"end":{"line":100,"column":5}},"type":"if","locations":[{"start":{"line":98,"column":4},"end":{"line":100,"column":5}},{"start":{},"end":{}}]},"9":{"loc":{"start":{"line":8,"column":39},"end":{"line":8,"column":55}},"type":"cond-expr","locations":[{"start":{"line":8,"column":52},"end":{"line":8,"column":55}},{"start":{"line":8,"column":52},"end":{"line":8,"column":55}}]},"10":{"loc":{"start":{"line":8,"column":39},"end":{"line":8,"column":52}},"type":"binary-expr","locations":[{"start":{"line":8,"column":39},"end":{"line":8,"column":55}},{"start":{"line":8,"column":39},"end":{"line":8,"column":52}}]}},"s":{"0":1,"1":1,"2":1,"3":1,"4":1,"5":17,"6":3,"7":3,"8":1,"9":2,"10":2,"11":2,"12":2,"13":5,"14":5,"15":2,"16":3,"17":3,"18":1,"19":2,"20":2,"21":5,"22":5,"23":3,"24":2,"25":4,"26":4,"27":1,"28":3,"29":3,"30":1,"31":2,"32":2,"33":1,"34":1},"f":{"0":17,"1":3,"2":5,"3":5,"4":4},"b":{"0":[1,2],"1":[2,0],"2":[2,0],"3":[2,3],"4":[1,2],"5":[3,2],"6":[5,3],"7":[1,3],"8":[1,2],"9":[1,0],"10":[1,1]}}
,"C:\\Saas Application\\backend\\src\\auth\\decorators\\roles.decorator.ts": {"path":"C:\\Saas Application\\backend\\src\\auth\\decorators\\roles.decorator.ts","statementMap":{"0":{"start":{"line":1,"column":0},"end":{"line":1,"column":45}},"1":{"start":{"line":4,"column":13},"end":{"line":4,"column":33}},"2":{"start":{"line":5,"column":21},"end":{"line":5,"column":78}},"3":{"start":{"line":5,"column":49},"end":{"line":5,"column":78}},"4":{"start":{"line":5,"column":13},"end":{"line":5,"column":21}}},"fnMap":{"0":{"name":"(anonymous_0)","decl":{"start":{"line":5,"column":21},"end":{"line":5,"column":22}},"loc":{"start":{"line":5,"column":49},"end":{"line":5,"column":78}}}},"branchMap":{},"s":{"0":2,"1":2,"2":2,"3":2,"4":2},"f":{"0":2},"b":{}}
,"C:\\Saas Application\\backend\\src\\auth\\guards\\roles.guard.ts": {"path":"C:\\Saas Application\\backend\\src\\auth\\guards\\roles.guard.ts","statementMap":{"0":{"start":{"line":1,"column":0},"end":{"line":1,"column":null}},"1":{"start":{"line":7,"column":0},"end":{"line":7,"column":41}},"2":{"start":{"line":8,"column":0},"end":{"line":8,"column":44}},"3":{"start":{"line":9,"column":0},"end":{"line":9,"column":58}},"4":{"start":{"line":10,"column":0},"end":{"line":10,"column":60}},"5":{"start":{"line":23,"column":7},"end":{"line":98,"column":null}},"6":{"start":{"line":25,"column":21},"end":{"line":25,"column":32}},"7":{"start":{"line":26,"column":21},"end":{"line":26,"column":29}},"8":{"start":{"line":30,"column":35},"end":{"line":36,"column":4}},"9":{"start":{"line":39,"column":26},"end":{"line":41,"column":null}},"10":{"start":{"line":44,"column":4},"end":{"line":46,"column":5}},"11":{"start":{"line":45,"column":6},"end":{"line":45,"column":18}},"12":{"start":{"line":48,"column":20},"end":{"line":48,"column":72}},"13":{"start":{"line":49,"column":15},"end":{"line":49,"column":27}},"14":{"start":{"line":52,"column":4},"end":{"line":72,"column":5}},"15":{"start":{"line":53,"column":25},"end":{"line":53,"column":54}},"16":{"start":{"line":54,"column":6},"end":{"line":71,"column":7}},"17":{"start":{"line":55,"column":23},"end":{"line":55,"column":75}},"18":{"start":{"line":56,"column":8},"end":{"line":70,"column":9}},"19":{"start":{"line":57,"column":25},"end":{"line":59,"column":12}},"20":{"start":{"line":60,"column":10},"end":{"line":67,"column":11}},"21":{"start":{"line":61,"column":12},"end":{"line":65,"column":14}},"22":{"start":{"line":66,"column":12},"end":{"line":66,"column":32}},"23":{"start":{"line":69,"column":10},"end":{"line":69,"column":65}},"24":{"start":{"line":74,"column":4},"end":{"line":78,"column":5}},"25":{"start":{"line":75,"column":6},"end":{"line":77,"column":8}},"26":{"start":{"line":80,"column":26},"end":{"line":81,"column":null}},"27":{"start":{"line":85,"column":26},"end":{"line":88,"column":6}},"28":{"start":{"line":86,"column":32},"end":{"line":86,"column":72}},"29":{"start":{"line":87,"column":6},"end":{"line":87,"column":48}},"30":{"start":{"line":90,"column":4},"end":{"line":94,"column":5}},"31":{"start":{"line":91,"column":6},"end":{"line":93,"column":8}},"32":{"start":{"line":96,"column":4},"end":{"line":96,"column":16}},"33":{"start":{"line":23,"column":13},"end":{"line":23,"column":23}},"34":{"start":{"line":23,"column":13},"end":{"line":98,"column":null}}},"fnMap":{"0":{"name":"(anonymous_2)","decl":{"start":{"line":24,"column":2},"end":{"line":24,"column":null}},"loc":{"start":{"line":26,"column":42},"end":{"line":27,"column":6}}},"1":{"name":"(anonymous_3)","decl":{"start":{"line":38,"column":2},"end":{"line":38,"column":7}},"loc":{"start":{"line":38,"column":45},"end":{"line":97,"column":3}}},"2":{"name":"(anonymous_4)","decl":{"start":{"line":85,"column":45},"end":{"line":85,"column":46}},"loc":{"start":{"line":85,"column":62},"end":{"line":88,"column":5}}}},"branchMap":{"0":{"loc":{"start":{"line":44,"column":4},"end":{"line":46,"column":5}},"type":"if","locations":[{"start":{"line":44,"column":4},"end":{"line":46,"column":5}},{"start":{},"end":{}}]},"1":{"loc":{"start":{"line":44,"column":8},"end":{"line":44,"column":52}},"type":"binary-expr","locations":[{"start":{"line":44,"column":8},"end":{"line":44,"column":22}},{"start":{"line":44,"column":26},"end":{"line":44,"column":52}}]},"2":{"loc":{"start":{"line":52,"column":4},"end":{"line":72,"column":5}},"type":"if","locations":[{"start":{"line":52,"column":4},"end":{"line":72,"column":5}},{"start":{},"end":{}}]},"3":{"loc":{"start":{"line":54,"column":6},"end":{"line":71,"column":7}},"type":"if","locations":[{"start":{"line":54,"column":6},"end":{"line":71,"column":7}},{"start":{},"end":{}}]},"4":{"loc":{"start":{"line":60,"column":10},"end":{"line":67,"column":11}},"type":"if","locations":[{"start":{"line":60,"column":10},"end":{"line":67,"column":11}},{"start":{},"end":{}}]},"5":{"loc":{"start":{"line":74,"column":4},"end":{"line":78,"column":5}},"type":"if","locations":[{"start":{"line":74,"column":4},"end":{"line":78,"column":5}},{"start":{},"end":{}}]},"6":{"loc":{"start":{"line":90,"column":4},"end":{"line":94,"column":5}},"type":"if","locations":[{"start":{"line":90,"column":4},"end":{"line":94,"column":5}},{"start":{},"end":{}}]},"7":{"loc":{"start":{"line":25,"column":32},"end":{"line":25,"column":null}},"type":"cond-expr","locations":[{"start":{"line":25,"column":41},"end":{"line":25,"column":null}},{"start":{"line":25,"column":41},"end":{"line":25,"column":null}}]},"8":{"loc":{"start":{"line":25,"column":32},"end":{"line":25,"column":41}},"type":"binary-expr","locations":[{"start":{"line":25,"column":32},"end":{"line":25,"column":null}},{"start":{"line":25,"column":32},"end":{"line":25,"column":41}}]},"9":{"loc":{"start":{"line":25,"column":41},"end":{"line":26,"column":null}},"type":"cond-expr","locations":[{"start":{"line":26,"column":42},"end":{"line":26,"column":null}},{"start":{"line":26,"column":42},"end":{"line":26,"column":null}}]},"10":{"loc":{"start":{"line":25,"column":41},"end":{"line":26,"column":42}},"type":"binary-expr","locations":[{"start":{"line":25,"column":41},"end":{"line":26,"column":null}},{"start":{"line":26,"column":29},"end":{"line":26,"column":42}}]}},"s":{"0":2,"1":2,"2":2,"3":2,"4":2,"5":2,"6":2,"7":2,"8":2,"9":0,"10":0,"11":0,"12":0,"13":0,"14":0,"15":0,"16":0,"17":0,"18":0,"19":0,"20":0,"21":0,"22":0,"23":0,"24":0,"25":0,"26":0,"27":0,"28":0,"29":0,"30":0,"31":0,"32":0,"33":2,"34":2},"f":{"0":2,"1":0,"2":0},"b":{"0":[0,0],"1":[0,0],"2":[0,0],"3":[0,0],"4":[0,0],"5":[0,0],"6":[0,0],"7":[2,0],"8":[2,2],"9":[2,0],"10":[2,2]}}
,"C:\\Saas Application\\backend\\src\\common\\decorators\\tenant-id.decorator.ts": {"path":"C:\\Saas Application\\backend\\src\\common\\decorators\\tenant-id.decorator.ts","statementMap":{"0":{"start":{"line":1,"column":0},"end":{"line":1,"column":72}},"1":{"start":{"line":4,"column":13},"end":{"line":13,"column":2}},"2":{"start":{"line":6,"column":20},"end":{"line":8,"column":62}},"3":{"start":{"line":11,"column":4},"end":{"line":11,"column":68}}},"fnMap":{"0":{"name":"(anonymous_0)","decl":{"start":{"line":5,"column":2},"end":{"line":5,"column":3}},"loc":{"start":{"line":5,"column":43},"end":{"line":12,"column":3}}}},"branchMap":{"0":{"loc":{"start":{"line":11,"column":11},"end":{"line":11,"column":67}},"type":"binary-expr","locations":[{"start":{"line":11,"column":11},"end":{"line":11,"column":33}},{"start":{"line":11,"column":37},"end":{"line":11,"column":67}}]}},"s":{"0":2,"1":2,"2":0,"3":0},"f":{"0":0},"b":{"0":[0,0]}}
,"C:\\Saas Application\\backend\\src\\dto\\create-tenant.dto.ts": {"path":"C:\\Saas Application\\backend\\src\\dto\\create-tenant.dto.ts","statementMap":{"0":{"start":{"line":1,"column":0},"end":{"line":1,"column":13}}},"fnMap":{},"branchMap":{},"s":{"0":0},"f":{},"b":{}}
,"C:\\Saas Application\\backend\\src\\dto\\update-tenant.dto.ts": {"path":"C:\\Saas Application\\backend\\src\\dto\\update-tenant.dto.ts","statementMap":{"0":{"start":{"line":1,"column":0},"end":{"line":1,"column":51}},"1":{"start":{"line":2,"column":0},"end":{"line":2,"column":54}},"2":{"start":{"line":4,"column":0},"end":{"line":4,"column":13}}},"fnMap":{},"branchMap":{},"s":{"0":0,"1":0,"2":0},"f":{},"b":{}}
,"C:\\Saas Application\\backend\\src\\email-template\\email-template.controller.ts": {"path":"C:\\Saas Application\\backend\\src\\email-template\\email-template.controller.ts","statementMap":{"0":{"start":{"line":1,"column":0},"end":{"line":1,"column":null}},"1":{"start":{"line":10,"column":0},"end":{"line":10,"column":64}},"2":{"start":{"line":11,"column":0},"end":{"line":11,"column":null}},"3":{"start":{"line":15,"column":0},"end":{"line":15,"column":68}},"4":{"start":{"line":18,"column":7},"end":{"line":49,"column":null}},"5":{"start":{"line":19,"column":31},"end":{"line":19,"column":53}},"6":{"start":{"line":23,"column":4},"end":{"line":23,"column":59}},"7":{"start":{"line":28,"column":4},"end":{"line":28,"column":55}},"8":{"start":{"line":33,"column":4},"end":{"line":33,"column":59}},"9":{"start":{"line":42,"column":4},"end":{"line":42,"column":63}},"10":{"start":{"line":47,"column":4},"end":{"line":47,"column":58}},"11":{"start":{"line":18,"column":13},"end":{"line":18,"column":36}},"12":{"start":{"line":22,"column":2},"end":{"line":24,"column":null}},"13":{"start":{"line":27,"column":2},"end":{"line":29,"column":null}},"14":{"start":{"line":32,"column":2},"end":{"line":34,"column":null}},"15":{"start":{"line":37,"column":2},"end":{"line":43,"column":null}},"16":{"start":{"line":46,"column":2},"end":{"line":48,"column":null}},"17":{"start":{"line":18,"column":13},"end":{"line":49,"column":null}}},"fnMap":{"0":{"name":"(anonymous_4)","decl":{"start":{"line":19,"column":2},"end":{"line":19,"column":31}},"loc":{"start":{"line":19,"column":73},"end":{"line":19,"column":77}}},"1":{"name":"(anonymous_5)","decl":{"start":{"line":22,"column":2},"end":{"line":22,"column":8}},"loc":{"start":{"line":22,"column":74},"end":{"line":24,"column":3}}},"2":{"name":"(anonymous_6)","decl":{"start":{"line":27,"column":2},"end":{"line":27,"column":9}},"loc":{"start":{"line":27,"column":38},"end":{"line":29,"column":3}}},"3":{"name":"(anonymous_7)","decl":{"start":{"line":32,"column":2},"end":{"line":32,"column":9}},"loc":{"start":{"line":32,"column":63},"end":{"line":34,"column":3}}},"4":{"name":"(anonymous_8)","decl":{"start":{"line":37,"column":2},"end":{"line":37,"column":8}},"loc":{"start":{"line":40,"column":39},"end":{"line":43,"column":3}}},"5":{"name":"(anonymous_9)","decl":{"start":{"line":46,"column":2},"end":{"line":46,"column":8}},"loc":{"start":{"line":46,"column":62},"end":{"line":48,"column":3}}}},"branchMap":{"0":{"loc":{"start":{"line":22,"column":52},"end":{"line":22,"column":null}},"type":"cond-expr","locations":[{"start":{"line":22,"column":74},"end":{"line":22,"column":null}},{"start":{"line":22,"column":74},"end":{"line":22,"column":null}}]},"1":{"loc":{"start":{"line":22,"column":52},"end":{"line":22,"column":74}},"type":"binary-expr","locations":[{"start":{"line":22,"column":52},"end":{"line":22,"column":null}},{"start":{"line":22,"column":52},"end":{"line":22,"column":74}}]},"2":{"loc":{"start":{"line":40,"column":17},"end":{"line":40,"column":null}},"type":"cond-expr","locations":[{"start":{"line":40,"column":39},"end":{"line":40,"column":null}},{"start":{"line":40,"column":39},"end":{"line":40,"column":null}}]},"3":{"loc":{"start":{"line":40,"column":17},"end":{"line":40,"column":39}},"type":"binary-expr","locations":[{"start":{"line":40,"column":17},"end":{"line":40,"column":null}},{"start":{"line":40,"column":17},"end":{"line":40,"column":39}}]},"4":{"loc":{"start":{"line":19,"column":53},"end":{"line":19,"column":76}},"type":"cond-expr","locations":[{"start":{"line":19,"column":73},"end":{"line":19,"column":76}},{"start":{"line":19,"column":73},"end":{"line":19,"column":76}}]},"5":{"loc":{"start":{"line":19,"column":53},"end":{"line":19,"column":73}},"type":"binary-expr","locations":[{"start":{"line":19,"column":53},"end":{"line":19,"column":76}},{"start":{"line":19,"column":53},"end":{"line":19,"column":73}}]}},"s":{"0":0,"1":0,"2":0,"3":0,"4":0,"5":0,"6":0,"7":0,"8":0,"9":0,"10":0,"11":0,"12":0,"13":0,"14":0,"15":0,"16":0,"17":0},"f":{"0":0,"1":0,"2":0,"3":0,"4":0,"5":0},"b":{"0":[0,0],"1":[0,0],"2":[0,0],"3":[0,0],"4":[0,0],"5":[0,0]}}
,"C:\\Saas Application\\backend\\src\\email-template\\email-template.module.ts": {"path":"C:\\Saas Application\\backend\\src\\email-template\\email-template.module.ts","statementMap":{"0":{"start":{"line":1,"column":0},"end":{"line":1,"column":40}},"1":{"start":{"line":2,"column":0},"end":{"line":2,"column":64}},"2":{"start":{"line":3,"column":0},"end":{"line":3,"column":70}},"3":{"start":{"line":10,"column":7},"end":{"line":10,"column":null}},"4":{"start":{"line":10,"column":13},"end":{"line":10,"column":32}},"5":{"start":{"line":10,"column":13},"end":{"line":10,"column":null}}},"fnMap":{},"branchMap":{},"s":{"0":0,"1":0,"2":0,"3":0,"4":0,"5":0},"f":{},"b":{}}
,"C:\\Saas Application\\backend\\src\\email-template\\email-template.service.ts": {"path":"C:\\Saas Application\\backend\\src\\email-template\\email-template.service.ts","statementMap":{"0":{"start":{"line":1,"column":0},"end":{"line":1,"column":63}},"1":{"start":{"line":2,"column":0},"end":{"line":2,"column":57}},"2":{"start":{"line":9,"column":7},"end":{"line":42,"column":null}},"3":{"start":{"line":10,"column":31},"end":{"line":10,"column":39}},"4":{"start":{"line":13,"column":4},"end":{"line":15,"column":7}},"5":{"start":{"line":19,"column":4},"end":{"line":19,"column":71}},"6":{"start":{"line":23,"column":21},"end":{"line":25,"column":6}},"7":{"start":{"line":26,"column":4},"end":{"line":26,"column":69}},"8":{"start":{"line":26,"column":19},"end":{"line":26,"column":69}},"9":{"start":{"line":27,"column":4},"end":{"line":27,"column":20}},"10":{"start":{"line":31,"column":4},"end":{"line":31,"column":37}},"11":{"start":{"line":32,"column":4},"end":{"line":35,"column":7}},"12":{"start":{"line":39,"column":4},"end":{"line":39,"column":37}},"13":{"start":{"line":40,"column":4},"end":{"line":40,"column":63}},"14":{"start":{"line":9,"column":13},"end":{"line":9,"column":33}},"15":{"start":{"line":9,"column":13},"end":{"line":42,"column":null}}},"fnMap":{"0":{"name":"(anonymous_2)","decl":{"start":{"line":10,"column":2},"end":{"line":10,"column":31}},"loc":{"start":{"line":10,"column":52},"end":{"line":10,"column":56}}},"1":{"name":"(anonymous_3)","decl":{"start":{"line":12,"column":2},"end":{"line":12,"column":7}},"loc":{"start":{"line":12,"column":61},"end":{"line":16,"column":3}}},"2":{"name":"(anonymous_4)","decl":{"start":{"line":18,"column":2},"end":{"line":18,"column":7}},"loc":{"start":{"line":18,"column":32},"end":{"line":20,"column":3}}},"3":{"name":"(anonymous_5)","decl":{"start":{"line":22,"column":2},"end":{"line":22,"column":7}},"loc":{"start":{"line":22,"column":44},"end":{"line":28,"column":3}}},"4":{"name":"(anonymous_6)","decl":{"start":{"line":30,"column":2},"end":{"line":30,"column":7}},"loc":{"start":{"line":30,"column":73},"end":{"line":36,"column":3}}},"5":{"name":"(anonymous_7)","decl":{"start":{"line":38,"column":2},"end":{"line":38,"column":7}},"loc":{"start":{"line":38,"column":43},"end":{"line":41,"column":3}}}},"branchMap":{"0":{"loc":{"start":{"line":26,"column":4},"end":{"line":26,"column":69}},"type":"if","locations":[{"start":{"line":26,"column":4},"end":{"line":26,"column":69}},{"start":{},"end":{}}]},"1":{"loc":{"start":{"line":10,"column":39},"end":{"line":10,"column":55}},"type":"cond-expr","locations":[{"start":{"line":10,"column":52},"end":{"line":10,"column":55}},{"start":{"line":10,"column":52},"end":{"line":10,"column":55}}]},"2":{"loc":{"start":{"line":10,"column":39},"end":{"line":10,"column":52}},"type":"binary-expr","locations":[{"start":{"line":10,"column":39},"end":{"line":10,"column":55}},{"start":{"line":10,"column":39},"end":{"line":10,"column":52}}]}},"s":{"0":0,"1":0,"2":0,"3":0,"4":0,"5":0,"6":0,"7":0,"8":0,"9":0,"10":0,"11":0,"12":0,"13":0,"14":0,"15":0},"f":{"0":0,"1":0,"2":0,"3":0,"4":0,"5":0},"b":{"0":[0,0],"1":[0,0],"2":[0,0]}}
,"C:\\Saas Application\\backend\\src\\email-template\\dto\\email-template.dto.ts": {"path":"C:\\Saas Application\\backend\\src\\email-template\\dto\\email-template.dto.ts","statementMap":{"0":{"start":{"line":1,"column":0},"end":{"line":1,"column":76}},"1":{"start":{"line":3,"column":0},"end":{"line":3,"column":13}},"2":{"start":{"line":6,"column":2},"end":{"line":6,"column":null}},"3":{"start":{"line":10,"column":2},"end":{"line":10,"column":null}},"4":{"start":{"line":14,"column":2},"end":{"line":14,"column":16}},"5":{"start":{"line":19,"column":2},"end":{"line":19,"column":null}},"6":{"start":{"line":22,"column":0},"end":{"line":22,"column":13}},"7":{"start":{"line":25,"column":2},"end":{"line":25,"column":null}},"8":{"start":{"line":29,"column":2},"end":{"line":29,"column":null}},"9":{"start":{"line":33,"column":2},"end":{"line":33,"column":null}},"10":{"start":{"line":38,"column":2},"end":{"line":38,"column":null}}},"fnMap":{},"branchMap":{},"s":{"0":0,"1":0,"2":0,"3":0,"4":0,"5":0,"6":0,"7":0,"8":0,"9":0,"10":0},"f":{},"b":{}}
,"C:\\Saas Application\\backend\\src\\entities\\tenant.entity.ts": {"path":"C:\\Saas Application\\backend\\src\\entities\\tenant.entity.ts","statementMap":{"0":{"start":{"line":1,"column":0},"end":{"line":1,"column":13}}},"fnMap":{},"branchMap":{},"s":{"0":0},"f":{},"b":{}}
,"C:\\Saas Application\\backend\\src\\prisma\\prisma.module.ts": {"path":"C:\\Saas Application\\backend\\src\\prisma\\prisma.module.ts","statementMap":{"0":{"start":{"line":1,"column":0},"end":{"line":1,"column":48}},"1":{"start":{"line":2,"column":0},"end":{"line":2,"column":49}},"2":{"start":{"line":9,"column":7},"end":{"line":9,"column":null}},"3":{"start":{"line":9,"column":13},"end":{"line":9,"column":25}},"4":{"start":{"line":9,"column":13},"end":{"line":9,"column":null}}},"fnMap":{},"branchMap":{},"s":{"0":0,"1":0,"2":0,"3":0,"4":0},"f":{},"b":{}}
,"C:\\Saas Application\\backend\\src\\prisma\\prisma.service.ts": {"path":"C:\\Saas Application\\backend\\src\\prisma\\prisma.service.ts","statementMap":{"0":{"start":{"line":1,"column":0},"end":{"line":1,"column":75}},"1":{"start":{"line":2,"column":0},"end":{"line":2,"column":46}},"2":{"start":{"line":5,"column":7},"end":{"line":16,"column":null}},"3":{"start":{"line":10,"column":4},"end":{"line":10,"column":26}},"4":{"start":{"line":14,"column":4},"end":{"line":14,"column":29}},"5":{"start":{"line":5,"column":13},"end":{"line":5,"column":26}},"6":{"start":{"line":5,"column":13},"end":{"line":16,"column":null}}},"fnMap":{"0":{"name":"(anonymous_1)","decl":{"start":{"line":9,"column":2},"end":{"line":9,"column":7}},"loc":{"start":{"line":9,"column":20},"end":{"line":11,"column":3}}},"1":{"name":"(anonymous_2)","decl":{"start":{"line":13,"column":2},"end":{"line":13,"column":7}},"loc":{"start":{"line":13,"column":23},"end":{"line":15,"column":3}}}},"branchMap":{},"s":{"0":10,"1":10,"2":10,"3":0,"4":0,"5":10,"6":10},"f":{"0":0,"1":0},"b":{}}
,"C:\\Saas Application\\backend\\src\\rbac\\permissions.enum.ts": {"path":"C:\\Saas Application\\backend\\src\\rbac\\permissions.enum.ts","statementMap":{"0":{"start":{"line":1,"column":0},"end":{"line":1,"column":null}},"1":{"start":{"line":2,"column":2},"end":{"line":2,"column":null}},"2":{"start":{"line":3,"column":2},"end":{"line":3,"column":null}},"3":{"start":{"line":4,"column":2},"end":{"line":4,"column":null}},"4":{"start":{"line":5,"column":2},"end":{"line":5,"column":null}},"5":{"start":{"line":6,"column":2},"end":{"line":6,"column":null}},"6":{"start":{"line":7,"column":2},"end":{"line":7,"column":null}},"7":{"start":{"line":8,"column":2},"end":{"line":8,"column":null}}},"fnMap":{"0":{"name":"(anonymous_0)","decl":{"start":{"line":1,"column":0},"end":{"line":1,"column":12}},"loc":{"start":{"line":1,"column":22},"end":{"line":9,"column":1}}}},"branchMap":{"0":{"loc":{"start":{"line":1,"column":12},"end":{"line":1,"column":null}},"type":"binary-expr","locations":[{"start":{"line":1,"column":12},"end":{"line":1,"column":22}},{"start":{"line":1,"column":22},"end":{"line":1,"column":null}}]}},"s":{"0":0,"1":0,"2":0,"3":0,"4":0,"5":0,"6":0,"7":0},"f":{"0":0},"b":{"0":[0,0]}}
,"C:\\Saas Application\\backend\\src\\rbac\\rbac.controller.ts": {"path":"C:\\Saas Application\\backend\\src\\rbac\\rbac.controller.ts","statementMap":{"0":{"start":{"line":1,"column":0},"end":{"line":1,"column":76}},"1":{"start":{"line":2,"column":0},"end":{"line":2,"column":45}},"2":{"start":{"line":3,"column":0},"end":{"line":3,"column":54}},"3":{"start":{"line":4,"column":0},"end":{"line":4,"column":68}},"4":{"start":{"line":7,"column":7},"end":{"line":24,"column":null}},"5":{"start":{"line":8,"column":31},"end":{"line":8,"column":44}},"6":{"start":{"line":12,"column":4},"end":{"line":12,"column":55}},"7":{"start":{"line":17,"column":4},"end":{"line":17,"column":47}},"8":{"start":{"line":22,"column":4},"end":{"line":22,"column":53}},"9":{"start":{"line":7,"column":13},"end":{"line":7,"column":27}},"10":{"start":{"line":11,"column":2},"end":{"line":13,"column":null}},"11":{"start":{"line":16,"column":2},"end":{"line":18,"column":null}},"12":{"start":{"line":21,"column":2},"end":{"line":23,"column":null}},"13":{"start":{"line":7,"column":13},"end":{"line":24,"column":null}}},"fnMap":{"0":{"name":"(anonymous_4)","decl":{"start":{"line":8,"column":2},"end":{"line":8,"column":31}},"loc":{"start":{"line":8,"column":55},"end":{"line":8,"column":59}}},"1":{"name":"(anonymous_5)","decl":{"start":{"line":11,"column":2},"end":{"line":11,"column":12}},"loc":{"start":{"line":11,"column":70},"end":{"line":13,"column":3}}},"2":{"name":"(anonymous_6)","decl":{"start":{"line":16,"column":2},"end":{"line":16,"column":10}},"loc":{"start":{"line":16,"column":39},"end":{"line":18,"column":3}}},"3":{"name":"(anonymous_7)","decl":{"start":{"line":21,"column":2},"end":{"line":21,"column":12}},"loc":{"start":{"line":21,"column":66},"end":{"line":23,"column":3}}}},"branchMap":{"0":{"loc":{"start":{"line":11,"column":57},"end":{"line":11,"column":null}},"type":"cond-expr","locations":[{"start":{"line":11,"column":70},"end":{"line":11,"column":null}},{"start":{"line":11,"column":70},"end":{"line":11,"column":null}}]},"1":{"loc":{"start":{"line":11,"column":57},"end":{"line":11,"column":70}},"type":"binary-expr","locations":[{"start":{"line":11,"column":57},"end":{"line":11,"column":null}},{"start":{"line":11,"column":57},"end":{"line":11,"column":70}}]},"2":{"loc":{"start":{"line":8,"column":44},"end":{"line":8,"column":58}},"type":"cond-expr","locations":[{"start":{"line":8,"column":55},"end":{"line":8,"column":58}},{"start":{"line":8,"column":55},"end":{"line":8,"column":58}}]},"3":{"loc":{"start":{"line":8,"column":44},"end":{"line":8,"column":55}},"type":"binary-expr","locations":[{"start":{"line":8,"column":44},"end":{"line":8,"column":58}},{"start":{"line":8,"column":44},"end":{"line":8,"column":55}}]}},"s":{"0":1,"1":1,"2":1,"3":1,"4":1,"5":1,"6":0,"7":0,"8":0,"9":1,"10":1,"11":1,"12":1,"13":1},"f":{"0":1,"1":0,"2":0,"3":0},"b":{"0":[1,0],"1":[1,1],"2":[1,0],"3":[1,1]}}
,"C:\\Saas Application\\backend\\src\\rbac\\rbac.module.ts": {"path":"C:\\Saas Application\\backend\\src\\rbac\\rbac.module.ts","statementMap":{"0":{"start":{"line":1,"column":0},"end":{"line":1,"column":40}},"1":{"start":{"line":2,"column":0},"end":{"line":2,"column":45}},"2":{"start":{"line":3,"column":0},"end":{"line":3,"column":51}},"3":{"start":{"line":9,"column":7},"end":{"line":9,"column":null}},"4":{"start":{"line":9,"column":13},"end":{"line":9,"column":23}},"5":{"start":{"line":9,"column":13},"end":{"line":9,"column":null}}},"fnMap":{},"branchMap":{},"s":{"0":0,"1":0,"2":0,"3":0,"4":0,"5":0},"f":{},"b":{}}
,"C:\\Saas Application\\backend\\src\\rbac\\rbac.service.ts": {"path":"C:\\Saas Application\\backend\\src\\rbac\\rbac.service.ts","statementMap":{"0":{"start":{"line":1,"column":0},"end":{"line":1,"column":63}},"1":{"start":{"line":2,"column":0},"end":{"line":2,"column":57}},"2":{"start":{"line":6,"column":7},"end":{"line":24,"column":null}},"3":{"start":{"line":7,"column":31},"end":{"line":7,"column":39}},"4":{"start":{"line":10,"column":4},"end":{"line":12,"column":7}},"5":{"start":{"line":16,"column":4},"end":{"line":16,"column":62}},"6":{"start":{"line":20,"column":17},"end":{"line":20,"column":78}},"7":{"start":{"line":21,"column":4},"end":{"line":21,"column":61}},"8":{"start":{"line":21,"column":15},"end":{"line":21,"column":61}},"9":{"start":{"line":22,"column":4},"end":{"line":22,"column":54}},"10":{"start":{"line":6,"column":13},"end":{"line":6,"column":24}},"11":{"start":{"line":6,"column":13},"end":{"line":24,"column":null}}},"fnMap":{"0":{"name":"(anonymous_2)","decl":{"start":{"line":7,"column":2},"end":{"line":7,"column":31}},"loc":{"start":{"line":7,"column":52},"end":{"line":7,"column":56}}},"1":{"name":"(anonymous_3)","decl":{"start":{"line":9,"column":2},"end":{"line":9,"column":7}},"loc":{"start":{"line":9,"column":56},"end":{"line":13,"column":3}}},"2":{"name":"(anonymous_4)","decl":{"start":{"line":15,"column":2},"end":{"line":15,"column":7}},"loc":{"start":{"line":15,"column":33},"end":{"line":17,"column":3}}},"3":{"name":"(anonymous_5)","decl":{"start":{"line":19,"column":2},"end":{"line":19,"column":7}},"loc":{"start":{"line":19,"column":47},"end":{"line":23,"column":3}}}},"branchMap":{"0":{"loc":{"start":{"line":21,"column":4},"end":{"line":21,"column":61}},"type":"if","locations":[{"start":{"line":21,"column":4},"end":{"line":21,"column":61}},{"start":{},"end":{}}]},"1":{"loc":{"start":{"line":7,"column":39},"end":{"line":7,"column":55}},"type":"cond-expr","locations":[{"start":{"line":7,"column":52},"end":{"line":7,"column":55}},{"start":{"line":7,"column":52},"end":{"line":7,"column":55}}]},"2":{"loc":{"start":{"line":7,"column":39},"end":{"line":7,"column":52}},"type":"binary-expr","locations":[{"start":{"line":7,"column":39},"end":{"line":7,"column":55}},{"start":{"line":7,"column":39},"end":{"line":7,"column":52}}]}},"s":{"0":2,"1":2,"2":2,"3":5,"4":1,"5":1,"6":2,"7":2,"8":1,"9":1,"10":2,"11":2},"f":{"0":5,"1":1,"2":1,"3":2},"b":{"0":[1,1],"1":[2,0],"2":[2,2]}}
,"C:\\Saas Application\\backend\\src\\rbac\\dto\\create-role.dto.ts": {"path":"C:\\Saas Application\\backend\\src\\rbac\\dto\\create-role.dto.ts","statementMap":{"0":{"start":{"line":1,"column":0},"end":{"line":1,"column":64}},"1":{"start":{"line":3,"column":0},"end":{"line":3,"column":13}},"2":{"start":{"line":6,"column":2},"end":{"line":6,"column":null}},"3":{"start":{"line":10,"column":2},"end":{"line":10,"column":null}}},"fnMap":{},"branchMap":{},"s":{"0":1,"1":1,"2":1,"3":1},"f":{},"b":{}}
,"C:\\Saas Application\\backend\\src\\settings\\settings.controller.ts": {"path":"C:\\Saas Application\\backend\\src\\settings\\settings.controller.ts","statementMap":{"0":{"start":{"line":1,"column":0},"end":{"line":1,"column":null}},"1":{"start":{"line":12,"column":0},"end":{"line":12,"column":53}},"2":{"start":{"line":13,"column":0},"end":{"line":13,"column":58}},"3":{"start":{"line":14,"column":0},"end":{"line":14,"column":54}},"4":{"start":{"line":15,"column":0},"end":{"line":15,"column":58}},"5":{"start":{"line":16,"column":0},"end":{"line":16,"column":68}},"6":{"start":{"line":17,"column":0},"end":{"line":17,"column":80}},"7":{"start":{"line":18,"column":0},"end":{"line":18,"column":68}},"8":{"start":{"line":19,"column":0},"end":{"line":19,"column":62}},"9":{"start":{"line":20,"column":0},"end":{"line":20,"column":56}},"10":{"start":{"line":21,"column":0},"end":{"line":21,"column":59}},"11":{"start":{"line":22,"column":0},"end":{"line":22,"column":44}},"12":{"start":{"line":28,"column":7},"end":{"line":133,"column":null}},"13":{"start":{"line":29,"column":31},"end":{"line":29,"column":48}},"14":{"start":{"line":33,"column":4},"end":{"line":33,"column":54}},"15":{"start":{"line":38,"column":4},"end":{"line":38,"column":59}},"16":{"start":{"line":43,"column":4},"end":{"line":48,"column":5}},"17":{"start":{"line":44,"column":6},"end":{"line":44,"column":65}},"18":{"start":{"line":46,"column":6},"end":{"line":46,"column":58}},"19":{"start":{"line":47,"column":6},"end":{"line":47,"column":18}},"20":{"start":{"line":53,"column":4},"end":{"line":53,"column":59}},"21":{"start":{"line":58,"column":4},"end":{"line":58,"column":53}},"22":{"start":{"line":63,"column":4},"end":{"line":63,"column":55}},"23":{"start":{"line":68,"column":4},"end":{"line":68,"column":55}},"24":{"start":{"line":73,"column":4},"end":{"line":73,"column":57}},"25":{"start":{"line":78,"column":4},"end":{"line":78,"column":57}},"26":{"start":{"line":84,"column":4},"end":{"line":84,"column":53}},"27":{"start":{"line":89,"column":4},"end":{"line":89,"column":61}},"28":{"start":{"line":98,"column":4},"end":{"line":98,"column":65}},"29":{"start":{"line":103,"column":4},"end":{"line":103,"column":59}},"30":{"start":{"line":109,"column":4},"end":{"line":109,"column":57}},"31":{"start":{"line":117,"column":4},"end":{"line":117,"column":65}},"32":{"start":{"line":126,"column":4},"end":{"line":126,"column":69}},"33":{"start":{"line":131,"column":4},"end":{"line":131,"column":63}},"34":{"start":{"line":28,"column":13},"end":{"line":28,"column":31}},"35":{"start":{"line":32,"column":2},"end":{"line":34,"column":null}},"36":{"start":{"line":37,"column":2},"end":{"line":39,"column":null}},"37":{"start":{"line":42,"column":8},"end":{"line":49,"column":null}},"38":{"start":{"line":52,"column":2},"end":{"line":54,"column":null}},"39":{"start":{"line":57,"column":2},"end":{"line":59,"column":null}},"40":{"start":{"line":62,"column":2},"end":{"line":64,"column":null}},"41":{"start":{"line":67,"column":2},"end":{"line":69,"column":null}},"42":{"start":{"line":72,"column":2},"end":{"line":74,"column":null}},"43":{"start":{"line":77,"column":2},"end":{"line":79,"column":null}},"44":{"start":{"line":83,"column":2},"end":{"line":85,"column":null}},"45":{"start":{"line":88,"column":2},"end":{"line":90,"column":null}},"46":{"start":{"line":93,"column":2},"end":{"line":99,"column":null}},"47":{"start":{"line":102,"column":2},"end":{"line":104,"column":null}},"48":{"start":{"line":108,"column":2},"end":{"line":110,"column":null}},"49":{"start":{"line":113,"column":2},"end":{"line":118,"column":null}},"50":{"start":{"line":121,"column":2},"end":{"line":127,"column":null}},"51":{"start":{"line":130,"column":2},"end":{"line":132,"column":null}},"52":{"start":{"line":28,"column":13},"end":{"line":133,"column":null}}},"fnMap":{"0":{"name":"(anonymous_4)","decl":{"start":{"line":29,"column":2},"end":{"line":29,"column":31}},"loc":{"start":{"line":29,"column":63},"end":{"line":29,"column":67}}},"1":{"name":"(anonymous_5)","decl":{"start":{"line":32,"column":2},"end":{"line":32,"column":13}},"loc":{"start":{"line":32,"column":42},"end":{"line":34,"column":3}}},"2":{"name":"(anonymous_6)","decl":{"start":{"line":37,"column":2},"end":{"line":37,"column":12}},"loc":{"start":{"line":37,"column":72},"end":{"line":39,"column":3}}},"3":{"name":"(anonymous_7)","decl":{"start":{"line":42,"column":8},"end":{"line":42,"column":16}},"loc":{"start":{"line":42,"column":74},"end":{"line":49,"column":3}}},"4":{"name":"(anonymous_8)","decl":{"start":{"line":52,"column":2},"end":{"line":52,"column":12}},"loc":{"start":{"line":52,"column":72},"end":{"line":54,"column":3}}},"5":{"name":"(anonymous_9)","decl":{"start":{"line":57,"column":2},"end":{"line":57,"column":10}},"loc":{"start":{"line":57,"column":10},"end":{"line":59,"column":3}}},"6":{"name":"(anonymous_10)","decl":{"start":{"line":62,"column":2},"end":{"line":62,"column":8}},"loc":{"start":{"line":62,"column":36},"end":{"line":64,"column":3}}},"7":{"name":"(anonymous_11)","decl":{"start":{"line":67,"column":2},"end":{"line":67,"column":10}},"loc":{"start":{"line":67,"column":64},"end":{"line":69,"column":3}}},"8":{"name":"(anonymous_12)","decl":{"start":{"line":72,"column":2},"end":{"line":72,"column":12}},"loc":{"start":{"line":72,"column":66},"end":{"line":74,"column":3}}},"9":{"name":"(anonymous_13)","decl":{"start":{"line":77,"column":2},"end":{"line":77,"column":12}},"loc":{"start":{"line":77,"column":66},"end":{"line":79,"column":3}}},"10":{"name":"(anonymous_14)","decl":{"start":{"line":83,"column":2},"end":{"line":83,"column":12}},"loc":{"start":{"line":83,"column":41},"end":{"line":85,"column":3}}},"11":{"name":"(anonymous_15)","decl":{"start":{"line":88,"column":2},"end":{"line":88,"column":14}},"loc":{"start":{"line":88,"column":74},"end":{"line":90,"column":3}}},"12":{"name":"(anonymous_16)","decl":{"start":{"line":93,"column":2},"end":{"line":93,"column":14}},"loc":{"start":{"line":96,"column":33},"end":{"line":99,"column":3}}},"13":{"name":"(anonymous_17)","decl":{"start":{"line":102,"column":2},"end":{"line":102,"column":14}},"loc":{"start":{"line":102,"column":68},"end":{"line":104,"column":3}}},"14":{"name":"(anonymous_18)","decl":{"start":{"line":108,"column":2},"end":{"line":108,"column":16}},"loc":{"start":{"line":108,"column":45},"end":{"line":110,"column":3}}},"15":{"name":"(anonymous_19)","decl":{"start":{"line":113,"column":2},"end":{"line":113,"column":18}},"loc":{"start":{"line":115,"column":37},"end":{"line":118,"column":3}}},"16":{"name":"(anonymous_20)","decl":{"start":{"line":121,"column":2},"end":{"line":121,"column":18}},"loc":{"start":{"line":124,"column":37},"end":{"line":127,"column":3}}},"17":{"name":"(anonymous_21)","decl":{"start":{"line":130,"column":2},"end":{"line":130,"column":18}},"loc":{"start":{"line":130,"column":72},"end":{"line":132,"column":3}}}},"branchMap":{"0":{"loc":{"start":{"line":37,"column":57},"end":{"line":37,"column":null}},"type":"cond-expr","locations":[{"start":{"line":37,"column":72},"end":{"line":37,"column":null}},{"start":{"line":37,"column":72},"end":{"line":37,"column":null}}]},"1":{"loc":{"start":{"line":37,"column":57},"end":{"line":37,"column":72}},"type":"binary-expr","locations":[{"start":{"line":37,"column":57},"end":{"line":37,"column":null}},{"start":{"line":37,"column":57},"end":{"line":37,"column":72}}]},"2":{"loc":{"start":{"line":42,"column":61},"end":{"line":42,"column":null}},"type":"cond-expr","locations":[{"start":{"line":42,"column":74},"end":{"line":42,"column":null}},{"start":{"line":42,"column":74},"end":{"line":42,"column":null}}]},"3":{"loc":{"start":{"line":42,"column":61},"end":{"line":42,"column":74}},"type":"binary-expr","locations":[{"start":{"line":42,"column":61},"end":{"line":42,"column":null}},{"start":{"line":42,"column":61},"end":{"line":42,"column":74}}]},"4":{"loc":{"start":{"line":52,"column":57},"end":{"line":52,"column":null}},"type":"cond-expr","locations":[{"start":{"line":52,"column":72},"end":{"line":52,"column":null}},{"start":{"line":52,"column":72},"end":{"line":52,"column":null}}]},"5":{"loc":{"start":{"line":52,"column":57},"end":{"line":52,"column":72}},"type":"binary-expr","locations":[{"start":{"line":52,"column":57},"end":{"line":52,"column":null}},{"start":{"line":52,"column":57},"end":{"line":52,"column":72}}]},"6":{"loc":{"start":{"line":62,"column":23},"end":{"line":62,"column":null}},"type":"cond-expr","locations":[{"start":{"line":62,"column":36},"end":{"line":62,"column":null}},{"start":{"line":62,"column":36},"end":{"line":62,"column":null}}]},"7":{"loc":{"start":{"line":62,"column":23},"end":{"line":62,"column":36}},"type":"binary-expr","locations":[{"start":{"line":62,"column":23},"end":{"line":62,"column":null}},{"start":{"line":62,"column":23},"end":{"line":62,"column":36}}]},"8":{"loc":{"start":{"line":88,"column":59},"end":{"line":88,"column":null}},"type":"cond-expr","locations":[{"start":{"line":88,"column":74},"end":{"line":88,"column":null}},{"start":{"line":88,"column":74},"end":{"line":88,"column":null}}]},"9":{"loc":{"start":{"line":88,"column":59},"end":{"line":88,"column":74}},"type":"binary-expr","locations":[{"start":{"line":88,"column":59},"end":{"line":88,"column":null}},{"start":{"line":88,"column":59},"end":{"line":88,"column":74}}]},"10":{"loc":{"start":{"line":96,"column":18},"end":{"line":96,"column":null}},"type":"cond-expr","locations":[{"start":{"line":96,"column":33},"end":{"line":96,"column":null}},{"start":{"line":96,"column":33},"end":{"line":96,"column":null}}]},"11":{"loc":{"start":{"line":96,"column":18},"end":{"line":96,"column":33}},"type":"binary-expr","locations":[{"start":{"line":96,"column":18},"end":{"line":96,"column":null}},{"start":{"line":96,"column":18},"end":{"line":96,"column":33}}]},"12":{"loc":{"start":{"line":115,"column":18},"end":{"line":115,"column":null}},"type":"cond-expr","locations":[{"start":{"line":115,"column":37},"end":{"line":115,"column":null}},{"start":{"line":115,"column":37},"end":{"line":115,"column":null}}]},"13":{"loc":{"start":{"line":115,"column":18},"end":{"line":115,"column":37}},"type":"binary-expr","locations":[{"start":{"line":115,"column":18},"end":{"line":115,"column":null}},{"start":{"line":115,"column":18},"end":{"line":115,"column":37}}]},"14":{"loc":{"start":{"line":124,"column":18},"end":{"line":124,"column":null}},"type":"cond-expr","locations":[{"start":{"line":124,"column":37},"end":{"line":124,"column":null}},{"start":{"line":124,"column":37},"end":{"line":124,"column":null}}]},"15":{"loc":{"start":{"line":124,"column":18},"end":{"line":124,"column":37}},"type":"binary-expr","locations":[{"start":{"line":124,"column":18},"end":{"line":124,"column":null}},{"start":{"line":124,"column":18},"end":{"line":124,"column":37}}]},"16":{"loc":{"start":{"line":29,"column":48},"end":{"line":29,"column":66}},"type":"cond-expr","locations":[{"start":{"line":29,"column":63},"end":{"line":29,"column":66}},{"start":{"line":29,"column":63},"end":{"line":29,"column":66}}]},"17":{"loc":{"start":{"line":29,"column":48},"end":{"line":29,"column":63}},"type":"binary-expr","locations":[{"start":{"line":29,"column":48},"end":{"line":29,"column":66}},{"start":{"line":29,"column":48},"end":{"line":29,"column":63}}]}},"s":{"0":1,"1":1,"2":1,"3":1,"4":1,"5":1,"6":1,"7
[...]
ecl":{"start":{"line":314,"column":10},"end":{"line":314,"column":15}},"loc":{"start":{"line":318,"column":18},"end":{"line":337,"column":3}}},"21":{"name":"(anonymous_32)","decl":{"start":{"line":327,"column":28},"end":{"line":327,"column":29}},"loc":{"start":{"line":327,"column":40},"end":{"line":336,"column":5}}},"22":{"name":"(anonymous_33)","decl":{"start":{"line":328,"column":37},"end":{"line":328,"column":38}},"loc":{"start":{"line":328,"column":45},"end":{"line":335,"column":7}}},"23":{"name":"(anonymous_34)","decl":{"start":{"line":339,"column":10},"end":{"line":339,"column":15}},"loc":{"start":{"line":342,"column":18},"end":{"line":380,"column":3}}},"24":{"name":"(anonymous_35)","decl":{"start":{"line":382,"column":10},"end":{"line":382,"column":15}},"loc":{"start":{"line":385,"column":18},"end":{"line":435,"column":3}}},"25":{"name":"(anonymous_36)","decl":{"start":{"line":437,"column":2},"end":{"line":437,"column":7}},"loc":{"start":{"line":437,"column":70},"end":{"line":455,"column":3}}},"26":{"name":"(anonymous_37)","decl":{"start":{"line":457,"column":2},"end":{"line":457,"column":20}},"loc":{"start":{"line":457,"column":29},"end":{"line":494,"column":3}}}},"branchMap":{"0":{"loc":{"start":{"line":19,"column":6},"end":{"line":22,"column":7}},"type":"if","locations":[{"start":{"line":19,"column":6},"end":{"line":22,"column":7}},{"start":{},"end":{}}]},"1":{"loc":{"start":{"line":65,"column":4},"end":{"line":69,"column":5}},"type":"if","locations":[{"start":{"line":65,"column":4},"end":{"line":69,"column":5}},{"start":{"line":67,"column":11},"end":{"line":69,"column":5}}]},"2":{"loc":{"start":{"line":93,"column":4},"end":{"line":95,"column":5}},"type":"if","locations":[{"start":{"line":93,"column":4},"end":{"line":95,"column":5}},{"start":{},"end":{}}]},"3":{"loc":{"start":{"line":100,"column":4},"end":{"line":102,"column":5}},"type":"if","locations":[{"start":{"line":100,"column":4},"end":{"line":102,"column":5}},{"start":{},"end":{}}]},"4":{"loc":{"start":{"line":107,"column":4},"end":{"line":112,"column":5}},"type":"if","locations":[{"start":{"line":107,"column":4},"end":{"line":112,"column":5}},{"start":{},"end":{}}]},"5":{"loc":{"start":{"line":109,"column":6},"end":{"line":111,"column":7}},"type":"if","locations":[{"start":{"line":109,"column":6},"end":{"line":111,"column":7}},{"start":{},"end":{}}]},"6":{"loc":{"start":{"line":115,"column":4},"end":{"line":120,"column":5}},"type":"if","locations":[{"start":{"line":115,"column":4},"end":{"line":120,"column":5}},{"start":{},"end":{}}]},"7":{"loc":{"start":{"line":117,"column":6},"end":{"line":119,"column":7}},"type":"if","locations":[{"start":{"line":117,"column":6},"end":{"line":119,"column":7}},{"start":{},"end":{}}]},"8":{"loc":{"start":{"line":123,"column":4},"end":{"line":140,"column":5}},"type":"if","locations":[{"start":{"line":123,"column":4},"end":{"line":140,"column":5}},{"start":{"line":138,"column":11},"end":{"line":140,"column":5}}]},"9":{"loc":{"start":{"line":145,"column":15},"end":{"line":145,"column":79}},"type":"cond-expr","locations":[{"start":{"line":145,"column":25},"end":{"line":145,"column":53}},{"start":{"line":145,"column":56},"end":{"line":145,"column":79}}]},"10":{"loc":{"start":{"line":155,"column":15},"end":{"line":157,"column":71}},"type":"cond-expr","locations":[{"start":{"line":156,"column":8},"end":{"line":156,"column":93}},{"start":{"line":157,"column":8},"end":{"line":157,"column":71}}]},"11":{"loc":{"start":{"line":159,"column":4},"end":{"line":162,"column":5}},"type":"if","locations":[{"start":{"line":159,"column":4},"end":{"line":162,"column":5}},{"start":{},"end":{}}]},"12":{"loc":{"start":{"line":164,"column":19},"end":{"line":164,"column":51}},"type":"cond-expr","locations":[{"start":{"line":164,"column":35},"end":{"line":164,"column":42}},{"start":{"line":164,"column":45},"end":{"line":164,"column":51}}]},"13":{"loc":{"start":{"line":164,"column":74},"end":{"line":164,"column":88}},"type":"binary-expr","locations":[{"start":{"line":164,"column":74},"end":{"line":164,"column":81}},{"start":{"line":164,"column":85},"end":{"line":164,"column":88}}]},"14":{"loc":{"start":{"line":172,"column":28},"end":{"line":172,"column":68}},"type":"cond-expr","locations":[{"start":{"line":172,"column":43},"end":{"line":172,"column":55}},{"start":{"line":172,"column":58},"end":{"line":172,"column":68}}]},"15":{"loc":{"start":{"line":173,"column":4},"end":{"line":175,"column":5}},"type":"if","locations":[{"start":{"line":173,"column":4},"end":{"line":175,"column":5}},{"start":{},"end":{}}]},"16":{"loc":{"start":{"line":191,"column":20},"end":{"line":191,"column":41}},"type":"binary-expr","locations":[{"start":{"line":191,"column":20},"end":{"line":191,"column":35}},{"start":{"line":191,"column":39},"end":{"line":191,"column":41}}]},"17":{"loc":{"start":{"line":191,"column":43},"end":{"line":191,"column":64}},"type":"binary-expr","locations":[{"start":{"line":191,"column":43},"end":{"line":191,"column":58}},{"start":{"line":191,"column":62},"end":{"line":191,"column":64}}]},"18":{"loc":{"start":{"line":192,"column":10},"end":{"line":197,"column":11}},"type":"if","locations":[{"start":{"line":192,"column":10},"end":{"line":197,"column":11}},{"start":{"line":195,"column":17},"end":{"line":197,"column":11}}]},"19":{"loc":{"start":{"line":201,"column":6},"end":{"line":203,"column":7}},"type":"if","locations":[{"start":{"line":201,"column":6},"end":{"line":203,"column":7}},{"start":{},"end":{}}]},"20":{"loc":{"start":{"line":210,"column":10},"end":{"line":215,"column":11}},"type":"if","locations":[{"start":{"line":210,"column":10},"end":{"line":215,"column":11}},{"start":{"line":213,"column":17},"end":{"line":215,"column":11}}]},"21":{"loc":{"start":{"line":219,"column":6},"end":{"line":235,"column":7}},"type":"if","locations":[{"start":{"line":219,"column":6},"end":{"line":235,"column":7}},{"start":{},"end":{}}]},"22":{"loc":{"start":{"line":223,"column":8},"end":{"line":231,"column":9}},"type":"if","locations":[{"start":{"line":223,"column":8},"end":{"line":231,"column":9}},{"start":{},"end":{}}]},"23":{"loc":{"start":{"line":224,"column":10},"end":{"line":229,"column":11}},"type":"if","locations":[{"start":{"line":224,"column":10},"end":{"line":229,"column":11}},{"start":{"line":227,"column":17},"end":{"line":229,"column":11}}]},"24":{"loc":{"start":{"line":260,"column":87},"end":{"line":260,"column":107}},"type":"binary-expr","locations":[{"start":{"line":260,"column":87},"end":{"line":260,"column":101}},{"start":{"line":260,"column":105},"end":{"line":260,"column":107}}]},"25":{"loc":{"start":{"line":260,"column":197},"end":{"line":260,"column":215}},"type":"binary-expr","locations":[{"start":{"line":260,"column":197},"end":{"line":260,"column":209}},{"start":{"line":260,"column":213},"end":{"line":260,"column":215}}]},"26":{"loc":{"start":{"line":262,"column":4},"end":{"line":264,"column":5}},"type":"if","locations":[{"start":{"line":262,"column":4},"end":{"line":264,"column":5}},{"start":{},"end":{}}]},"27":{"loc":{"start":{"line":273,"column":36},"end":{"line":273,"column":78}},"type":"cond-expr","locations":[{"start":{"line":273,"column":65},"end":{"line":273,"column":70}},{"start":{"line":273,"column":73},"end":{"line":273,"column":78}}]},"28":{"loc":{"start":{"line":273,"column":37},"end":{"line":273,"column":61}},"type":"binary-expr","locations":[{"start":{"line":273,"column":37},"end":{"line":273,"column":45}},{"start":{"line":273,"column":49},"end":{"line":273,"column":61}}]},"29":{"loc":{"start":{"line":302,"column":6},"end":{"line":304,"column":7}},"type":"if","locations":[{"start":{"line":302,"column":6},"end":{"line":304,"column":7}},{"start":{},"end":{}}]},"30":{"loc":{"start":{"line":302,"column":10},"end":{"line":302,"column":57}},"type":"binary-expr","locations":[{"start":{"line":302,"column":10},"end":{"line":302,"column":27}},{"start":{"line":302,"column":31},"end":{"line":302,"column":43}},{"start":{"line":302,"column":47},"end":{"line":302,"column":57}}]},"31":{"loc":{"start":{"line":307,"column":4},"end":{"line":309,"column":5}},"type":"if","locations":[{"start":{"line":307,"column":4},"end":{"line":309,"column":5}},{"start":{},"end":{}}]},"32":{"loc":{"start":{"line":307,"column":8},"end":{"line":307,"column":32}},"type":"binary-expr","locations":[{"start":{"line":307,"column":8},"end":{"line":307,"column":16}},{"start":{"line":307,"column":20},"end":{"line":307,"column":32}}]},"33":{"loc":{"start":{"line":329,"column":8},"end":{"line":333,"column":9}},"type":"if","locations":[{"start":{"line":329,"column":8},"end":{"line":333,"column":9}},{"start":{"line":331,"column":15},"end":{"line":333,"column":9}}]},"34":{"loc":{"start":{"line":345,"column":17},"end":{"line":347,"column":73}},"type":"cond-expr","locations":[{"start":{"line":346,"column":8},"end":{"line":346,"column":97}},{"start":{"line":347,"column":8},"end":{"line":347,"column":73}}]},"35":{"loc":{"start":{"line":349,"column":4},"end":{"line":379,"column":5}},"type":"if","locations":[{"start":{"line":349,"column":4},"end":{"line":379,"column":5}},{"start":{"line":376,"column":11},"end":{"line":379,"column":5}}]},"36":{"loc":{"start":{"line":360,"column":6},"end":{"line":368,"column":7}},"type":"if","locations":[{"start":{"line":360,"column":6},"end":{"line":368,"column":7}},{"start":{"line":362,"column":13},"end":{"line":368,"column":7}}]},"37":{"loc":{"start":{"line":365,"column":41},"end":{"line":365,"column":78}},"type":"binary-expr","locations":[{"start":{"line":365,"column":41},"end":{"line":365,"column":56}},{"start":{"line":365,"column":60},"end":{"line":365,"column":78}}]},"38":{"loc":{"start":{"line":371,"column":82},"end":{"line":371,"column":102}},"type":"binary-expr","locations":[{"start":{"line":371,"column":82},"end":{"line":371,"column":96}},{"start":{"line":371,"column":100},"end":{"line":371,"column":102}}]},"39":{"loc":{"start":{"line":371,"column":185},"end":{"line":371,"column":203}},"type":"binary-expr","locations":[{"start":{"line":371,"column":185},"end":{"line":371,"column":197}},{"start":{"line":371,"column":201},"end":{"line":371,"column":203}}]},"40":{"loc":{"start":{"line":401,"column":4},"end":{"line":404,"column":5}},"type":"if","locations":[{"start":{"line":401,"column":4},"end":{"line":404,"column":5}},{"start":{},"end":{}}]},"41":{"loc":{"start":{"line":408,"column":4},"end":{"line":411,"column":5}},"type":"if","locations":[{"start":{"line":408,"column":4},"end":{"line":411,"column":5}},{"start":{},"end":{}}]},"42":{"loc":{"start":{"line":410,"column":6},"end":{"line":410,"column":38}},"type":"if","locations":[{"start":{"line":410,"column":6},"end":{"line":410,"column":38}},{"start":{},"end":{}}]},"43":{"loc":{"start":{"line":413,"column":4},"end":{"line":416,"column":5}},"type":"if","locations":[{"start":{"line":413,"column":4},"end":{"line":416,"column":5}},{"start":{},"end":{}}]},"44":{"loc":{"start":{"line":415,"column":6},"end":{"line":415,"column":40}},"type":"if","locations":[{"start":{"line":415,"column":6},"end":{"line":415,"column":40}},{"start":{},"end":{}}]},"45":{"loc":{"start":{"line":418,"column":4},"end":{"line":434,"column":5}},"type":"if","locations":[{"start":{"line":418,"column":4},"end":{"line":434,"column":5}},{"start":{"line":431,"column":11},"end":{"line":434,"column":5}}]},"46":{"loc":{"start":{"line":445,"column":6},"end":{"line":447,"column":7}},"type":"if","locations":[{"start":{"line":445,"column":6},"end":{"line":447,"column":7}},{"start":{},"end":{}}]},"47":{"loc":{"start":{"line":462,"column":4},"end":{"line":464,"column":5}},"type":"if","locations":[{"start":{"line":462,"column":4},"end":{"line":464,"column":5}},{"start":{},"end":{}}]},"48":{"loc":{"start":{"line":467,"column":27},"end":{"line":467,"column":48}},"type":"binary-expr","locations":[{"start":{"line":467,"column":27},"end":{"line":467,"column":42}},{"start":{"line":467,"column":46},"end":{"line":467,"column":48}}]},"49":{"loc":{"start":{"line":471,"column":6},"end":{"line":473,"column":7}},"type":"if","locations":[{"start":{"line":471,"column":6},"end":{"line":473,"column":7}},{"start":{},"end":{}}]},"50":{"loc":{"start":{"line":471,"column":10},"end":{"line":471,"column":78}},"type":"binary-expr","locations":[{"start":{"line":471,"column":10},"end":{"line":471,"column":34}},{"start":{"line":471,"column":38},"end":{"line":471,"column":57}},{"start":{"line":471,"column":61},"end":{"line":471,"column":78}}]},"51":{"loc":{"start":{"line":479,"column":6},"end":{"line":492,"column":7}},"type":"if","locations":[{"start":{"line":479,"column":6},"end":{"line":492,"column":7}},{"start":{},"end":{}}]},"52":{"loc":{"start":{"line":479,"column":10},"end":{"line":479,"column":63}},"type":"binary-expr","locations":[{"start":{"line":479,"column":10},"end":{"line":479,"column":29}},{"start":{"line":479,"column":33},"end":{"line":479,"column":47}},{"start":{"line":479,"column":51},"end":{"line":479,"column":63}}]},"53":{"loc":{"start":{"line":480,"column":8},"end":{"line":482,"column":9}},"type":"if","locations":[{"start":{"line":480,"column":8},"end":{"line":482,"column":9}},{"start":{},"end":{}}]},"54":{"loc":{"start":{"line":480,"column":12},"end":{"line":480,"column":64}},"type":"binary-expr","locations":[{"start":{"line":480,"column":12},"end":{"line":480,"column":35}},{"start":{"line":480,"column":39},"end":{"line":480,"column":64}}]},"55":{"loc":{"start":{"line":483,"column":8},"end":{"line":485,"column":9}},"type":"if","locations":[{"start":{"line":483,"column":8},"end":{"line":485,"column":9}},{"start":{},"end":{}}]},"56":{"loc":{"start":{"line":483,"column":12},"end":{"line":483,"column":66}},"type":"binary-expr","locations":[{"start":{"line":483,"column":12},"end":{"line":483,"column":36}},{"start":{"line":483,"column":40},"end":{"line":483,"column":66}}]},"57":{"loc":{"start":{"line":486,"column":8},"end":{"line":488,"column":9}},"type":"if","locations":[{"start":{"line":486,"column":8},"end":{"line":488,"column":9}},{"start":{},"end":{}}]},"58":{"loc":{"start":{"line":486,"column":12},"end":{"line":486,"column":90}},"type":"binary-expr","locations":[{"start":{"line":486,"column":12},"end":{"line":486,"column":27}},{"start":{"line":486,"column":31},"end":{"line":486,"column":56}},{"start":{"line":486,"column":60},"end":{"line":486,"column":90}}]},"59":{"loc":{"start":{"line":489,"column":8},"end":{"line":491,"column":9}},"type":"if","locations":[{"start":{"line":489,"column":8},"end":{"line":491,"column":9}},{"start":{},"end":{}}]},"60":{"loc":{"start":{"line":489,"column":12},"end":{"line":489,"column":90}},"type":"binary-expr","locations":[{"start":{"line":489,"column":12},"end":{"line":489,"column":27}},{"start":{"line":489,"column":31},"end":{"line":489,"column":56}},{"start":{"line":489,"column":60},"end":{"line":489,"column":90}}]},"61":{"loc":{"start":{"line":10,"column":39},"end":{"line":10,"column":55}},"type":"cond-expr","locations":[{"start":{"line":10,"column":52},"end":{"line":10,"column":55}},{"start":{"line":10,"column":52},"end":{"line":10,"column":55}}]},"62":{"loc":{"start":{"line":10,"column":39},"end":{"line":10,"column":52}},"type":"binary-expr","locations":[{"start":{"line":10,"column":39},"end":{"line":10,"column":55}},{"start":{"line":10,"column":39},"end":{"line":10,"column":52}}]}},"s":{"0":0,"1":0,"2":0,"3":0,"4":0,"5":0,"6":0,"7":0,"8":0,"9":0,"10":0,"11":0,"12":0,"13":0,"14":0,"15":0,"16":0,"17":0,"18":0,"19":0,"20":0,"21":0,"22":0,"23":0,"24":0,"25":0,"26":0,"27":0,"28":0,"29":0,"30":0,"31":0,"32":0,"33":0,"34":0,"35":0,"36":0,"37":0,"38":0,"39":0,"40":0,"41":0,"42":0,"43":0,"44":0,"45":0,"46":0,"47":0,"48":0,"49":0,"50":0,"51":0,"52":0,"53":0,"54":0,"55":0,"56":0,"57":0,"58":0,"59":0,"60":0,"61":0,"62":0,"63":0,"64":0,"65":0,"66":0,"67":0,"68":0,"69":0,"70":0,"71":0,"72":0,"73":0,"74":0,"75":0,"76":0,"77":0,"78":0,"79":0,"80":0,"81":0,"82":0,"83":0,"84":0,"85":0,"86":0,"87":0,"88":0,"89":0,"90":0,"91":0,"92":0,"93":0,"94":0,"95":0,"96":0,"97":0,"98":0,"99":0,"100":0,"101":0,"102":0,"103":0,"104":0,"105":0,"106":0,"107":0,"108":0,"109":0,"110":0,"111":0,"112":0,"113":0,"114":0,"115":0,"116":0,"117":0,"118":0,"119":0,"120":0,"121":0,"122":0,"123":0,"124":0,"125":0,"126":0,"127":0,"128":0,"129":0,"130":0,"131":0,"132":0,"133":0,"134":0,"135":0,"136":0,"137":0,"138":0,"139":0,"140":0,"141":0,"142":0,"143":0,"144":0,"145":0,"146":0,"147":0,"148":0,"149":0,"150":0,"151":0,"152":0,"153":0,"154":0,"155":0,"156":0,"157":0,"158":0,"159":0,"160":0,"161":0,"162":0,"163":0,"164":0,"165":0,"166":0,"167":0,"168":0,"169":0,"170":0,"171":0,"172":0,"173":0,"174":0,"175":0,"176":0,"177":0,"178":0,"179":0,"180":0,"181":0,"182":0,"183":0,"184":0,"185":0,"186":0,"187":0,"188":0,"189":0,"190":0,"191":0,"192":0,"193":0,"194":0,"195":0},"f":{"0":0,"1":0,"2":0,"3":0,"4":0,"5":0,"6":0,"7":0,"8":0,"9":0,"10":0,"11":0,"12":0,"13":0,"14":0,"15":0,"16":0,"17":0,"18":0,"19":0,"20":0,"21":0,"22":0,"23":0,"24":0,"25":0,"26":0},"b":{"0":[0,0],"1":[0,0],"2":[0,0],"3":[0,0],"4":[0,0],"5":[0,0],"6":[0,0],"7":[0,0],"8":[0,0],"9":[0,0],"10":[0,0],"11":[0,0],"12":[0,0],"13":[0,0],"14":[0,0],"15":[0,0],"16":[0,0],"17":[0,0],"18":[0,0],"19":[0,0],"20":[0,0],"21":[0,0],"22":[0,0],"23":[0,0],"24":[0,0],"25":[0,0],"26":[0,0],"27":[0,0],"28":[0,0],"29":[0,0],"30":[0,0,0],"31":[0,0],"32":[0,0],"33":[0,0],"34":[0,0],"35":[0,0],"36":[0,0],"37":[0,0],"38":[0,0],"39":[0,0],"40":[0,0],"41":[0,0],"42":[0,0],"43":[0,0],"44":[0,0],"45":[0,0],"46":[0,0],"47":[0,0],"48":[0,0],"49":[0,0],"50":[0,0,0],"51":[0,0],"52":[0,0,0],"53":[0,0],"54":[0,0],"55":[0,0],"56":[0,0],"57":[0,0],"58":[0,0,0],"59":[0,0],"60":[0,0,0],"61":[0,0],"62":[0,0]}}
,"C:\\Saas Application\\backend\\src\\users\\dto\\create-single-user.dto.ts": {"path":"C:\\Saas Application\\backend\\src\\users\\dto\\create-single-user.dto.ts","statementMap":{"0":{"start":{"line":1,"column":0},"end":{"line":1,"column":98}},"1":{"start":{"line":3,"column":0},"end":{"line":3,"column":13}},"2":{"start":{"line":6,"column":2},"end":{"line":6,"column":null}},"3":{"start":{"line":10,"column":2},"end":{"line":10,"column":null}},"4":{"start":{"line":14,"column":2},"end":{"line":14,"column":null}},"5":{"start":{"line":18,"column":2},"end":{"line":18,"column":null}},"6":{"start":{"line":22,"column":2},"end":{"line":22,"column":null}},"7":{"start":{"line":27,"column":2},"end":{"line":27,"column":null}},"8":{"start":{"line":30,"column":2},"end":{"line":30,"column":null}},"9":{"start":{"line":33,"column":2},"end":{"line":33,"column":null}},"10":{"start":{"line":37,"column":2},"end":{"line":37,"column":null}},"11":{"start":{"line":41,"column":2},"end":{"line":41,"column":null}},"12":{"start":{"line":46,"column":2},"end":{"line":46,"column":null}},"13":{"start":{"line":50,"column":2},"end":{"line":50,"column":null}},"14":{"start":{"line":54,"column":2},"end":{"line":54,"column":null}},"15":{"start":{"line":58,"column":2},"end":{"line":58,"column":null}},"16":{"start":{"line":62,"column":2},"end":{"line":62,"column":null}},"17":{"start":{"line":66,"column":2},"end":{"line":66,"column":null}},"18":{"start":{"line":70,"column":2},"end":{"line":70,"column":null}},"19":{"start":{"line":74,"column":2},"end":{"line":74,"column":null}},"20":{"start":{"line":78,"column":2},"end":{"line":78,"column":null}},"21":{"start":{"line":82,"column":2},"end":{"line":82,"column":null}},"22":{"start":{"line":86,"column":2},"end":{"line":86,"column":null}},"23":{"start":{"line":91,"column":2},"end":{"line":91,"column":null}},"24":{"start":{"line":95,"column":2},"end":{"line":95,"column":null}},"25":{"start":{"line":99,"column":2},"end":{"line":99,"column":null}},"26":{"start":{"line":103,"column":2},"end":{"line":103,"column":null}},"27":{"start":{"line":107,"column":2},"end":{"line":107,"column":null}}},"fnMap":{},"branchMap":{},"s":{"0":0,"1":0,"2":0,"3":0,"4":0,"5":0,"6":0,"7":0,"8":0,"9":0,"10":0,"11":0,"12":0,"13":0,"14":0,"15":0,"16":0,"17":0,"18":0,"19":0,"20":0,"21":0,"22":0,"23":0,"24":0,"25":0,"26":0,"27":0},"f":{},"b":{}}
}
