TN:
SF:src\app.controller.ts
FN:6,(anonymous_2)
FN:9,(anonymous_3)
FNF:2
FNH:2
FNDA:1,(anonymous_2)
FNDA:1,(anonymous_3)
DA:1,1
DA:2,1
DA:5,1
DA:6,1
DA:9,1
DA:10,1
LF:6
LH:6
BRDA:6,0,0,1
BRDA:6,0,1,0
BRDA:6,1,0,1
BRDA:6,1,1,1
BRF:4
BRH:3
end_of_record
TN:
SF:src\app.module.ts
FNF:0
FNH:0
DA:1,0
DA:2,0
DA:3,0
DA:4,0
DA:5,0
DA:6,0
DA:7,0
DA:8,0
DA:9,0
DA:10,0
DA:11,0
DA:12,0
DA:29,0
LF:13
LH:0
BRF:0
BRH:0
end_of_record
TN:
SF:src\app.service.ts
FN:5,(anonymous_1)
FNF:1
FNH:1
FNDA:1,(anonymous_1)
DA:1,1
DA:4,1
DA:6,1
LF:3
LH:3
BRF:0
BRH:0
end_of_record
TN:
SF:src\main.ts
FN:5,bootstrap
FNF:1
FNH:0
FNDA:0,bootstrap
DA:1,0
DA:2,0
DA:3,0
DA:6,0
DA:8,0
DA:16,0
DA:18,0
DA:20,0
LF:8
LH:0
BRDA:18,0,0,0
BRDA:18,0,1,0
BRF:2
BRH:0
end_of_record
TN:
SF:src\tenant.controller.ts
FN:14,(anonymous_4)
FN:17,(anonymous_5)
FN:22,(anonymous_6)
FN:27,(anonymous_7)
FN:32,(anonymous_8)
FN:37,(anonymous_9)
FNF:6
FNH:0
FNDA:0,(anonymous_4)
FNDA:0,(anonymous_5)
FNDA:0,(anonymous_6)
FNDA:0,(anonymous_7)
FNDA:0,(anonymous_8)
FNDA:0,(anonymous_9)
DA:1,0
DA:10,0
DA:13,0
DA:14,0
DA:17,0
DA:18,0
DA:22,0
DA:23,0
DA:27,0
DA:28,0
DA:32,0
DA:33,0
DA:37,0
DA:38,0
LF:14
LH:0
BRDA:14,0,0,0
BRDA:14,0,1,0
BRDA:14,1,0,0
BRDA:14,1,1,0
BRF:4
BRH:0
end_of_record
TN:
SF:src\tenant.module.ts
FNF:0
FNH:0
DA:1,0
DA:2,0
DA:3,0
DA:9,0
LF:4
LH:0
BRF:0
BRH:0
end_of_record
TN:
SF:src\tenant.service.ts
FN:5,(anonymous_1)
FN:9,(anonymous_2)
FN:13,(anonymous_3)
FN:17,(anonymous_4)
FN:21,(anonymous_5)
FNF:5
FNH:0
FNDA:0,(anonymous_1)
FNDA:0,(anonymous_2)
FNDA:0,(anonymous_3)
FNDA:0,(anonymous_4)
FNDA:0,(anonymous_5)
DA:1,0
DA:4,0
DA:6,0
DA:10,0
DA:14,0
DA:18,0
DA:22,0
LF:7
LH:0
BRF:0
BRH:0
end_of_record
TN:
SF:src\audit\audit.interceptor.ts
FN:21,(anonymous_2)
FN:23,(anonymous_3)
FN:34,(anonymous_4)
FNF:3
FNH:1
FNDA:1,(anonymous_2)
FNDA:0,(anonymous_3)
FNDA:0,(anonymous_4)
DA:1,1
DA:9,1
DA:10,1
DA:20,1
DA:21,1
DA:24,0
DA:25,0
DA:26,0
DA:27,0
DA:28,0
DA:29,0
DA:32,0
DA:33,0
DA:36,0
DA:37,0
DA:38,0
DA:54,0
LF:17
LH:5
BRDA:32,0,0,0
BRDA:32,0,1,0
BRDA:36,1,0,0
BRDA:36,1,1,0
BRDA:37,2,0,0
BRDA:37,2,1,0
BRDA:41,3,0,0
BRDA:41,3,1,0
BRDA:21,4,0,1
BRDA:21,4,1,0
BRDA:21,5,0,1
BRDA:21,5,1,1
BRF:12
BRH:3
end_of_record
TN:
SF:src\audit\audit.module.ts
FNF:0
FNH:0
DA:1,0
DA:2,0
DA:3,0
DA:10,0
LF:4
LH:0
BRF:0
BRH:0
end_of_record
TN:
SF:src\audit\audit.service.ts
FN:6,(anonymous_2)
FN:8,(anonymous_3)
FN:21,(anonymous_4)
FNF:3
FNH:3
FNDA:3,(anonymous_2)
FNDA:1,(anonymous_3)
FNDA:1,(anonymous_4)
DA:1,2
DA:2,2
DA:5,2
DA:6,3
DA:16,1
DA:22,1
LF:6
LH:6
BRDA:6,0,0,2
BRDA:6,0,1,0
BRDA:6,1,0,2
BRDA:6,1,1,2
BRF:4
BRH:3
end_of_record
TN:
SF:src\auth\auth.controller.ts
FN:15,(anonymous_4)
FN:21,(anonymous_5)
FN:29,(anonymous_6)
FN:40,(anonymous_7)
FN:48,(anonymous_8)
FN:59,(anonymous_9)
FN:75,(anonymous_10)
FN:84,(anonymous_11)
FN:93,(anonymous_12)
FN:107,(anonymous_13)
FNF:10
FNH:0
FNDA:0,(anonymous_4)
FNDA:0,(anonymous_5)
FNDA:0,(anonymous_6)
FNDA:0,(anonymous_7)
FNDA:0,(anonymous_8)
FNDA:0,(anonymous_9)
FNDA:0,(anonymous_10)
FNDA:0,(anonymous_11)
FNDA:0,(anonymous_12)
FNDA:0,(anonymous_13)
DA:1,0
DA:10,0
DA:11,0
DA:14,0
DA:16,0
DA:17,0
DA:21,0
DA:22,0
DA:23,0
DA:25,0
DA:29,0
DA:30,0
DA:31,0
DA:36,0
DA:40,0
DA:41,0
DA:42,0
DA:44,0
DA:48,0
DA:49,0
DA:50,0
DA:55,0
DA:59,0
DA:62,0
DA:63,0
DA:68,0
DA:75,0
DA:76,0
DA:77,0
DA:79,0
DA:84,0
DA:85,0
DA:86,0
DA:88,0
DA:93,0
DA:94,0
DA:95,0
DA:97,0
DA:98,0
DA:99,0
DA:102,0
DA:107,0
DA:108,0
DA:109,0
DA:111,0
LF:45
LH:0
BRDA:22,0,0,0
BRDA:22,0,1,0
BRDA:30,1,0,0
BRDA:30,1,1,0
BRDA:30,2,0,0
BRDA:30,2,1,0
BRDA:41,3,0,0
BRDA:41,3,1,0
BRDA:49,4,0,0
BRDA:49,4,1,0
BRDA:49,5,0,0
BRDA:49,5,1,0
BRDA:62,6,0,0
BRDA:62,6,1,0
BRDA:62,7,0,0
BRDA:62,7,1,0
BRDA:76,8,0,0
BRDA:76,8,1,0
BRDA:85,9,0,0
BRDA:85,9,1,0
BRDA:85,10,0,0
BRDA:85,10,1,0
BRDA:94,11,0,0
BRDA:94,11,1,0
BRDA:94,12,0,0
BRDA:94,12,1,0
BRDA:98,13,0,0
BRDA:98,13,1,0
BRDA:108,14,0,0
BRDA:108,14,1,0
BRDA:108,15,0,0
BRDA:108,15,1,0
BRDA:16,16,0,0
BRDA:16,16,1,0
BRDA:16,17,0,0
BRDA:16,17,1,0
BRDA:16,18,0,0
BRDA:16,18,1,0
BRDA:16,19,0,0
BRDA:16,19,1,0
BRF:40
BRH:0
end_of_record
TN:
SF:src\auth\auth.module.ts
FNF:0
FNH:0
DA:1,0
DA:2,0
DA:3,0
DA:4,0
DA:5,0
DA:12,0
LF:6
LH:0
BRF:0
BRH:0
end_of_record
TN:
SF:src\auth\auth.service.ts
FN:6,(anonymous_2)
FN:8,(anonymous_3)
FN:78,(anonymous_4)
FN:120,(anonymous_5)
FN:219,(anonymous_6)
FN:235,(anonymous_7)
FN:246,(anonymous_8)
FNF:7
FNH:3
FNDA:4,(anonymous_2)
FNDA:3,(anonymous_3)
FNDA:0,(anonymous_4)
FNDA:1,(anonymous_5)
FNDA:0,(anonymous_6)
FNDA:0,(anonymous_7)
FNDA:0,(anonymous_8)
DA:1,1
DA:2,1
DA:5,1
DA:6,4
DA:10,3
DA:11,2
DA:16,2
DA:33,2
DA:44,1
DA:49,1
DA:50,1
DA:56,0
DA:60,0
DA:66,0
DA:80,0
DA:85,0
DA:88,0
DA:93,0
DA:105,0
DA:107,0
DA:122,1
DA:123,1
DA:124,1
DA:128,1
DA:140,1
DA:141,0
DA:144,1
DA:159,0
DA:160,0
DA:161,0
DA:164,0
DA:168,0
DA:169,0
DA:176,0
DA:180,0
DA:181,0
DA:188,0
DA:189,0
DA:192,0
DA:193,0
DA:197,0
DA:198,0
DA:205,0
DA:220,0
DA:224,0
DA:226,0
DA:236,0
DA:247,0
DA:251,0
DA:253,0
LF:50
LH:17
BRDA:10,0,0,2
BRDA:10,0,1,1
BRDA:49,1,0,1
BRDA:49,1,1,0
BRDA:56,2,0,0
BRDA:56,2,1,0
BRDA:57,3,0,0
BRDA:57,3,1,0
BRDA:73,4,0,0
BRDA:73,4,1,0
BRDA:97,5,0,0
BRDA:97,5,1,0
BRDA:122,6,0,1
BRDA:122,6,1,0
BRDA:140,7,0,0
BRDA:140,7,1,1
BRDA:160,8,0,0
BRDA:160,8,1,0
BRDA:168,9,0,0
BRDA:168,9,1,0
BRDA:180,10,0,0
BRDA:180,10,1,0
BRDA:188,11,0,0
BRDA:188,11,1,0
BRDA:192,12,0,0
BRDA:192,12,1,0
BRDA:197,13,0,0
BRDA:197,13,1,0
BRDA:224,14,0,0
BRDA:224,14,1,0
BRDA:251,15,0,0
BRDA:251,15,1,0
BRDA:6,16,0,1
BRDA:6,16,1,0
BRDA:6,17,0,1
BRDA:6,17,1,1
BRF:36
BRH:8
end_of_record
TN:
SF:src\auth\mfa.service.ts
FN:8,(anonymous_11)
FN:15,(anonymous_12)
FN:42,(anonymous_13)
FN:70,(anonymous_14)
FN:85,(anonymous_15)
FNF:5
FNH:5
FNDA:17,(anonymous_11)
FNDA:3,(anonymous_12)
FNDA:5,(anonymous_13)
FNDA:5,(anonymous_14)
FNDA:4,(anonymous_15)
DA:1,1
DA:2,1
DA:3,1
DA:4,1
DA:7,1
DA:8,17
DA:16,3
DA:17,3
DA:19,2
DA:25,2
DA:30,2
DA:32,2
DA:43,5
DA:44,5
DA:45,2
DA:48,3
DA:55,3
DA:56,1
DA:59,2
DA:64,2
DA:71,5
DA:72,5
DA:74,2
DA:86,4
DA:87,4
DA:88,1
DA:91,3
DA:98,3
DA:99,1
DA:102,2
DA:107,2
LF:31
LH:31
BRDA:17,0,0,1
BRDA:17,0,1,2
BRDA:30,1,0,2
BRDA:30,1,1,0
BRDA:33,2,0,2
BRDA:33,2,1,0
BRDA:44,3,0,2
BRDA:44,3,1,3
BRDA:55,4,0,1
BRDA:55,4,1,2
BRDA:72,5,0,3
BRDA:72,5,1,2
BRDA:72,6,0,5
BRDA:72,6,1,3
BRDA:87,7,0,1
BRDA:87,7,1,3
BRDA:98,8,0,1
BRDA:98,8,1,2
BRDA:8,9,0,1
BRDA:8,9,1,0
BRDA:8,10,0,1
BRDA:8,10,1,1
BRF:22
BRH:19
end_of_record
TN:
SF:src\auth\decorators\roles.decorator.ts
FN:5,(anonymous_0)
FNF:1
FNH:1
FNDA:2,(anonymous_0)
DA:1,2
DA:4,2
DA:5,2
LF:3
LH:3
BRF:0
BRH:0
end_of_record
TN:
SF:src\auth\guards\roles.guard.ts
FN:24,(anonymous_2)
FN:38,(anonymous_3)
FN:85,(anonymous_4)
FNF:3
FNH:1
FNDA:2,(anonymous_2)
FNDA:0,(anonymous_3)
FNDA:0,(anonymous_4)
DA:1,2
DA:7,2
DA:8,2
DA:9,2
DA:10,2
DA:23,2
DA:25,2
DA:26,2
DA:30,2
DA:39,0
DA:44,0
DA:45,0
DA:48,0
DA:49,0
DA:52,0
DA:53,0
DA:54,0
DA:55,0
DA:56,0
DA:57,0
DA:60,0
DA:61,0
DA:66,0
DA:69,0
DA:74,0
DA:75,0
DA:80,0
DA:85,0
DA:86,0
DA:87,0
DA:90,0
DA:91,0
DA:96,0
LF:33
LH:9
BRDA:44,0,0,0
BRDA:44,0,1,0
BRDA:44,1,0,0
BRDA:44,1,1,0
BRDA:52,2,0,0
BRDA:52,2,1,0
BRDA:54,3,0,0
BRDA:54,3,1,0
BRDA:60,4,0,0
BRDA:60,4,1,0
BRDA:74,5,0,0
BRDA:74,5,1,0
BRDA:90,6,0,0
BRDA:90,6,1,0
BRDA:25,7,0,2
BRDA:25,7,1,0
BRDA:25,8,0,2
BRDA:25,8,1,2
BRDA:25,9,0,2
BRDA:25,9,1,0
BRDA:25,10,0,2
BRDA:25,10,1,2
BRF:22
BRH:6
end_of_record
TN:
SF:src\common\decorators\tenant-id.decorator.ts
FN:5,(anonymous_0)
FNF:1
FNH:0
FNDA:0,(anonymous_0)
DA:1,2
DA:4,2
DA:6,0
DA:11,0
LF:4
LH:2
BRDA:11,0,0,0
BRDA:11,0,1,0
BRF:2
BRH:0
end_of_record
TN:
SF:src\dto\create-tenant.dto.ts
FNF:0
FNH:0
DA:1,0
LF:1
LH:0
BRF:0
BRH:0
end_of_record
TN:
SF:src\dto\update-tenant.dto.ts
FNF:0
FNH:0
DA:1,0
DA:2,0
DA:4,0
LF:3
LH:0
BRF:0
BRH:0
end_of_record
TN:
SF:src\email-template\email-template.controller.ts
FN:19,(anonymous_4)
FN:22,(anonymous_5)
FN:27,(anonymous_6)
FN:32,(anonymous_7)
FN:37,(anonymous_8)
FN:46,(anonymous_9)
FNF:6
FNH:0
FNDA:0,(anonymous_4)
FNDA:0,(anonymous_5)
FNDA:0,(anonymous_6)
FNDA:0,(anonymous_7)
FNDA:0,(anonymous_8)
FNDA:0,(anonymous_9)
DA:1,0
DA:10,0
DA:11,0
DA:15,0
DA:18,0
DA:19,0
DA:22,0
DA:23,0
DA:27,0
DA:28,0
DA:32,0
DA:33,0
DA:37,0
DA:42,0
DA:46,0
DA:47,0
LF:16
LH:0
BRDA:22,0,0,0
BRDA:22,0,1,0
BRDA:22,1,0,0
BRDA:22,1,1,0
BRDA:40,2,0,0
BRDA:40,2,1,0
BRDA:40,3,0,0
BRDA:40,3,1,0
BRDA:19,4,0,0
BRDA:19,4,1,0
BRDA:19,5,0,0
BRDA:19,5,1,0
BRF:12
BRH:0
end_of_record
TN:
SF:src\email-template\email-template.module.ts
FNF:0
FNH:0
DA:1,0
DA:2,0
DA:3,0
DA:10,0
LF:4
LH:0
BRF:0
BRH:0
end_of_record
TN:
SF:src\email-template\email-template.service.ts
FN:10,(anonymous_2)
FN:12,(anonymous_3)
FN:18,(anonymous_4)
FN:22,(anonymous_5)
FN:30,(anonymous_6)
FN:38,(anonymous_7)
FNF:6
FNH:0
FNDA:0,(anonymous_2)
FNDA:0,(anonymous_3)
FNDA:0,(anonymous_4)
FNDA:0,(anonymous_5)
FNDA:0,(anonymous_6)
FNDA:0,(anonymous_7)
DA:1,0
DA:2,0
DA:9,0
DA:10,0
DA:13,0
DA:19,0
DA:23,0
DA:26,0
DA:27,0
DA:31,0
DA:32,0
DA:39,0
DA:40,0
LF:13
LH:0
BRDA:26,0,0,0
BRDA:26,0,1,0
BRDA:10,1,0,0
BRDA:10,1,1,0
BRDA:10,2,0,0
BRDA:10,2,1,0
BRF:6
BRH:0
end_of_record
TN:
SF:src\email-template\dto\email-template.dto.ts
FNF:0
FNH:0
DA:1,0
DA:3,0
DA:6,0
DA:10,0
DA:14,0
DA:19,0
DA:22,0
DA:25,0
DA:29,0
DA:33,0
DA:38,0
LF:11
LH:0
BRF:0
BRH:0
end_of_record
TN:
SF:src\entities\tenant.entity.ts
FNF:0
FNH:0
DA:1,0
LF:1
LH:0
BRF:0
BRH:0
end_of_record
TN:
SF:src\prisma\prisma.module.ts
FNF:0
FNH:0
DA:1,0
DA:2,0
DA:9,0
LF:3
LH:0
BRF:0
BRH:0
end_of_record
TN:
SF:src\prisma\prisma.service.ts
FN:9,(anonymous_1)
FN:13,(anonymous_2)
FNF:2
FNH:0
FNDA:0,(anonymous_1)
FNDA:0,(anonymous_2)
DA:1,10
DA:2,10
DA:5,10
DA:10,0
DA:14,0
LF:5
LH:3
BRF:0
BRH:0
end_of_record
TN:
SF:src\rbac\permissions.enum.ts
FN:1,(anonymous_0)
FNF:1
FNH:0
FNDA:0,(anonymous_0)
DA:1,0
DA:2,0
DA:3,0
DA:4,0
DA:5,0
DA:6,0
DA:7,0
DA:8,0
LF:8
LH:0
BRDA:1,0,0,0
BRDA:1,0,1,0
BRF:2
BRH:0
end_of_record
TN:
SF:src\rbac\rbac.controller.ts
FN:8,(anonymous_4)
FN:11,(anonymous_5)
FN:16,(anonymous_6)
FN:21,(anonymous_7)
FNF:4
FNH:1
FNDA:1,(anonymous_4)
FNDA:0,(anonymous_5)
FNDA:0,(anonymous_6)
FNDA:0,(anonymous_7)
DA:1,1
DA:2,1
DA:3,1
DA:4,1
DA:7,1
DA:8,1
DA:11,1
DA:12,0
DA:16,1
DA:17,0
DA:21,1
DA:22,0
LF:12
LH:9
BRDA:11,0,0,1
BRDA:11,0,1,0
BRDA:11,1,0,1
BRDA:11,1,1,1
BRDA:8,2,0,1
BRDA:8,2,1,0
BRDA:8,3,0,1
BRDA:8,3,1,1
BRF:8
BRH:6
end_of_record
TN:
SF:src\rbac\rbac.module.ts
FNF:0
FNH:0
DA:1,0
DA:2,0
DA:3,0
DA:9,0
LF:4
LH:0
BRF:0
BRH:0
end_of_record
TN:
SF:src\rbac\rbac.service.ts
FN:7,(anonymous_2)
FN:9,(anonymous_3)
FN:15,(anonymous_4)
FN:19,(anonymous_5)
FNF:4
FNH:4
FNDA:5,(anonymous_2)
FNDA:1,(anonymous_3)
FNDA:1,(anonymous_4)
FNDA:2,(anonymous_5)
DA:1,2
DA:2,2
DA:6,2
DA:7,5
DA:10,1
DA:16,1
DA:20,2
DA:21,2
DA:22,1
LF:9
LH:9
BRDA:21,0,0,1
BRDA:21,0,1,1
BRDA:7,1,0,2
BRDA:7,1,1,0
BRDA:7,2,0,2
BRDA:7,2,1,2
BRF:6
BRH:5
end_of_record
TN:
SF:src\rbac\dto\create-role.dto.ts
FNF:0
FNH:0
DA:1,1
DA:3,1
DA:6,1
DA:10,1
LF:4
LH:4
BRF:0
BRH:0
end_of_record
TN:
SF:src\settings\settings.controller.ts
FN:29,(anonymous_4)
FN:32,(anonymous_5)
FN:37,(anonymous_6)
FN:42,(anonymous_7)
FN:52,(anonymous_8)
FN:57,(anonymous_9)
FN:62,(anonymous_10)
FN:67,(anonymous_11)
FN:72,(anonymous_12)
FN:77,(anonymous_13)
FN:82,(anonymous_14)
FN:87,(anonymous_15)
FN:93,(anonymous_16)
FN:98,(anonymous_17)
FN:103,(anonymous_18)
FN:112,(anonymous_19)
FN:118,(anonymous_20)
FN:123,(anonymous_21)
FN:131,(anonymous_22)
FN:140,(anonymous_23)
FNF:20
FNH:1
FNDA:1,(anonymous_4)
FNDA:0,(anonymous_5)
FNDA:0,(anonymous_6)
FNDA:0,(anonymous_7)
FNDA:0,(anonymous_8)
FNDA:0,(anonymous_9)
FNDA:0,(anonymous_10)
FNDA:0,(anonymous_11)
FNDA:0,(anonymous_12)
FNDA:0,(anonymous_13)
FNDA:0,(anonymous_14)
FNDA:0,(anonymous_15)
FNDA:0,(anonymous_16)
FNDA:0,(anonymous_17)
FNDA:0,(anonymous_18)
FNDA:0,(anonymous_19)
FNDA:0,(anonymous_20)
FNDA:0,(anonymous_21)
FNDA:0,(anonymous_22)
FNDA:0,(anonymous_23)
DA:1,1
DA:12,1
DA:13,1
DA:14,1
DA:15,1
DA:16,1
DA:17,1
DA:18,1
DA:19,1
DA:20,1
DA:21,1
DA:22,1
DA:28,1
DA:29,1
DA:32,1
DA:33,0
DA:37,1
DA:38,0
DA:42,1
DA:43,0
DA:44,0
DA:46,0
DA:47,0
DA:52,1
DA:53,0
DA:57,1
DA:58,0
DA:62,1
DA:63,0
DA:67,1
DA:68,0
DA:72,1
DA:73,0
DA:77,1
DA:78,0
DA:82,1
DA:83,0
DA:87,1
DA:88,0
DA:93,1
DA:94,0
DA:98,1
DA:99,0
DA:103,1
DA:108,0
DA:112,1
DA:113,0
DA:118,1
DA:119,0
DA:123,1
DA:127,0
DA:131,1
DA:136,0
DA:140,1
DA:141,0
LF:55
LH:33
BRDA:37,0,0,1
BRDA:37,0,1,0
BRDA:37,1,0,1
BRDA:37,1,1,1
BRDA:42,2,0,1
BRDA:42,2,1,0
BRDA:42,3,0,1
BRDA:42,3,1,1
BRDA:52,4,0,1
BRDA:52,4,1,0
BRDA:52,5,0,1
BRDA:52,5,1,1
BRDA:62,6,0,1
BRDA:62,6,1,0
BRDA:62,7,0,1
BRDA:62,7,1,1
BRDA:98,8,0,1
BRDA:98,8,1,0
BRDA:98,9,0,1
BRDA:98,9,1,1
BRDA:106,10,0,1
BRDA:106,10,1,0
BRDA:106,11,0,1
BRDA:106,11,1,1
BRDA:125,12,0,1
BRDA:125,12,1,0
BRDA:125,13,0,1
BRDA:125,13,1,1
BRDA:134,14,0,1
BRDA:134,14,1,0
BRDA:134,15,0,1
BRDA:134,15,1,1
BRDA:29,16,0,1
BRDA:29,16,1,0
BRDA:29,17,0,1
BRDA:29,17,1,1
BRF:36
BRH:27
end_of_record
TN:
SF:src\settings\settings.module.ts
FNF:0
FNH:0
DA:1,0
DA:2,0
DA:3,0
DA:9,0
LF:4
LH:0
BRF:0
BRH:0
end_of_record
TN:
SF:src\settings\settings.service.ts
FN:11,parseLdapPath
FN:19,(anonymous_12)
FN:21,(anonymous_13)
FN:34,(anonymous_14)
FN:47,(anonymous_15)
FN:53,(anonymous_16)
FN:59,(anonymous_17)
FN:67,(anonymous_18)
FN:83,(anonymous_19)
FN:91,(anonymous_20)
FN:103,(anonymous_21)
FN:108,(anonymous_22)
FN:109,(anonymous_23)
FN:110,(anonymous_24)
FN:123,(anonymous_25)
FN:124,(anonymous_26)
FN:131,(anonymous_27)
FN:132,(anonymous_28)
FN:133,(anonymous_29)
FN:152,(anonymous_30)
FN:166,(anonymous_31)
FN:169,(anonymous_32)
FN:170,(anonymous_33)
FN:171,(anonymous_34)
FN:177,(anonymous_35)
FN:178,(anonymous_36)
FN:188,(anonymous_37)
FN:189,(anonymous_38)
FN:191,(anonymous_39)
FN:195,(anonymous_40)
FN:196,(anonymous_41)
FN:200,(anonymous_42)
FN:212,(anonymous_43)
FN:226,(anonymous_44)
FN:229,(anonymous_45)
FN:230,(anonymous_46)
FN:236,(anonymous_47)
FN:237,(anonymous_48)
FN:247,(anonymous_49)
FN:248,(anonymous_50)
FN:250,(anonymous_51)
FN:254,(anonymous_52)
FN:255,(anonymous_53)
FN:259,(anonymous_54)
FN:271,(anonymous_55)
FN:285,(anonymous_56)
FN:287,(anonymous_57)
FN:288,(anonymous_58)
FN:294,(anonymous_59)
FN:295,(anonymous_60)
FN:305,(anonymous_61)
FN:306,(anonymous_62)
FN:308,(anonymous_63)
FN:310,(anonymous_64)
FN:313,(anonymous_65)
FN:314,(anonymous_66)
FN:318,(anonymous_67)
FN:330,(anonymous_68)
FN:334,(anonymous_69)
FN:338,(anonymous_70)
FN:342,(anonymous_71)
FN:347,(anonymous_72)
FN:351,(anonymous_73)
FN:355,(anonymous_74)
FN:363,(anonymous_75)
FNF:65
FNH:10
FNDA:0,parseLdapPath
FNDA:5,(anonymous_12)
FNDA:1,(anonymous_13)
FNDA:1,(anonymous_14)
FNDA:0,(anonymous_15)
FNDA:0,(anonymous_16)
FNDA:0,(anonymous_17)
FNDA:0,(anonymous_18)
FNDA:0,(anonymous_19)
FNDA:2,(anonymous_20)
FNDA:0,(anonymous_21)
FNDA:2,(anonymous_22)
FNDA:0,(anonymous_23)
FNDA:2,(anonymous_24)
FNDA:1,(anonymous_25)
FNDA:1,(anonymous_26)
FNDA:1,(anonymous_27)
FNDA:0,(anonymous_28)
FNDA:1,(anonymous_29)
FNDA:0,(anonymous_30)
FNDA:0,(anonymous_31)
FNDA:0,(anonymous_32)
FNDA:0,(anonymous_33)
FNDA:0,(anonymous_34)
FNDA:0,(anonymous_35)
FNDA:0,(anonymous_36)
FNDA:0,(anonymous_37)
FNDA:0,(anonymous_38)
FNDA:0,(anonymous_39)
FNDA:0,(anonymous_40)
FNDA:0,(anonymous_41)
FNDA:0,(anonymous_42)
FNDA:0,(anonymous_43)
FNDA:0,(anonymous_44)
FNDA:0,(anonymous_45)
FNDA:0,(anonymous_46)
FNDA:0,(anonymous_47)
FNDA:0,(anonymous_48)
FNDA:0,(anonymous_49)
FNDA:0,(anonymous_50)
FNDA:0,(anonymous_51)
FNDA:0,(anonymous_52)
FNDA:0,(anonymous_53)
FNDA:0,(anonymous_54)
FNDA:0,(anonymous_55)
FNDA:0,(anonymous_56)
FNDA:0,(anonymous_57)
FNDA:0,(anonymous_58)
FNDA:0,(anonymous_59)
FNDA:0,(anonymous_60)
FNDA:0,(anonymous_61)
FNDA:0,(anonymous_62)
FNDA:0,(anonymous_63)
FNDA:0,(anonymous_64)
FNDA:0,(anonymous_65)
FNDA:0,(anonymous_66)
FNDA:0,(anonymous_67)
FNDA:0,(anonymous_68)
FNDA:0,(anonymous_69)
FNDA:0,(anonymous_70)
FNDA:0,(anonymous_71)
FNDA:0,(anonymous_72)
FNDA:0,(anonymous_73)
FNDA:0,(anonymous_74)
FNDA:0,(anonymous_75)
DA:1,2
DA:2,2
DA:3,2
DA:12,0
DA:13,0
DA:14,0
DA:18,2
DA:19,5
DA:22,1
DA:23,1
DA:24,0
DA:29,1
DA:35,1
DA:36,1
DA:37,0
DA:42,1
DA:48,0
DA:54,0
DA:60,0
DA:68,0
DA:78,0
DA:79,0
DA:85,0
DA:92,2
DA:93,2
DA:95,2
DA:103,2
DA:104,0
DA:107,2
DA:108,2
DA:109,2
DA:110,2
DA:111,2
DA:112,1
DA:116,1
DA:118,1
DA:123,1
DA:124,1
DA:125,1
DA:126,0
DA:127,0
DA:130,1
DA:131,1
DA:132,1
DA:133,1
DA:137,1
DA:138,1
DA:140,0
DA:143,1
DA:144,1
DA:146,2
DA:153,0
DA:156,0
DA:158,0
DA:159,0
DA:160,0
DA:166,0
DA:169,0
DA:170,0
DA:171,0
DA:172,0
DA:173,0
DA:176,0
DA:177,0
DA:178,0
DA:179,0
DA:180,0
DA:184,0
DA:185,0
DA:186,0
DA:188,0
DA:189,0
DA:190,0
DA:191,0
DA:192,0
DA:193,0
DA:195,0
DA:196,0
DA:200,0
DA:201,0
DA:204,0
DA:205,0
DA:207,0
DA:213,0
DA:216,0
DA:218,0
DA:219,0
DA:220,0
DA:226,0
DA:229,0
DA:230,0
DA:231,0
DA:232,0
DA:235,0
DA:236,0
DA:237,0
DA:238,0
DA:239,0
DA:243,0
DA:244,0
DA:245,0
DA:247,0
DA:248,0
DA:249,0
DA:250,0
DA:251,0
DA:252,0
DA:254,0
DA:255,0
DA:259,0
DA:260,0
DA:263,0
DA:264,0
DA:266,0
DA:272,0
DA:275,0
DA:277,0
DA:278,0
DA:279,0
DA:285,0
DA:287,0
DA:288,0
DA:289,0
DA:290,0
DA:293,0
DA:294,0
DA:295,0
DA:296,0
DA:297,0
DA:301,0
DA:302,0
DA:303,0
DA:305,0
DA:306,0
DA:307,0
DA:308,0
DA:309,0
DA:310,0
DA:311,0
DA:313,0
DA:314,0
DA:318,0
DA:319,0
DA:322,0
DA:323,0
DA:325,0
DA:331,0
DA:335,0
DA:339,0
DA:343,0
DA:348,0
DA:352,0
DA:360,0
DA:364,0
LF:154
LH:35
BRDA:12,0,0,0
BRDA:12,0,1,0
BRDA:12,1,0,0
BRDA:12,1,1,0
BRDA:14,2,0,0
BRDA:14,2,1,0
BRDA:23,3,0,0
BRDA:23,3,1,1
BRDA:36,4,0,0
BRDA:36,4,1,1
BRDA:78,5,0,0
BRDA:78,5,1,0
BRDA:92,6,0,0
BRDA:92,6,1,2
BRDA:92,7,0,2
BRDA:92,7,1,2
BRDA:99,8,0,0
BRDA:99,8,1,2
BRDA:111,9,0,1
BRDA:111,9,1,1
BRDA:125,10,0,0
BRDA:125,10,1,1
BRDA:137,11,0,1
BRDA:137,11,1,0
BRDA:156,12,0,0
BRDA:156,12,1,0
BRDA:156,13,0,0
BRDA:156,13,1,0
BRDA:159,14,0,0
BRDA:159,14,1,0
BRDA:159,15,0,0
BRDA:159,15,1,0
BRDA:164,16,0,0
BRDA:164,16,1,0
BRDA:173,17,0,0
BRDA:173,17,1,0
BRDA:173,17,2,0
BRDA:178,18,0,0
BRDA:178,18,1,0
BRDA:179,19,0,0
BRDA:179,19,1,0
BRDA:186,20,0,0
BRDA:186,20,1,0
BRDA:190,21,0,0
BRDA:190,21,1,0
BRDA:192,22,0,0
BRDA:192,22,1,0
BRDA:192,23,0,0
BRDA:192,23,1,0
BRDA:192,23,2,0
BRDA:216,24,0,0
BRDA:216,24,1,0
BRDA:216,25,0,0
BRDA:216,25,1,0
BRDA:219,26,0,0
BRDA:219,26,1,0
BRDA:219,27,0,0
BRDA:219,27,1,0
BRDA:224,28,0,0
BRDA:224,28,1,0
BRDA:232,29,0,0
BRDA:232,29,1,0
BRDA:237,30,0,0
BRDA:237,30,1,0
BRDA:238,31,0,0
BRDA:238,31,1,0
BRDA:249,32,0,0
BRDA:249,32,1,0
BRDA:251,33,0,0
BRDA:251,33,1,0
BRDA:251,34,0,0
BRDA:251,34,1,0
BRDA:251,34,2,0
BRDA:275,35,0,0
BRDA:275,35,1,0
BRDA:275,36,0,0
BRDA:275,36,1,0
BRDA:278,37,0,0
BRDA:278,37,1,0
BRDA:278,38,0,0
BRDA:278,38,1,0
BRDA:283,39,0,0
BRDA:283,39,1,0
BRDA:290,40,0,0
BRDA:290,40,1,0
BRDA:295,41,0,0
BRDA:295,41,1,0
BRDA:296,42,0,0
BRDA:296,42,1,0
BRDA:307,43,0,0
BRDA:307,43,1,0
BRDA:309,44,0,0
BRDA:309,44,1,0
BRDA:309,45,0,0
BRDA:309,45,1,0
BRDA:309,45,2,0
BRDA:19,46,0,2
BRDA:19,46,1,0
BRDA:19,47,0,2
BRDA:19,47,1,2
BRF:100
BRH:13
end_of_record
TN:
SF:src\settings\dto\ad-settings.dto.ts
FNF:0
FNH:0
DA:1,1
DA:9,1
DA:12,1
DA:16,1
DA:20,1
DA:24,1
DA:28,1
DA:32,1
DA:36,1
DA:40,1
DA:44,1
DA:48,1
DA:52,1
DA:56,1
DA:60,1
LF:15
LH:15
BRF:0
BRH:0
end_of_record
TN:
SF:src\settings\dto\auth-settings.dto.ts
FNF:0
FNH:0
DA:1,1
DA:9,1
DA:12,1
DA:16,1
DA:20,1
DA:24,1
DA:29,1
DA:34,1
DA:38,1
DA:42,1
DA:46,1
DA:50,1
DA:54,1
DA:58,1
DA:62,1
DA:66,1
LF:16
LH:16
BRF:0
BRH:0
end_of_record
TN:
SF:src\settings\dto\department.dto.ts
FNF:0
FNH:0
DA:1,1
DA:3,1
DA:5,1
DA:9,1
DA:12,1
DA:15,1
DA:19,1
LF:7
LH:7
BRF:0
BRH:0
end_of_record
TN:
SF:src\settings\dto\m365-settings.dto.ts
FNF:0
FNH:0
DA:1,1
DA:3,1
DA:6,1
DA:10,1
DA:14,1
DA:18,1
DA:22,1
DA:26,1
DA:30,1
DA:34,1
DA:38,1
LF:11
LH:11
BRF:0
BRH:0
end_of_record
TN:
SF:src\settings\dto\office.dto.ts
FNF:0
FNH:0
DA:1,1
DA:3,1
DA:5,1
DA:9,1
DA:13,1
DA:17,1
DA:21,1
DA:25,1
DA:29,1
DA:32,1
DA:35,1
DA:39,1
DA:43,1
DA:47,1
DA:51,1
DA:55,1
DA:59,1
LF:17
LH:17
BRF:0
BRH:0
end_of_record
TN:
SF:src\smtp\smtp.controller.ts
FN:8,(anonymous_4)
FN:11,(anonymous_5)
FN:16,(anonymous_6)
FN:21,(anonymous_7)
FNF:4
FNH:0
FNDA:0,(anonymous_4)
FNDA:0,(anonymous_5)
FNDA:0,(anonymous_6)
FNDA:0,(anonymous_7)
DA:1,0
DA:2,0
DA:3,0
DA:4,0
DA:7,0
DA:8,0
DA:11,0
DA:12,0
DA:16,0
DA:17,0
DA:21,0
DA:22,0
LF:12
LH:0
BRDA:16,0,0,0
BRDA:16,0,1,0
BRDA:16,1,0,0
BRDA:16,1,1,0
BRDA:21,2,0,0
BRDA:21,2,1,0
BRDA:21,3,0,0
BRDA:21,3,1,0
BRDA:8,4,0,0
BRDA:8,4,1,0
BRDA:8,5,0,0
BRDA:8,5,1,0
BRF:12
BRH:0
end_of_record
TN:
SF:src\smtp\smtp.module.ts
FNF:0
FNH:0
DA:1,0
DA:2,0
DA:3,0
DA:10,0
LF:4
LH:0
BRF:0
BRH:0
end_of_record
TN:
SF:src\smtp\smtp.service.ts
FN:7,(anonymous_2)
FN:9,(anonymous_3)
FN:17,(anonymous_4)
FN:28,(anonymous_5)
FNF:4
FNH:3
FNDA:4,(anonymous_2)
FNDA:1,(anonymous_3)
FNDA:2,(anonymous_4)
FNDA:0,(anonymous_5)
DA:1,1
DA:2,1
DA:6,1
DA:7,4
DA:10,1
DA:18,2
DA:21,2
DA:22,1
DA:25,1
DA:33,0
LF:10
LH:9
BRDA:21,0,0,1
BRDA:21,0,1,1
BRDA:7,1,0,1
BRDA:7,1,1,0
BRDA:7,2,0,1
BRDA:7,2,1,1
BRF:6
BRH:5
end_of_record
TN:
SF:src\smtp\dto\smtp-settings.dto.ts
FNF:0
FNH:0
DA:1,0
DA:12,0
DA:15,0
DA:20,0
DA:24,0
DA:28,0
DA:32,0
DA:36,0
DA:40,0
DA:43,0
DA:46,0
LF:11
LH:0
BRF:0
BRH:0
end_of_record
TN:
SF:src\tenant\tenant.controller.ts
FN:22,(anonymous_4)
FN:25,(anonymous_5)
FN:30,(anonymous_6)
FN:35,(anonymous_7)
FN:40,(anonymous_8)
FN:45,(anonymous_9)
FNF:6
FNH:1
FNDA:1,(anonymous_4)
FNDA:0,(anonymous_5)
FNDA:0,(anonymous_6)
FNDA:0,(anonymous_7)
FNDA:0,(anonymous_8)
FNDA:0,(anonymous_9)
DA:1,1
DA:11,1
DA:12,1
DA:13,1
DA:14,1
DA:15,1
DA:16,1
DA:21,1
DA:22,1
DA:25,1
DA:26,0
DA:30,1
DA:31,0
DA:35,1
DA:36,0
DA:40,1
DA:41,0
DA:45,1
DA:46,0
LF:19
LH:14
BRDA:25,0,0,1
BRDA:25,0,1,0
BRDA:25,1,0,1
BRDA:25,1,1,1
BRDA:40,2,0,1
BRDA:40,2,1,0
BRDA:40,3,0,1
BRDA:40,3,1,1
BRDA:22,4,0,1
BRDA:22,4,1,0
BRDA:22,5,0,1
BRDA:22,5,1,1
BRF:12
BRH:9
end_of_record
TN:
SF:src\tenant\tenant.module.ts
FNF:0
FNH:0
DA:1,0
DA:2,0
DA:3,0
DA:9,0
LF:4
LH:0
BRF:0
BRH:0
end_of_record
TN:
SF:src\tenant\tenant.service.ts
FN:13,(anonymous_2)
FN:15,(anonymous_3)
FN:51,(anonymous_4)
FN:58,(anonymous_5)
FN:70,(anonymous_6)
FN:94,(anonymous_7)
FNF:6
FNH:3
FNDA:5,(anonymous_2)
FNDA:2,(anonymous_3)
FNDA:0,(anonymous_4)
FNDA:2,(anonymous_5)
FNDA:0,(anonymous_6)
FNDA:0,(anonymous_7)
DA:1,2
DA:6,2
DA:9,2
DA:12,2
DA:13,5
DA:16,2
DA:18,2
DA:22,2
DA:23,1
DA:26,1
DA:52,0
DA:59,2
DA:63,2
DA:64,1
DA:67,1
DA:71,0
DA:72,0
DA:75,0
DA:76,0
DA:80,0
DA:81,0
DA:88,0
DA:95,0
DA:97,0
LF:24
LH:14
BRDA:22,0,0,1
BRDA:22,0,1,1
BRDA:63,1,0,1
BRDA:63,1,1,1
BRDA:75,2,0,0
BRDA:75,2,1,0
BRDA:80,3,0,0
BRDA:80,3,1,0
BRDA:13,4,0,2
BRDA:13,4,1,0
BRDA:13,5,0,2
BRDA:13,5,1,2
BRF:12
BRH:7
end_of_record
TN:
SF:src\tenant\dto\create-tenant.dto.ts
FNF:0
FNH:0
DA:1,1
DA:8,1
DA:10,1
DA:13,1
DA:17,1
DA:21,1
DA:25,1
DA:29,1
DA:33,1
DA:37,1
DA:41,1
DA:45,1
DA:49,1
DA:53,1
LF:14
LH:14
BRDA:29,0,0,0
BRDA:29,0,1,1
BRDA:29,1,0,1
BRDA:29,1,1,1
BRF:4
BRH:3
end_of_record
TN:
SF:src\tenant\dto\update-tenant.dto.ts
FNF:0
FNH:0
DA:1,1
DA:2,1
DA:4,1
LF:3
LH:3
BRF:0
BRH:0
end_of_record
TN:
SF:src\user-creation\userCreation.controller.ts
FN:7,(anonymous_4)
FN:10,(anonymous_5)
FN:16,(anonymous_6)
FNF:3
FNH:0
FNDA:0,(anonymous_4)
FNDA:0,(anonymous_5)
FNDA:0,(anonymous_6)
DA:1,0
DA:2,0
DA:3,0
DA:6,0
DA:7,0
DA:10,0
DA:11,0
DA:16,0
DA:17,0
LF:9
LH:0
BRDA:7,0,0,0
BRDA:7,0,1,0
BRDA:7,1,0,0
BRDA:7,1,1,0
BRF:4
BRH:0
end_of_record
TN:
SF:src\user-creation\userCreation.module.ts
FNF:0
FNH:0
DA:1,0
DA:2,0
DA:3,0
DA:9,0
LF:4
LH:0
BRF:0
BRH:0
end_of_record
TN:
SF:src\user-creation\userCreation.service.ts
FN:5,(anonymous_1)
FN:11,(anonymous_2)
FNF:2
FNH:0
FNDA:0,(anonymous_1)
FNDA:0,(anonymous_2)
DA:1,0
DA:4,0
DA:7,0
DA:8,0
DA:13,0
DA:14,0
LF:6
LH:0
BRF:0
BRH:0
end_of_record
TN:
SF:src\users\users.controller.ts
FN:15,(anonymous_4)
FN:18,(anonymous_5)
FN:23,(anonymous_6)
FN:28,(anonymous_7)
FN:33,(anonymous_8)
FN:41,(anonymous_9)
FN:49,(anonymous_10)
FNF:7
FNH:0
FNDA:0,(anonymous_4)
FNDA:0,(anonymous_5)
FNDA:0,(anonymous_6)
FNDA:0,(anonymous_7)
FNDA:0,(anonymous_8)
FNDA:0,(anonymous_9)
FNDA:0,(anonymous_10)
DA:1,0
DA:2,0
DA:3,0
DA:4,0
DA:5,0
DA:6,0
DA:7,0
DA:8,0
DA:14,0
DA:15,0
DA:18,0
DA:19,0
DA:23,0
DA:24,0
DA:28,0
DA:29,0
DA:33,0
DA:37,0
DA:41,0
DA:45,0
DA:49,0
DA:50,0
DA:51,0
LF:23
LH:0
BRDA:35,0,0,0
BRDA:35,0,1,0
BRDA:35,1,0,0
BRDA:35,1,1,0
BRDA:15,2,0,0
BRDA:15,2,1,0
BRDA:15,3,0,0
BRDA:15,3,1,0
BRF:8
BRH:0
end_of_record
TN:
SF:src\users\users.module.ts
FNF:0
FNH:0
DA:1,0
DA:2,0
DA:3,0
DA:4,0
DA:12,0
LF:5
LH:0
BRF:0
BRH:0
end_of_record
TN:
SF:src\users\users.service.ts
FN:10,(anonymous_11)
FN:12,(anonymous_12)
FN:16,(anonymous_13)
FN:54,(anonymous_14)
FN:62,(anonymous_15)
FN:64,(anonymous_16)
FN:74,(anonymous_17)
FN:76,(anonymous_18)
FN:81,(anonymous_19)
FN:88,(anonymous_20)
FN:149,(anonymous_21)
FN:174,(anonymous_22)
FN:186,(anonymous_23)
FN:190,(anonymous_24)
FN:191,(anonymous_25)
FN:208,(anonymous_26)
FN:209,(anonymous_27)
FN:225,(anonymous_28)
FN:237,(anonymous_29)
FN:263,(anonymous_30)
FN:286,(anonymous_31)
FN:333,(anonymous_32)
FN:346,(anonymous_33)
FN:347,(anonymous_34)
FN:358,(anonymous_35)
FN:401,(anonymous_36)
FN:456,(anonymous_37)
FN:476,(anonymous_38)
FNF:28
FNH:0
FNDA:0,(anonymous_11)
FNDA:0,(anonymous_12)
FNDA:0,(anonymous_13)
FNDA:0,(anonymous_14)
FNDA:0,(anonymous_15)
FNDA:0,(anonymous_16)
FNDA:0,(anonymous_17)
FNDA:0,(anonymous_18)
FNDA:0,(anonymous_19)
FNDA:0,(anonymous_20)
FNDA:0,(anonymous_21)
FNDA:0,(anonymous_22)
FNDA:0,(anonymous_23)
FNDA:0,(anonymous_24)
FNDA:0,(anonymous_25)
FNDA:0,(anonymous_26)
FNDA:0,(anonymous_27)
FNDA:0,(anonymous_28)
FNDA:0,(anonymous_29)
FNDA:0,(anonymous_30)
FNDA:0,(anonymous_31)
FNDA:0,(anonymous_32)
FNDA:0,(anonymous_33)
FNDA:0,(anonymous_34)
FNDA:0,(anonymous_35)
FNDA:0,(anonymous_36)
FNDA:0,(anonymous_37)
FNDA:0,(anonymous_38)
DA:1,0
DA:2,0
DA:4,0
DA:5,0
DA:6,0
DA:9,0
DA:10,0
DA:13,0
DA:17,0
DA:18,0
DA:19,0
DA:20,0
DA:21,0
DA:24,0
DA:27,0
DA:50,0
DA:51,0
DA:55,0
DA:56,0
DA:58,0
DA:63,0
DA:64,0
DA:65,0
DA:66,0
DA:68,0
DA:70,0
DA:71,0
DA:75,0
DA:76,0
DA:77,0
DA:78,0
DA:82,0
DA:85,0
DA:90,0
DA:92,0
DA:93,0
DA:94,0
DA:96,0
DA:99,0
DA:100,0
DA:101,0
DA:104,0
DA:107,0
DA:108,0
DA:109,0
DA:110,0
DA:115,0
DA:116,0
DA:117,0
DA:118,0
DA:123,0
DA:124,0
DA:129,0
DA:139,0
DA:142,0
DA:154,0
DA:155,0
DA:159,0
DA:160,0
DA:161,0
DA:164,0
DA:165,0
DA:171,0
DA:172,0
DA:173,0
DA:174,0
DA:176,0
DA:178,0
DA:179,0
DA:186,0
DA:187,0
DA:190,0
DA:191,0
DA:192,0
DA:193,0
DA:194,0
DA:196,0
DA:201,0
DA:202,0
DA:205,0
DA:206,0
DA:208,0
DA:209,0
DA:210,0
DA:211,0
DA:212,0
DA:214,0
DA:219,0
DA:220,0
DA:222,0
DA:223,0
DA:224,0
DA:225,0
DA:226,0
DA:228,0
DA:230,0
DA:233,0
DA:234,0
DA:235,0
DA:236,0
DA:237,0
DA:238,0
DA:240,0
DA:242,0
DA:246,0
DA:247,0
DA:250,0
DA:251,0
DA:254,0
DA:259,0
DA:269,0
DA:275,0
DA:276,0
DA:278,0
DA:279,0
DA:280,0
DA:283,0
DA:291,0
DA:293,0
DA:304,0
DA:320,0
DA:321,0
DA:322,0
DA:326,0
DA:327,0
DA:330,0
DA:339,0
DA:340,0
DA:346,0
DA:347,0
DA:348,0
DA:349,0
DA:351,0
DA:353,0
DA:363,0
DA:364,0
DA:368,0
DA:369,0
DA:370,0
DA:379,0
DA:380,0
DA:382,0
DA:389,0
DA:394,0
DA:396,0
DA:397,0
DA:406,0
DA:412,0
DA:413,0
DA:415,0
DA:416,0
DA:419,0
DA:420,0
DA:421,0
DA:422,0
DA:425,0
DA:427,0
DA:428,0
DA:429,0
DA:432,0
DA:433,0
DA:434,0
DA:437,0
DA:438,0
DA:439,0
DA:448,0
DA:449,0
DA:451,0
DA:452,0
DA:457,0
DA:458,0
DA:460,0
DA:462,0
DA:463,0
DA:464,0
DA:465,0
DA:469,0
DA:473,0
DA:477,0
DA:478,0
DA:479,0
DA:481,0
DA:482,0
DA:485,0
DA:486,0
DA:489,0
DA:490,0
DA:491,0
DA:496,0
DA:497,0
DA:498,0
DA:499,0
DA:500,0
DA:502,0
DA:503,0
DA:505,0
DA:506,0
DA:508,0
DA:509,0
LF:199
LH:0
BRDA:19,0,0,0
BRDA:19,0,1,0
BRDA:65,1,0,0
BRDA:65,1,1,0
BRDA:93,2,0,0
BRDA:93,2,1,0
BRDA:100,3,0,0
BRDA:100,3,1,0
BRDA:107,4,0,0
BRDA:107,4,1,0
BRDA:109,5,0,0
BRDA:109,5,1,0
BRDA:115,6,0,0
BRDA:115,6,1,0
BRDA:117,7,0,0
BRDA:117,7,1,0
BRDA:123,8,0,0
BRDA:123,8,1,0
BRDA:145,9,0,0
BRDA:145,9,1,0
BRDA:155,10,0,0
BRDA:155,10,1,0
BRDA:159,11,0,0
BRDA:159,11,1,0
BRDA:164,12,0,0
BRDA:164,12,1,0
BRDA:164,13,0,0
BRDA:164,13,1,0
BRDA:172,14,0,0
BRDA:172,14,1,0
BRDA:173,15,0,0
BRDA:173,15,1,0
BRDA:191,16,0,0
BRDA:191,16,1,0
BRDA:191,17,0,0
BRDA:191,17,1,0
BRDA:192,18,0,0
BRDA:192,18,1,0
BRDA:201,19,0,0
BRDA:201,19,1,0
BRDA:210,20,0,0
BRDA:210,20,1,0
BRDA:219,21,0,0
BRDA:219,21,1,0
BRDA:223,22,0,0
BRDA:223,22,1,0
BRDA:224,23,0,0
BRDA:224,23,1,0
BRDA:233,24,0,0
BRDA:233,24,1,0
BRDA:233,25,0,0
BRDA:233,25,1,0
BRDA:236,26,0,0
BRDA:236,26,1,0
BRDA:273,27,0,0
BRDA:273,27,1,0
BRDA:273,28,0,0
BRDA:273,28,1,0
BRDA:275,29,0,0
BRDA:275,29,1,0
BRDA:278,30,0,0
BRDA:278,30,1,0
BRDA:278,31,0,0
BRDA:278,31,1,0
BRDA:321,32,0,0
BRDA:321,32,1,0
BRDA:321,33,0,0
BRDA:321,33,1,0
BRDA:321,33,2,0
BRDA:326,34,0,0
BRDA:326,34,1,0
BRDA:326,35,0,0
BRDA:326,35,1,0
BRDA:348,36,0,0
BRDA:348,36,1,0
BRDA:364,37,0,0
BRDA:364,37,1,0
BRDA:368,38,0,0
BRDA:368,38,1,0
BRDA:379,39,0,0
BRDA:379,39,1,0
BRDA:384,40,0,0
BRDA:384,40,1,0
BRDA:390,41,0,0
BRDA:390,41,1,0
BRDA:390,42,0,0
BRDA:390,42,1,0
BRDA:420,43,0,0
BRDA:420,43,1,0
BRDA:427,44,0,0
BRDA:427,44,1,0
BRDA:429,45,0,0
BRDA:429,45,1,0
BRDA:432,46,0,0
BRDA:432,46,1,0
BRDA:434,47,0,0
BRDA:434,47,1,0
BRDA:437,48,0,0
BRDA:437,48,1,0
BRDA:464,49,0,0
BRDA:464,49,1,0
BRDA:481,50,0,0
BRDA:481,50,1,0
BRDA:486,51,0,0
BRDA:486,51,1,0
BRDA:490,52,0,0
BRDA:490,52,1,0
BRDA:490,53,0,0
BRDA:490,53,1,0
BRDA:490,53,2,0
BRDA:498,54,0,0
BRDA:498,54,1,0
BRDA:498,55,0,0
BRDA:498,55,1,0
BRDA:498,55,2,0
BRDA:499,56,0,0
BRDA:499,56,1,0
BRDA:499,57,0,0
BRDA:499,57,1,0
BRDA:502,58,0,0
BRDA:502,58,1,0
BRDA:502,59,0,0
BRDA:502,59,1,0
BRDA:505,60,0,0
BRDA:505,60,1,0
BRDA:505,61,0,0
BRDA:505,61,1,0
BRDA:505,61,2,0
BRDA:508,62,0,0
BRDA:508,62,1,0
BRDA:508,63,0,0
BRDA:508,63,1,0
BRDA:508,63,2,0
BRDA:10,64,0,0
BRDA:10,64,1,0
BRDA:10,65,0,0
BRDA:10,65,1,0
BRF:137
BRH:0
end_of_record
TN:
SF:src\users\dto\create-single-user.dto.ts
FNF:0
FNH:0
DA:1,0
DA:3,0
DA:6,0
DA:10,0
DA:14,0
DA:18,0
DA:22,0
DA:27,0
DA:30,0
DA:33,0
DA:37,0
DA:41,0
DA:46,0
DA:50,0
DA:54,0
DA:58,0
DA:62,0
DA:66,0
DA:70,0
DA:74,0
DA:78,0
DA:82,0
DA:86,0
DA:91,0
DA:95,0
DA:99,0
DA:103,0
DA:107,0
DA:111,0
DA:115,0
DA:119,0
DA:123,0
DA:127,0
DA:132,0
DA:136,0
DA:140,0
DA:144,0
DA:147,0
DA:151,0
LF:39
LH:0
BRF:0
BRH:0
end_of_record
