TN:
SF:src\app.controller.ts
FN:6,(anonymous_2)
FN:9,(anonymous_3)
FNF:2
FNH:2
FNDA:1,(anonymous_2)
FNDA:1,(anonymous_3)
DA:1,1
DA:2,1
DA:5,1
DA:6,1
DA:9,1
DA:10,1
LF:6
LH:6
BRDA:6,0,0,1
BRDA:6,0,1,0
BRDA:6,1,0,1
BRDA:6,1,1,1
BRF:4
BRH:3
end_of_record
TN:
SF:src\app.module.ts
FNF:0
FNH:0
DA:1,0
DA:2,0
DA:3,0
DA:4,0
DA:5,0
DA:6,0
DA:7,0
DA:8,0
DA:9,0
DA:10,0
DA:11,0
DA:12,0
DA:29,0
LF:13
LH:0
BRF:0
BRH:0
end_of_record
TN:
SF:src\app.service.ts
FN:5,(anonymous_1)
FNF:1
FNH:1
FNDA:1,(anonymous_1)
DA:1,1
DA:4,1
DA:6,1
LF:3
LH:3
BRF:0
BRH:0
end_of_record
TN:
SF:src\main.ts
FN:5,bootstrap
FNF:1
FNH:0
FNDA:0,bootstrap
DA:1,0
DA:2,0
DA:3,0
DA:6,0
DA:8,0
DA:16,0
DA:18,0
DA:20,0
LF:8
LH:0
BRDA:18,0,0,0
BRDA:18,0,1,0
BRF:2
BRH:0
end_of_record
TN:
SF:src\tenant.controller.ts
FN:14,(anonymous_4)
FN:17,(anonymous_5)
FN:22,(anonymous_6)
FN:27,(anonymous_7)
FN:32,(anonymous_8)
FN:37,(anonymous_9)
FNF:6
FNH:0
FNDA:0,(anonymous_4)
FNDA:0,(anonymous_5)
FNDA:0,(anonymous_6)
FNDA:0,(anonymous_7)
FNDA:0,(anonymous_8)
FNDA:0,(anonymous_9)
DA:1,0
DA:10,0
DA:13,0
DA:14,0
DA:17,0
DA:18,0
DA:22,0
DA:23,0
DA:27,0
DA:28,0
DA:32,0
DA:33,0
DA:37,0
DA:38,0
LF:14
LH:0
BRDA:14,0,0,0
BRDA:14,0,1,0
BRDA:14,1,0,0
BRDA:14,1,1,0
BRF:4
BRH:0
end_of_record
TN:
SF:src\tenant.module.ts
FNF:0
FNH:0
DA:1,0
DA:2,0
DA:3,0
DA:9,0
LF:4
LH:0
BRF:0
BRH:0
end_of_record
TN:
SF:src\tenant.service.ts
FN:5,(anonymous_1)
FN:9,(anonymous_2)
FN:13,(anonymous_3)
FN:17,(anonymous_4)
FN:21,(anonymous_5)
FNF:5
FNH:0
FNDA:0,(anonymous_1)
FNDA:0,(anonymous_2)
FNDA:0,(anonymous_3)
FNDA:0,(anonymous_4)
FNDA:0,(anonymous_5)
DA:1,0
DA:4,0
DA:6,0
DA:10,0
DA:14,0
DA:18,0
DA:22,0
LF:7
LH:0
BRF:0
BRH:0
end_of_record
TN:
SF:src\audit\audit.interceptor.ts
FN:21,(anonymous_2)
FN:23,(anonymous_3)
FN:34,(anonymous_4)
FNF:3
FNH:1
FNDA:1,(anonymous_2)
FNDA:0,(anonymous_3)
FNDA:0,(anonymous_4)
DA:1,1
DA:9,1
DA:10,1
DA:20,1
DA:21,1
DA:24,0
DA:25,0
DA:26,0
DA:27,0
DA:28,0
DA:29,0
DA:32,0
DA:33,0
DA:36,0
DA:37,0
DA:38,0
DA:54,0
LF:17
LH:5
BRDA:32,0,0,0
BRDA:32,0,1,0
BRDA:36,1,0,0
BRDA:36,1,1,0
BRDA:37,2,0,0
BRDA:37,2,1,0
BRDA:41,3,0,0
BRDA:41,3,1,0
BRDA:21,4,0,1
BRDA:21,4,1,0
BRDA:21,5,0,1
BRDA:21,5,1,1
BRF:12
BRH:3
end_of_record
TN:
SF:src\audit\audit.module.ts
FNF:0
FNH:0
DA:1,0
DA:2,0
DA:3,0
DA:10,0
LF:4
LH:0
BRF:0
BRH:0
end_of_record
TN:
SF:src\audit\audit.service.ts
FN:6,(anonymous_2)
FN:8,(anonymous_3)
FN:21,(anonymous_4)
FNF:3
FNH:3
FNDA:3,(anonymous_2)
FNDA:1,(anonymous_3)
FNDA:1,(anonymous_4)
DA:1,2
DA:2,2
DA:5,2
DA:6,3
DA:16,1
DA:22,1
LF:6
LH:6
BRDA:6,0,0,2
BRDA:6,0,1,0
BRDA:6,1,0,2
BRDA:6,1,1,2
BRF:4
BRH:3
end_of_record
TN:
SF:src\auth\auth.controller.ts
FN:15,(anonymous_4)
FN:21,(anonymous_5)
FN:29,(anonymous_6)
FN:40,(anonymous_7)
FN:48,(anonymous_8)
FN:59,(anonymous_9)
FN:75,(anonymous_10)
FN:84,(anonymous_11)
FN:93,(anonymous_12)
FN:107,(anonymous_13)
FNF:10
FNH:0
FNDA:0,(anonymous_4)
FNDA:0,(anonymous_5)
FNDA:0,(anonymous_6)
FNDA:0,(anonymous_7)
FNDA:0,(anonymous_8)
FNDA:0,(anonymous_9)
FNDA:0,(anonymous_10)
FNDA:0,(anonymous_11)
FNDA:0,(anonymous_12)
FNDA:0,(anonymous_13)
DA:1,0
DA:10,0
DA:11,0
DA:14,0
DA:16,0
DA:17,0
DA:21,0
DA:22,0
DA:23,0
DA:25,0
DA:29,0
DA:30,0
DA:31,0
DA:36,0
DA:40,0
DA:41,0
DA:42,0
DA:44,0
DA:48,0
DA:49,0
DA:50,0
DA:55,0
DA:59,0
DA:62,0
DA:63,0
DA:68,0
DA:75,0
DA:76,0
DA:77,0
DA:79,0
DA:84,0
DA:85,0
DA:86,0
DA:88,0
DA:93,0
DA:94,0
DA:95,0
DA:97,0
DA:98,0
DA:99,0
DA:102,0
DA:107,0
DA:108,0
DA:109,0
DA:111,0
LF:45
LH:0
BRDA:22,0,0,0
BRDA:22,0,1,0
BRDA:30,1,0,0
BRDA:30,1,1,0
BRDA:30,2,0,0
BRDA:30,2,1,0
BRDA:41,3,0,0
BRDA:41,3,1,0
BRDA:49,4,0,0
BRDA:49,4,1,0
BRDA:49,5,0,0
BRDA:49,5,1,0
BRDA:62,6,0,0
BRDA:62,6,1,0
BRDA:62,7,0,0
BRDA:62,7,1,0
BRDA:76,8,0,0
BRDA:76,8,1,0
BRDA:85,9,0,0
BRDA:85,9,1,0
BRDA:85,10,0,0
BRDA:85,10,1,0
BRDA:94,11,0,0
BRDA:94,11,1,0
BRDA:94,12,0,0
BRDA:94,12,1,0
BRDA:98,13,0,0
BRDA:98,13,1,0
BRDA:108,14,0,0
BRDA:108,14,1,0
BRDA:108,15,0,0
BRDA:108,15,1,0
BRDA:16,16,0,0
BRDA:16,16,1,0
BRDA:16,17,0,0
BRDA:16,17,1,0
BRDA:16,18,0,0
BRDA:16,18,1,0
BRDA:16,19,0,0
BRDA:16,19,1,0
BRF:40
BRH:0
end_of_record
TN:
SF:src\auth\auth.module.ts
FNF:0
FNH:0
DA:1,0
DA:2,0
DA:3,0
DA:4,0
DA:5,0
DA:12,0
LF:6
LH:0
BRF:0
BRH:0
end_of_record
TN:
SF:src\auth\auth.service.ts
FN:6,(anonymous_2)
FN:8,(anonymous_3)
FN:78,(anonymous_4)
FN:120,(anonymous_5)
FN:219,(anonymous_6)
FN:235,(anonymous_7)
FN:246,(anonymous_8)
FNF:7
FNH:3
FNDA:4,(anonymous_2)
FNDA:3,(anonymous_3)
FNDA:0,(anonymous_4)
FNDA:1,(anonymous_5)
FNDA:0,(anonymous_6)
FNDA:0,(anonymous_7)
FNDA:0,(anonymous_8)
DA:1,1
DA:2,1
DA:5,1
DA:6,4
DA:10,3
DA:11,2
DA:16,2
DA:33,2
DA:44,1
DA:49,1
DA:50,1
DA:56,0
DA:60,0
DA:66,0
DA:80,0
DA:85,0
DA:88,0
DA:93,0
DA:105,0
DA:107,0
DA:122,1
DA:123,1
DA:124,1
DA:128,1
DA:140,1
DA:141,0
DA:144,1
DA:159,0
DA:160,0
DA:161,0
DA:164,0
DA:168,0
DA:169,0
DA:176,0
DA:180,0
DA:181,0
DA:188,0
DA:189,0
DA:192,0
DA:193,0
DA:197,0
DA:198,0
DA:205,0
DA:220,0
DA:224,0
DA:226,0
DA:236,0
DA:247,0
DA:251,0
DA:253,0
LF:50
LH:17
BRDA:10,0,0,2
BRDA:10,0,1,1
BRDA:49,1,0,1
BRDA:49,1,1,0
BRDA:56,2,0,0
BRDA:56,2,1,0
BRDA:57,3,0,0
BRDA:57,3,1,0
BRDA:73,4,0,0
BRDA:73,4,1,0
BRDA:97,5,0,0
BRDA:97,5,1,0
BRDA:122,6,0,1
BRDA:122,6,1,0
BRDA:140,7,0,0
BRDA:140,7,1,1
BRDA:160,8,0,0
BRDA:160,8,1,0
BRDA:168,9,0,0
BRDA:168,9,1,0
BRDA:180,10,0,0
BRDA:180,10,1,0
BRDA:188,11,0,0
BRDA:188,11,1,0
BRDA:192,12,0,0
BRDA:192,12,1,0
BRDA:197,13,0,0
BRDA:197,13,1,0
BRDA:224,14,0,0
BRDA:224,14,1,0
BRDA:251,15,0,0
BRDA:251,15,1,0
BRDA:6,16,0,1
BRDA:6,16,1,0
BRDA:6,17,0,1
BRDA:6,17,1,1
BRF:36
BRH:8
end_of_record
TN:
SF:src\auth\mfa.service.ts
FN:8,(anonymous_11)
FN:15,(anonymous_12)
FN:42,(anonymous_13)
FN:70,(anonymous_14)
FN:85,(anonymous_15)
FNF:5
FNH:5
FNDA:17,(anonymous_11)
FNDA:3,(anonymous_12)
FNDA:5,(anonymous_13)
FNDA:5,(anonymous_14)
FNDA:4,(anonymous_15)
DA:1,1
DA:2,1
DA:3,1
DA:4,1
DA:7,1
DA:8,17
DA:16,3
DA:17,3
DA:19,2
DA:25,2
DA:30,2
DA:32,2
DA:43,5
DA:44,5
DA:45,2
DA:48,3
DA:55,3
DA:56,1
DA:59,2
DA:64,2
DA:71,5
DA:72,5
DA:74,2
DA:86,4
DA:87,4
DA:88,1
DA:91,3
DA:98,3
DA:99,1
DA:102,2
DA:107,2
LF:31
LH:31
BRDA:17,0,0,1
BRDA:17,0,1,2
BRDA:30,1,0,2
BRDA:30,1,1,0
BRDA:33,2,0,2
BRDA:33,2,1,0
BRDA:44,3,0,2
BRDA:44,3,1,3
BRDA:55,4,0,1
BRDA:55,4,1,2
BRDA:72,5,0,3
BRDA:72,5,1,2
BRDA:72,6,0,5
BRDA:72,6,1,3
BRDA:87,7,0,1
BRDA:87,7,1,3
BRDA:98,8,0,1
BRDA:98,8,1,2
BRDA:8,9,0,1
BRDA:8,9,1,0
BRDA:8,10,0,1
BRDA:8,10,1,1
BRF:22
BRH:19
end_of_record
TN:
SF:src\auth\decorators\roles.decorator.ts
FN:5,(anonymous_0)
FNF:1
FNH:1
FNDA:2,(anonymous_0)
DA:1,2
DA:4,2
DA:5,2
LF:3
LH:3
BRF:0
BRH:0
end_of_record
TN:
SF:src\auth\guards\roles.guard.ts
FN:24,(anonymous_2)
FN:38,(anonymous_3)
FN:85,(anonymous_4)
FNF:3
FNH:1
FNDA:2,(anonymous_2)
FNDA:0,(anonymous_3)
FNDA:0,(anonymous_4)
DA:1,2
DA:7,2
DA:8,2
DA:9,2
DA:10,2
DA:23,2
DA:25,2
DA:26,2
DA:30,2
DA:39,0
DA:44,0
DA:45,0
DA:48,0
DA:49,0
DA:52,0
DA:53,0
DA:54,0
DA:55,0
DA:56,0
DA:57,0
DA:60,0
DA:61,0
DA:66,0
DA:69,0
DA:74,0
DA:75,0
DA:80,0
DA:85,0
DA:86,0
DA:87,0
DA:90,0
DA:91,0
DA:96,0
LF:33
LH:9
BRDA:44,0,0,0
BRDA:44,0,1,0
BRDA:44,1,0,0
BRDA:44,1,1,0
BRDA:52,2,0,0
BRDA:52,2,1,0
BRDA:54,3,0,0
BRDA:54,3,1,0
BRDA:60,4,0,0
BRDA:60,4,1,0
BRDA:74,5,0,0
BRDA:74,5,1,0
BRDA:90,6,0,0
BRDA:90,6,1,0
BRDA:25,7,0,2
BRDA:25,7,1,0
BRDA:25,8,0,2
BRDA:25,8,1,2
BRDA:25,9,0,2
BRDA:25,9,1,0
BRDA:25,10,0,2
BRDA:25,10,1,2
BRF:22
BRH:6
end_of_record
TN:
SF:src\common\decorators\tenant-id.decorator.ts
FN:5,(anonymous_0)
FNF:1
FNH:0
FNDA:0,(anonymous_0)
DA:1,2
DA:4,2
DA:6,0
DA:11,0
LF:4
LH:2
BRDA:11,0,0,0
BRDA:11,0,1,0
BRF:2
BRH:0
end_of_record
TN:
SF:src\dto\create-tenant.dto.ts
FNF:0
FNH:0
DA:1,0
LF:1
LH:0
BRF:0
BRH:0
end_of_record
TN:
SF:src\dto\update-tenant.dto.ts
FNF:0
FNH:0
DA:1,0
DA:2,0
DA:4,0
LF:3
LH:0
BRF:0
BRH:0
end_of_record
TN:
SF:src\email-template\email-template.controller.ts
FN:19,(anonymous_4)
FN:22,(anonymous_5)
FN:27,(anonymous_6)
FN:32,(anonymous_7)
FN:37,(anonymous_8)
FN:46,(anonymous_9)
FNF:6
FNH:0
FNDA:0,(anonymous_4)
FNDA:0,(anonymous_5)
FNDA:0,(anonymous_6)
FNDA:0,(anonymous_7)
FNDA:0,(anonymous_8)
FNDA:0,(anonymous_9)
DA:1,0
DA:10,0
DA:11,0
DA:15,0
DA:18,0
DA:19,0
DA:22,0
DA:23,0
DA:27,0
DA:28,0
DA:32,0
DA:33,0
DA:37,0
DA:42,0
DA:46,0
DA:47,0
LF:16
LH:0
BRDA:22,0,0,0
BRDA:22,0,1,0
BRDA:22,1,0,0
BRDA:22,1,1,0
BRDA:40,2,0,0
BRDA:40,2,1,0
BRDA:40,3,0,0
BRDA:40,3,1,0
BRDA:19,4,0,0
BRDA:19,4,1,0
BRDA:19,5,0,0
BRDA:19,5,1,0
BRF:12
BRH:0
end_of_record
TN:
SF:src\email-template\email-template.module.ts
FNF:0
FNH:0
DA:1,0
DA:2,0
DA:3,0
DA:10,0
LF:4
LH:0
BRF:0
BRH:0
end_of_record
TN:
SF:src\email-template\email-template.service.ts
FN:10,(anonymous_2)
FN:12,(anonymous_3)
FN:18,(anonymous_4)
FN:22,(anonymous_5)
FN:30,(anonymous_6)
FN:38,(anonymous_7)
FNF:6
FNH:0
FNDA:0,(anonymous_2)
FNDA:0,(anonymous_3)
FNDA:0,(anonymous_4)
FNDA:0,(anonymous_5)
FNDA:0,(anonymous_6)
FNDA:0,(anonymous_7)
DA:1,0
DA:2,0
DA:9,0
DA:10,0
DA:13,0
DA:19,0
DA:23,0
DA:26,0
DA:27,0
DA:31,0
DA:32,0
DA:39,0
DA:40,0
LF:13
LH:0
BRDA:26,0,0,0
BRDA:26,0,1,0
BRDA:10,1,0,0
BRDA:10,1,1,0
BRDA:10,2,0,0
BRDA:10,2,1,0
BRF:6
BRH:0
end_of_record
TN:
SF:src\email-template\dto\email-template.dto.ts
FNF:0
FNH:0
DA:1,0
DA:3,0
DA:6,0
DA:10,0
DA:14,0
DA:19,0
DA:22,0
DA:25,0
DA:29,0
DA:33,0
DA:38,0
LF:11
LH:0
BRF:0
BRH:0
end_of_record
TN:
SF:src\entities\tenant.entity.ts
FNF:0
FNH:0
DA:1,0
LF:1
LH:0
BRF:0
BRH:0
end_of_record
TN:
SF:src\prisma\prisma.module.ts
FNF:0
FNH:0
DA:1,0
DA:2,0
DA:9,0
LF:3
LH:0
BRF:0
BRH:0
end_of_record
TN:
SF:src\prisma\prisma.service.ts
FN:9,(anonymous_1)
FN:13,(anonymous_2)
FNF:2
FNH:0
FNDA:0,(anonymous_1)
FNDA:0,(anonymous_2)
DA:1,10
DA:2,10
DA:5,10
DA:10,0
DA:14,0
LF:5
LH:3
BRF:0
BRH:0
end_of_record
TN:
SF:src\rbac\permissions.enum.ts
FN:1,(anonymous_0)
FNF:1
FNH:0
FNDA:0,(anonymous_0)
DA:1,0
DA:2,0
DA:3,0
DA:4,0
DA:5,0
DA:6,0
DA:7,0
DA:8,0
LF:8
LH:0
BRDA:1,0,0,0
BRDA:1,0,1,0
BRF:2
BRH:0
end_of_record
TN:
SF:src\rbac\rbac.controller.ts
FN:8,(anonymous_4)
FN:11,(anonymous_5)
FN:16,(anonymous_6)
FN:21,(anonymous_7)
FNF:4
FNH:1
FNDA:1,(anonymous_4)
FNDA:0,(anonymous_5)
FNDA:0,(anonymous_6)
FNDA:0,(anonymous_7)
DA:1,1
DA:2,1
DA:3,1
DA:4,1
DA:7,1
DA:8,1
DA:11,1
DA:12,0
DA:16,1
DA:17,0
DA:21,1
DA:22,0
LF:12
LH:9
BRDA:11,0,0,1
BRDA:11,0,1,0
BRDA:11,1,0,1
BRDA:11,1,1,1
BRDA:8,2,0,1
BRDA:8,2,1,0
BRDA:8,3,0,1
BRDA:8,3,1,1
BRF:8
BRH:6
end_of_record
TN:
SF:src\rbac\rbac.module.ts
FNF:0
FNH:0
DA:1,0
DA:2,0
DA:3,0
DA:9,0
LF:4
LH:0
BRF:0
BRH:0
end_of_record
TN:
SF:src\rbac\rbac.service.ts
FN:7,(anonymous_2)
FN:9,(anonymous_3)
FN:15,(anonymous_4)
FN:19,(anonymous_5)
FNF:4
FNH:4
FNDA:5,(anonymous_2)
FNDA:1,(anonymous_3)
FNDA:1,(anonymous_4)
FNDA:2,(anonymous_5)
DA:1,2
DA:2,2
DA:6,2
DA:7,5
DA:10,1
DA:16,1
DA:20,2
DA:21,2
DA:22,1
LF:9
LH:9
BRDA:21,0,0,1
BRDA:21,0,1,1
BRDA:7,1,0,2
BRDA:7,1,1,0
BRDA:7,2,0,2
BRDA:7,2,1,2
BRF:6
BRH:5
end_of_record
TN:
SF:src\rbac\dto\create-role.dto.ts
FNF:0
FNH:0
DA:1,1
DA:3,1
DA:6,1
DA:10,1
LF:4
LH:4
BRF:0
BRH:0
end_of_record
TN:
SF:src\settings\settings.controller.ts
FN:29,(anonymous_4)
FN:32,(anonymous_5)
FN:37,(anonymous_6)
FN:42,(anonymous_7)
FN:52,(anonymous_8)
FN:57,(anonymous_9)
FN:62,(anonymous_10)
FN:67,(anonymous_11)
FN:72,(anonymous_12)
FN:77,(anonymous_13)
FN:83,(anonymous_14)
FN:88,(anonymous_15)
FN:93,(anonymous_16)
FN:102,(anonymous_17)
FN:108,(anonymous_18)
FN:113,(anonymous_19)
FN:121,(anonymous_20)
FN:130,(anonymous_21)
FNF:18
FNH:1
FNDA:1,(anonymous_4)
FNDA:0,(anonymous_5)
FNDA:0,(anonymous_6)
FNDA:0,(anonymous_7)
FNDA:0,(anonymous_8)
FNDA:0,(anonymous_9)
FNDA:0,(anonymous_10)
FNDA:0,(anonymous_11)
FNDA:0,(anonymous_12)
FNDA:0,(anonymous_13)
FNDA:0,(anonymous_14)
FNDA:0,(anonymous_15)
FNDA:0,(anonymous_16)
FNDA:0,(anonymous_17)
FNDA:0,(anonymous_18)
FNDA:0,(anonymous_19)
FNDA:0,(anonymous_20)
FNDA:0,(anonymous_21)
DA:1,1
DA:12,1
DA:13,1
DA:14,1
DA:15,1
DA:16,1
DA:17,1
DA:18,1
DA:19,1
DA:20,1
DA:21,1
DA:22,1
DA:28,1
DA:29,1
DA:32,1
DA:33,0
DA:37,1
DA:38,0
DA:42,1
DA:43,0
DA:44,0
DA:46,0
DA:47,0
DA:52,1
DA:53,0
DA:57,1
DA:58,0
DA:62,1
DA:63,0
DA:67,1
DA:68,0
DA:72,1
DA:73,0
DA:77,1
DA:78,0
DA:83,1
DA:84,0
DA:88,1
DA:89,0
DA:93,1
DA:98,0
DA:102,1
DA:103,0
DA:108,1
DA:109,0
DA:113,1
DA:117,0
DA:121,1
DA:126,0
DA:130,1
DA:131,0
LF:51
LH:31
BRDA:37,0,0,1
BRDA:37,0,1,0
BRDA:37,1,0,1
BRDA:37,1,1,1
BRDA:42,2,0,1
BRDA:42,2,1,0
BRDA:42,3,0,1
BRDA:42,3,1,1
BRDA:52,4,0,1
BRDA:52,4,1,0
BRDA:52,5,0,1
BRDA:52,5,1,1
BRDA:62,6,0,1
BRDA:62,6,1,0
BRDA:62,7,0,1
BRDA:62,7,1,1
BRDA:88,8,0,1
BRDA:88,8,1,0
BRDA:88,9,0,1
BRDA:88,9,1,1
BRDA:96,10,0,1
BRDA:96,10,1,0
BRDA:96,11,0,1
BRDA:96,11,1,1
BRDA:115,12,0,1
BRDA:115,12,1,0
BRDA:115,13,0,1
BRDA:115,13,1,1
BRDA:124,14,0,1
BRDA:124,14,1,0
BRDA:124,15,0,1
BRDA:124,15,1,1
BRDA:29,16,0,1
BRDA:29,16,1,0
BRDA:29,17,0,1
BRDA:29,17,1,1
BRF:36
BRH:27
end_of_record
TN:
SF:src\settings\settings.module.ts
FNF:0
FNH:0
DA:1,0
DA:2,0
DA:3,0
DA:9,0
LF:4
LH:0
BRF:0
BRH:0
end_of_record
TN:
SF:src\settings\settings.service.ts
FN:12,(anonymous_11)
FN:14,(anonymous_12)
FN:27,(anonymous_13)
FN:40,(anonymous_14)
FN:46,(anonymous_15)
FN:52,(anonymous_16)
FN:60,(anonymous_17)
FN:76,(anonymous_18)
FN:84,(anonymous_19)
FN:96,(anonymous_20)
FN:101,(anonymous_21)
FN:102,(anonymous_22)
FN:103,(anonymous_23)
FN:116,(anonymous_24)
FN:117,(anonymous_25)
FN:124,(anonymous_26)
FN:125,(anonymous_27)
FN:126,(anonymous_28)
FN:145,(anonymous_29)
FN:159,(anonymous_30)
FN:162,(anonymous_31)
FN:163,(anonymous_32)
FN:164,(anonymous_33)
FN:170,(anonymous_34)
FN:176,(anonymous_35)
FN:177,(anonymous_36)
FN:186,(anonymous_37)
FN:187,(anonymous_38)
FN:189,(anonymous_39)
FN:193,(anonymous_40)
FN:194,(anonymous_41)
FN:198,(anonymous_42)
FN:210,(anonymous_43)
FN:214,(anonymous_44)
FN:218,(anonymous_45)
FN:222,(anonymous_46)
FN:227,(anonymous_47)
FN:231,(anonymous_48)
FN:235,(anonymous_49)
FN:243,(anonymous_50)
FNF:40
FNH:10
FNDA:5,(anonymous_11)
FNDA:1,(anonymous_12)
FNDA:1,(anonymous_13)
FNDA:0,(anonymous_14)
FNDA:0,(anonymous_15)
FNDA:0,(anonymous_16)
FNDA:0,(anonymous_17)
FNDA:0,(anonymous_18)
FNDA:2,(anonymous_19)
FNDA:0,(anonymous_20)
FNDA:2,(anonymous_21)
FNDA:0,(anonymous_22)
FNDA:2,(anonymous_23)
FNDA:1,(anonymous_24)
FNDA:1,(anonymous_25)
FNDA:1,(anonymous_26)
FNDA:0,(anonymous_27)
FNDA:1,(anonymous_28)
FNDA:0,(anonymous_29)
FNDA:0,(anonymous_30)
FNDA:0,(anonymous_31)
FNDA:0,(anonymous_32)
FNDA:0,(anonymous_33)
FNDA:0,(anonymous_34)
FNDA:0,(anonymous_35)
FNDA:0,(anonymous_36)
FNDA:0,(anonymous_37)
FNDA:0,(anonymous_38)
FNDA:0,(anonymous_39)
FNDA:0,(anonymous_40)
FNDA:0,(anonymous_41)
FNDA:0,(anonymous_42)
FNDA:0,(anonymous_43)
FNDA:0,(anonymous_44)
FNDA:0,(anonymous_45)
FNDA:0,(anonymous_46)
FNDA:0,(anonymous_47)
FNDA:0,(anonymous_48)
FNDA:0,(anonymous_49)
FNDA:0,(anonymous_50)
DA:1,2
DA:2,2
DA:3,2
DA:11,2
DA:12,5
DA:15,1
DA:16,1
DA:17,0
DA:22,1
DA:28,1
DA:29,1
DA:30,0
DA:35,1
DA:41,0
DA:47,0
DA:53,0
DA:61,0
DA:71,0
DA:72,0
DA:78,0
DA:85,2
DA:86,2
DA:88,2
DA:96,2
DA:97,0
DA:100,2
DA:101,2
DA:102,2
DA:103,2
DA:104,2
DA:105,1
DA:109,1
DA:111,1
DA:116,1
DA:117,1
DA:118,1
DA:119,0
DA:120,0
DA:123,1
DA:124,1
DA:125,1
DA:126,1
DA:130,1
DA:131,1
DA:133,0
DA:136,1
DA:137,1
DA:139,2
DA:146,0
DA:149,0
DA:151,0
DA:152,0
DA:153,0
DA:159,0
DA:162,0
DA:163,0
DA:164,0
DA:165,0
DA:166,0
DA:170,0
DA:171,0
DA:172,0
DA:175,0
DA:176,0
DA:177,0
DA:178,0
DA:179,0
DA:183,0
DA:184,0
DA:186,0
DA:187,0
DA:188,0
DA:189,0
DA:190,0
DA:191,0
DA:193,0
DA:194,0
DA:198,0
DA:199,0
DA:202,0
DA:203,0
DA:205,0
DA:211,0
DA:215,0
DA:219,0
DA:223,0
DA:228,0
DA:232,0
DA:240,0
DA:244,0
LF:90
LH:35
BRDA:16,0,0,0
BRDA:16,0,1,1
BRDA:29,1,0,0
BRDA:29,1,1,1
BRDA:71,2,0,0
BRDA:71,2,1,0
BRDA:85,3,0,0
BRDA:85,3,1,2
BRDA:85,4,0,2
BRDA:85,4,1,2
BRDA:92,5,0,0
BRDA:92,5,1,2
BRDA:104,6,0,1
BRDA:104,6,1,1
BRDA:118,7,0,0
BRDA:118,7,1,1
BRDA:130,8,0,1
BRDA:130,8,1,0
BRDA:149,9,0,0
BRDA:149,9,1,0
BRDA:149,10,0,0
BRDA:149,10,1,0
BRDA:152,11,0,0
BRDA:152,11,1,0
BRDA:152,12,0,0
BRDA:152,12,1,0
BRDA:157,13,0,0
BRDA:157,13,1,0
BRDA:166,14,0,0
BRDA:166,14,1,0
BRDA:166,14,2,0
BRDA:172,15,0,0
BRDA:172,15,1,0
BRDA:177,16,0,0
BRDA:177,16,1,0
BRDA:178,17,0,0
BRDA:178,17,1,0
BRDA:188,18,0,0
BRDA:188,18,1,0
BRDA:12,19,0,2
BRDA:12,19,1,0
BRDA:12,20,0,2
BRDA:12,20,1,2
BRF:43
BRH:13
end_of_record
TN:
SF:src\settings\dto\ad-settings.dto.ts
FNF:0
FNH:0
DA:1,1
DA:9,1
DA:12,1
DA:16,1
DA:20,1
DA:24,1
DA:28,1
DA:32,1
DA:36,1
DA:40,1
DA:44,1
DA:48,1
DA:52,1
DA:56,1
LF:14
LH:14
BRF:0
BRH:0
end_of_record
TN:
SF:src\settings\dto\auth-settings.dto.ts
FNF:0
FNH:0
DA:1,1
DA:9,1
DA:12,1
DA:16,1
DA:20,1
DA:24,1
DA:29,1
DA:34,1
DA:38,1
DA:42,1
DA:46,1
DA:50,1
DA:54,1
DA:58,1
DA:62,1
DA:66,1
LF:16
LH:16
BRF:0
BRH:0
end_of_record
TN:
SF:src\settings\dto\department.dto.ts
FNF:0
FNH:0
DA:1,1
DA:3,1
DA:5,1
DA:9,1
DA:12,1
DA:15,1
DA:19,1
LF:7
LH:7
BRF:0
BRH:0
end_of_record
TN:
SF:src\settings\dto\m365-settings.dto.ts
FNF:0
FNH:0
DA:1,1
DA:3,1
DA:6,1
DA:10,1
DA:14,1
DA:18,1
DA:22,1
DA:26,1
DA:30,1
DA:34,1
DA:38,1
LF:11
LH:11
BRF:0
BRH:0
end_of_record
TN:
SF:src\settings\dto\office.dto.ts
FNF:0
FNH:0
DA:1,1
DA:3,1
DA:5,1
DA:9,1
DA:13,1
DA:17,1
DA:21,1
DA:25,1
DA:29,1
DA:32,1
DA:35,1
DA:39,1
DA:43,1
DA:47,1
DA:51,1
DA:55,1
DA:59,1
LF:17
LH:17
BRF:0
BRH:0
end_of_record
TN:
SF:src\smtp\smtp.controller.ts
FN:8,(anonymous_4)
FN:11,(anonymous_5)
FN:16,(anonymous_6)
FN:21,(anonymous_7)
FNF:4
FNH:0
FNDA:0,(anonymous_4)
FNDA:0,(anonymous_5)
FNDA:0,(anonymous_6)
FNDA:0,(anonymous_7)
DA:1,0
DA:2,0
DA:3,0
DA:4,0
DA:7,0
DA:8,0
DA:11,0
DA:12,0
DA:16,0
DA:17,0
DA:21,0
DA:22,0
LF:12
LH:0
BRDA:16,0,0,0
BRDA:16,0,1,0
BRDA:16,1,0,0
BRDA:16,1,1,0
BRDA:21,2,0,0
BRDA:21,2,1,0
BRDA:21,3,0,0
BRDA:21,3,1,0
BRDA:8,4,0,0
BRDA:8,4,1,0
BRDA:8,5,0,0
BRDA:8,5,1,0
BRF:12
BRH:0
end_of_record
TN:
SF:src\smtp\smtp.module.ts
FNF:0
FNH:0
DA:1,0
DA:2,0
DA:3,0
DA:10,0
LF:4
LH:0
BRF:0
BRH:0
end_of_record
TN:
SF:src\smtp\smtp.service.ts
FN:7,(anonymous_2)
FN:9,(anonymous_3)
FN:17,(anonymous_4)
FN:28,(anonymous_5)
FNF:4
FNH:3
FNDA:4,(anonymous_2)
FNDA:1,(anonymous_3)
FNDA:2,(anonymous_4)
FNDA:0,(anonymous_5)
DA:1,1
DA:2,1
DA:6,1
DA:7,4
DA:10,1
DA:18,2
DA:21,2
DA:22,1
DA:25,1
DA:33,0
LF:10
LH:9
BRDA:21,0,0,1
BRDA:21,0,1,1
BRDA:7,1,0,1
BRDA:7,1,1,0
BRDA:7,2,0,1
BRDA:7,2,1,1
BRF:6
BRH:5
end_of_record
TN:
SF:src\smtp\dto\smtp-settings.dto.ts
FNF:0
FNH:0
DA:1,0
DA:12,0
DA:15,0
DA:20,0
DA:24,0
DA:28,0
DA:32,0
DA:36,0
DA:40,0
DA:43,0
DA:46,0
LF:11
LH:0
BRF:0
BRH:0
end_of_record
TN:
SF:src\tenant\tenant.controller.ts
FN:22,(anonymous_4)
FN:25,(anonymous_5)
FN:30,(anonymous_6)
FN:35,(anonymous_7)
FN:40,(anonymous_8)
FN:45,(anonymous_9)
FNF:6
FNH:1
FNDA:1,(anonymous_4)
FNDA:0,(anonymous_5)
FNDA:0,(anonymous_6)
FNDA:0,(anonymous_7)
FNDA:0,(anonymous_8)
FNDA:0,(anonymous_9)
DA:1,1
DA:11,1
DA:12,1
DA:13,1
DA:14,1
DA:15,1
DA:16,1
DA:21,1
DA:22,1
DA:25,1
DA:26,0
DA:30,1
DA:31,0
DA:35,1
DA:36,0
DA:40,1
DA:41,0
DA:45,1
DA:46,0
LF:19
LH:14
BRDA:25,0,0,1
BRDA:25,0,1,0
BRDA:25,1,0,1
BRDA:25,1,1,1
BRDA:40,2,0,1
BRDA:40,2,1,0
BRDA:40,3,0,1
BRDA:40,3,1,1
BRDA:22,4,0,1
BRDA:22,4,1,0
BRDA:22,5,0,1
BRDA:22,5,1,1
BRF:12
BRH:9
end_of_record
TN:
SF:src\tenant\tenant.module.ts
FNF:0
FNH:0
DA:1,0
DA:2,0
DA:3,0
DA:9,0
LF:4
LH:0
BRF:0
BRH:0
end_of_record
TN:
SF:src\tenant\tenant.service.ts
FN:13,(anonymous_2)
FN:15,(anonymous_3)
FN:51,(anonymous_4)
FN:58,(anonymous_5)
FN:70,(anonymous_6)
FN:94,(anonymous_7)
FNF:6
FNH:3
FNDA:5,(anonymous_2)
FNDA:2,(anonymous_3)
FNDA:0,(anonymous_4)
FNDA:2,(anonymous_5)
FNDA:0,(anonymous_6)
FNDA:0,(anonymous_7)
DA:1,2
DA:6,2
DA:9,2
DA:12,2
DA:13,5
DA:16,2
DA:18,2
DA:22,2
DA:23,1
DA:26,1
DA:52,0
DA:59,2
DA:63,2
DA:64,1
DA:67,1
DA:71,0
DA:72,0
DA:75,0
DA:76,0
DA:80,0
DA:81,0
DA:88,0
DA:95,0
DA:97,0
LF:24
LH:14
BRDA:22,0,0,1
BRDA:22,0,1,1
BRDA:63,1,0,1
BRDA:63,1,1,1
BRDA:75,2,0,0
BRDA:75,2,1,0
BRDA:80,3,0,0
BRDA:80,3,1,0
BRDA:13,4,0,2
BRDA:13,4,1,0
BRDA:13,5,0,2
BRDA:13,5,1,2
BRF:12
BRH:7
end_of_record
TN:
SF:src\tenant\dto\create-tenant.dto.ts
FNF:0
FNH:0
DA:1,1
DA:8,1
DA:10,1
DA:13,1
DA:17,1
DA:21,1
DA:25,1
DA:29,1
DA:33,1
DA:37,1
DA:41,1
DA:45,1
DA:49,1
DA:53,1
LF:14
LH:14
BRDA:29,0,0,0
BRDA:29,0,1,1
BRDA:29,1,0,1
BRDA:29,1,1,1
BRF:4
BRH:3
end_of_record
TN:
SF:src\tenant\dto\update-tenant.dto.ts
FNF:0
FNH:0
DA:1,1
DA:2,1
DA:4,1
LF:3
LH:3
BRF:0
BRH:0
end_of_record
TN:
SF:src\user-creation\userCreation.controller.ts
FN:7,(anonymous_4)
FN:10,(anonymous_5)
FN:16,(anonymous_6)
FNF:3
FNH:0
FNDA:0,(anonymous_4)
FNDA:0,(anonymous_5)
FNDA:0,(anonymous_6)
DA:1,0
DA:2,0
DA:3,0
DA:6,0
DA:7,0
DA:10,0
DA:11,0
DA:16,0
DA:17,0
LF:9
LH:0
BRDA:7,0,0,0
BRDA:7,0,1,0
BRDA:7,1,0,0
BRDA:7,1,1,0
BRF:4
BRH:0
end_of_record
TN:
SF:src\user-creation\userCreation.module.ts
FNF:0
FNH:0
DA:1,0
DA:2,0
DA:3,0
DA:9,0
LF:4
LH:0
BRF:0
BRH:0
end_of_record
TN:
SF:src\user-creation\userCreation.service.ts
FN:5,(anonymous_1)
FN:11,(anonymous_2)
FNF:2
FNH:0
FNDA:0,(anonymous_1)
FNDA:0,(anonymous_2)
DA:1,0
DA:4,0
DA:7,0
DA:8,0
DA:13,0
DA:14,0
LF:6
LH:0
BRF:0
BRH:0
end_of_record
TN:
SF:src\users\users.controller.ts
FN:15,(anonymous_4)
FN:18,(anonymous_5)
FN:23,(anonymous_6)
FN:28,(anonymous_7)
FN:33,(anonymous_8)
FN:41,(anonymous_9)
FN:49,(anonymous_10)
FNF:7
FNH:0
FNDA:0,(anonymous_4)
FNDA:0,(anonymous_5)
FNDA:0,(anonymous_6)
FNDA:0,(anonymous_7)
FNDA:0,(anonymous_8)
FNDA:0,(anonymous_9)
FNDA:0,(anonymous_10)
DA:1,0
DA:2,0
DA:3,0
DA:4,0
DA:5,0
DA:6,0
DA:7,0
DA:8,0
DA:14,0
DA:15,0
DA:18,0
DA:19,0
DA:23,0
DA:24,0
DA:28,0
DA:29,0
DA:33,0
DA:37,0
DA:41,0
DA:45,0
DA:49,0
DA:50,0
DA:51,0
LF:23
LH:0
BRDA:35,0,0,0
BRDA:35,0,1,0
BRDA:35,1,0,0
BRDA:35,1,1,0
BRDA:15,2,0,0
BRDA:15,2,1,0
BRDA:15,3,0,0
BRDA:15,3,1,0
BRF:8
BRH:0
end_of_record
TN:
SF:src\users\users.module.ts
FNF:0
FNH:0
DA:1,0
DA:2,0
DA:3,0
DA:4,0
DA:12,0
LF:5
LH:0
BRF:0
BRH:0
end_of_record
TN:
SF:src\users\users.service.ts
FN:10,(anonymous_11)
FN:12,(anonymous_12)
FN:16,(anonymous_13)
FN:54,(anonymous_14)
FN:62,(anonymous_15)
FN:64,(anonymous_16)
FN:74,(anonymous_17)
FN:76,(anonymous_18)
FN:81,(anonymous_19)
FN:88,(anonymous_20)
FN:149,(anonymous_21)
FN:174,(anonymous_22)
FN:186,(anonymous_23)
FN:190,(anonymous_24)
FN:191,(anonymous_25)
FN:208,(anonymous_26)
FN:209,(anonymous_27)
FN:225,(anonymous_28)
FN:250,(anonymous_29)
FN:268,(anonymous_30)
FN:314,(anonymous_31)
FN:327,(anonymous_32)
FN:328,(anonymous_33)
FN:339,(anonymous_34)
FN:382,(anonymous_35)
FN:437,(anonymous_36)
FN:457,(anonymous_37)
FNF:27
FNH:0
FNDA:0,(anonymous_11)
FNDA:0,(anonymous_12)
FNDA:0,(anonymous_13)
FNDA:0,(anonymous_14)
FNDA:0,(anonymous_15)
FNDA:0,(anonymous_16)
FNDA:0,(anonymous_17)
FNDA:0,(anonymous_18)
FNDA:0,(anonymous_19)
FNDA:0,(anonymous_20)
FNDA:0,(anonymous_21)
FNDA:0,(anonymous_22)
FNDA:0,(anonymous_23)
FNDA:0,(anonymous_24)
FNDA:0,(anonymous_25)
FNDA:0,(anonymous_26)
FNDA:0,(anonymous_27)
FNDA:0,(anonymous_28)
FNDA:0,(anonymous_29)
FNDA:0,(anonymous_30)
FNDA:0,(anonymous_31)
FNDA:0,(anonymous_32)
FNDA:0,(anonymous_33)
FNDA:0,(anonymous_34)
FNDA:0,(anonymous_35)
FNDA:0,(anonymous_36)
FNDA:0,(anonymous_37)
DA:1,0
DA:2,0
DA:4,0
DA:5,0
DA:6,0
DA:9,0
DA:10,0
DA:13,0
DA:17,0
DA:18,0
DA:19,0
DA:20,0
DA:21,0
DA:24,0
DA:27,0
DA:50,0
DA:51,0
DA:55,0
DA:56,0
DA:58,0
DA:63,0
DA:64,0
DA:65,0
DA:66,0
DA:68,0
DA:70,0
DA:71,0
DA:75,0
DA:76,0
DA:77,0
DA:78,0
DA:82,0
DA:85,0
DA:90,0
DA:92,0
DA:93,0
DA:94,0
DA:96,0
DA:99,0
DA:100,0
DA:101,0
DA:104,0
DA:107,0
DA:108,0
DA:109,0
DA:110,0
DA:115,0
DA:116,0
DA:117,0
DA:118,0
DA:123,0
DA:124,0
DA:129,0
DA:139,0
DA:142,0
DA:154,0
DA:155,0
DA:159,0
DA:160,0
DA:161,0
DA:164,0
DA:165,0
DA:171,0
DA:172,0
DA:173,0
DA:174,0
DA:176,0
DA:178,0
DA:179,0
DA:186,0
DA:187,0
DA:190,0
DA:191,0
DA:192,0
DA:193,0
DA:194,0
DA:196,0
DA:201,0
DA:202,0
DA:205,0
DA:206,0
DA:208,0
DA:209,0
DA:210,0
DA:211,0
DA:212,0
DA:214,0
DA:219,0
DA:220,0
DA:222,0
DA:223,0
DA:224,0
DA:225,0
DA:226,0
DA:228,0
DA:230,0
DA:233,0
DA:234,0
DA:237,0
DA:238,0
DA:241,0
DA:246,0
DA:256,0
DA:262,0
DA:263,0
DA:265,0
DA:273,0
DA:275,0
DA:286,0
DA:301,0
DA:302,0
DA:303,0
DA:307,0
DA:308,0
DA:311,0
DA:320,0
DA:321,0
DA:327,0
DA:328,0
DA:329,0
DA:330,0
DA:332,0
DA:334,0
DA:344,0
DA:345,0
DA:349,0
DA:350,0
DA:351,0
DA:360,0
DA:361,0
DA:363,0
DA:370,0
DA:375,0
DA:377,0
DA:378,0
DA:387,0
DA:393,0
DA:394,0
DA:396,0
DA:397,0
DA:400,0
DA:401,0
DA:402,0
DA:403,0
DA:406,0
DA:408,0
DA:409,0
DA:410,0
DA:413,0
DA:414,0
DA:415,0
DA:418,0
DA:419,0
DA:420,0
DA:429,0
DA:430,0
DA:432,0
DA:433,0
DA:438,0
DA:439,0
DA:441,0
DA:443,0
DA:444,0
DA:445,0
DA:446,0
DA:450,0
DA:454,0
DA:458,0
DA:459,0
DA:460,0
DA:462,0
DA:463,0
DA:466,0
DA:467,0
DA:470,0
DA:471,0
DA:472,0
DA:477,0
DA:478,0
DA:479,0
DA:480,0
DA:481,0
DA:483,0
DA:484,0
DA:486,0
DA:487,0
DA:489,0
DA:490,0
LF:188
LH:0
BRDA:19,0,0,0
BRDA:19,0,1,0
BRDA:65,1,0,0
BRDA:65,1,1,0
BRDA:93,2,0,0
BRDA:93,2,1,0
BRDA:100,3,0,0
BRDA:100,3,1,0
BRDA:107,4,0,0
BRDA:107,4,1,0
BRDA:109,5,0,0
BRDA:109,5,1,0
BRDA:115,6,0,0
BRDA:115,6,1,0
BRDA:117,7,0,0
BRDA:117,7,1,0
BRDA:123,8,0,0
BRDA:123,8,1,0
BRDA:145,9,0,0
BRDA:145,9,1,0
BRDA:155,10,0,0
BRDA:155,10,1,0
BRDA:159,11,0,0
BRDA:159,11,1,0
BRDA:164,12,0,0
BRDA:164,12,1,0
BRDA:164,13,0,0
BRDA:164,13,1,0
BRDA:172,14,0,0
BRDA:172,14,1,0
BRDA:173,15,0,0
BRDA:173,15,1,0
BRDA:191,16,0,0
BRDA:191,16,1,0
BRDA:191,17,0,0
BRDA:191,17,1,0
BRDA:192,18,0,0
BRDA:192,18,1,0
BRDA:201,19,0,0
BRDA:201,19,1,0
BRDA:210,20,0,0
BRDA:210,20,1,0
BRDA:219,21,0,0
BRDA:219,21,1,0
BRDA:223,22,0,0
BRDA:223,22,1,0
BRDA:224,23,0,0
BRDA:224,23,1,0
BRDA:260,24,0,0
BRDA:260,24,1,0
BRDA:260,25,0,0
BRDA:260,25,1,0
BRDA:262,26,0,0
BRDA:262,26,1,0
BRDA:273,27,0,0
BRDA:273,27,1,0
BRDA:273,28,0,0
BRDA:273,28,1,0
BRDA:302,29,0,0
BRDA:302,29,1,0
BRDA:302,30,0,0
BRDA:302,30,1,0
BRDA:302,30,2,0
BRDA:307,31,0,0
BRDA:307,31,1,0
BRDA:307,32,0,0
BRDA:307,32,1,0
BRDA:329,33,0,0
BRDA:329,33,1,0
BRDA:345,34,0,0
BRDA:345,34,1,0
BRDA:349,35,0,0
BRDA:349,35,1,0
BRDA:360,36,0,0
BRDA:360,36,1,0
BRDA:365,37,0,0
BRDA:365,37,1,0
BRDA:371,38,0,0
BRDA:371,38,1,0
BRDA:371,39,0,0
BRDA:371,39,1,0
BRDA:401,40,0,0
BRDA:401,40,1,0
BRDA:408,41,0,0
BRDA:408,41,1,0
BRDA:410,42,0,0
BRDA:410,42,1,0
BRDA:413,43,0,0
BRDA:413,43,1,0
BRDA:415,44,0,0
BRDA:415,44,1,0
BRDA:418,45,0,0
BRDA:418,45,1,0
BRDA:445,46,0,0
BRDA:445,46,1,0
BRDA:462,47,0,0
BRDA:462,47,1,0
BRDA:467,48,0,0
BRDA:467,48,1,0
BRDA:471,49,0,0
BRDA:471,49,1,0
BRDA:471,50,0,0
BRDA:471,50,1,0
BRDA:471,50,2,0
BRDA:479,51,0,0
BRDA:479,51,1,0
BRDA:479,52,0,0
BRDA:479,52,1,0
BRDA:479,52,2,0
BRDA:480,53,0,0
BRDA:480,53,1,0
BRDA:480,54,0,0
BRDA:480,54,1,0
BRDA:483,55,0,0
BRDA:483,55,1,0
BRDA:483,56,0,0
BRDA:483,56,1,0
BRDA:486,57,0,0
BRDA:486,57,1,0
BRDA:486,58,0,0
BRDA:486,58,1,0
BRDA:486,58,2,0
BRDA:489,59,0,0
BRDA:489,59,1,0
BRDA:489,60,0,0
BRDA:489,60,1,0
BRDA:489,60,2,0
BRDA:10,61,0,0
BRDA:10,61,1,0
BRDA:10,62,0,0
BRDA:10,62,1,0
BRF:131
BRH:0
end_of_record
TN:
SF:src\users\dto\create-single-user.dto.ts
FNF:0
FNH:0
DA:1,0
DA:3,0
DA:6,0
DA:10,0
DA:14,0
DA:18,0
DA:22,0
DA:27,0
DA:30,0
DA:33,0
DA:37,0
DA:41,0
DA:46,0
DA:50,0
DA:54,0
DA:58,0
DA:62,0
DA:66,0
DA:70,0
DA:74,0
DA:78,0
DA:82,0
DA:86,0
DA:91,0
DA:95,0
DA:99,0
DA:103,0
DA:107,0
LF:28
LH:0
BRF:0
BRH:0
end_of_record
